
[1m[46m RUN [49m[22m [36mv4.0.15 [39m[90mC:/Users/dmedl/Projects/MathFlow[39m
      [2mCoverage enabled with [22m[33mv8[39m

 [32mΓ£ô[39m src/domain/skills/grade6/rp.test.ts [2m([22m[2m20 tests[22m[2m)[22m[32m 7[2mms[22m[39m

[2m Test Files [22m [1m[32m1 passed[39m[22m[90m (1)[39m
[2m      Tests [22m [1m[32m20 passed[39m[22m[90m (20)[39m
[2m   Start at [22m 19:07:26
[2m   Duration [22m 495ms[2m (transform 92ms, setup 153ms, import 81ms, tests 7ms, environment 0ms)[22m

[34m % [39m[2mCoverage report from [22m[33mv8[39m
TN:
SF:src\domain\math-utils.ts
FN:3,gcd
FN:7,getFactors
FN:16,randomInt
FN:25,(anonymous_3)
FN:55,checkAnswer
FN:71,(anonymous_5)
FNF:6
FNH:2
FNDA:0,gcd
FNDA:0,getFactors
FNDA:65,randomInt
FNDA:24,(anonymous_3)
FNDA:0,checkAnswer
FNDA:0,(anonymous_5)
DA:4,0
DA:8,0
DA:9,0
DA:10,0
DA:12,0
DA:21,65
DA:25,1
DA:28,24
DA:59,0
DA:61,0
DA:62,0
DA:65,0
DA:68,0
DA:69,0
DA:71,0
DA:74,0
DA:79,0
DA:80,0
DA:81,0
DA:82,0
DA:84,0
DA:89,0
DA:90,0
DA:91,0
DA:96,0
LF:25
LH:3
BRDA:4,0,0,0
BRDA:4,0,1,0
BRDA:10,1,0,0
BRDA:10,1,1,0
BRDA:19,2,0,65
BRDA:32,3,0,24
BRDA:32,3,1,0
BRDA:59,4,0,0
BRDA:59,4,1,0
BRDA:65,5,0,0
BRDA:65,5,1,0
BRDA:68,6,0,0
BRDA:68,6,1,0
BRDA:69,7,0,0
BRDA:69,7,1,0
BRDA:80,8,0,0
BRDA:80,8,1,0
BRDA:80,9,0,0
BRDA:80,9,1,0
BRDA:84,10,0,0
BRDA:84,10,1,0
BRDA:84,11,0,0
BRDA:84,11,1,0
BRDA:89,12,0,0
BRDA:89,12,1,0
BRDA:90,13,0,0
BRDA:90,13,1,0
BRF:27
BRH:2
end_of_record
TN:
SF:src\domain\test-utils.ts
FN:2,(anonymous_0)
FN:4,(anonymous_1)
FNF:2
FNH:2
FNDA:19,(anonymous_0)
FNDA:70,(anonymous_1)
DA:2,1
DA:3,19
DA:4,19
DA:5,70
DA:7,0
DA:9,70
LF:6
LH:5
BRDA:5,0,0,0
BRDA:5,0,1,70
BRF:2
BRH:1
end_of_record
TN:
SF:src\domain\skills\grade6\rp.ts
FN:7,(anonymous_0)
FN:29,(anonymous_1)
FN:158,(anonymous_2)
FN:259,(anonymous_3)
FN:349,(anonymous_4)
FN:448,(anonymous_5)
FNF:6
FNH:6
FNDA:3,(anonymous_0)
FNDA:6,(anonymous_1)
FNDA:4,(anonymous_2)
FNDA:4,(anonymous_3)
FNDA:3,(anonymous_4)
FNDA:7,(anonymous_5)
DA:7,1
DA:8,3
DA:15,1
DA:26,1
DA:33,6
DA:35,6
DA:36,5
DA:37,5
DA:38,5
DA:48,5
DA:49,5
DA:51,5
DA:52,5
DA:53,5
DA:54,5
DA:55,5
DA:57,5
DA:91,1
DA:92,1
DA:93,1
DA:99,1
DA:100,1
DA:102,1
DA:143,1
DA:155,1
DA:160,4
DA:162,4
DA:163,3
DA:164,3
DA:166,3
DA:168,3
DA:208,1
DA:209,1
DA:210,1
DA:212,1
DA:244,1
DA:256,1
DA:262,4
DA:264,4
DA:265,2
DA:266,2
DA:267,2
DA:269,2
DA:297,2
DA:298,2
DA:299,2
DA:301,2
DA:335,1
DA:346,1
DA:350,3
DA:351,3
DA:352,3
DA:353,3
DA:360,3
DA:362,3
DA:363,2
DA:364,2
DA:365,2
DA:395,1
DA:396,1
DA:397,1
DA:434,1
DA:445,1
DA:450,7
DA:458,7
DA:463,7
DA:464,7
DA:466,7
LF:68
LH:68
BRDA:33,0,0,5
BRDA:33,0,1,1
BRDA:33,1,0,6
BRDA:33,1,1,1
BRDA:35,2,0,5
BRDA:35,2,1,1
BRDA:51,3,0,5
BRDA:51,3,1,1
BRDA:52,4,0,2
BRDA:52,4,1,3
BRDA:53,5,0,2
BRDA:53,5,1,3
BRDA:54,6,0,2
BRDA:54,6,1,3
BRDA:55,7,0,2
BRDA:55,7,1,3
BRDA:160,8,0,3
BRDA:160,8,1,1
BRDA:160,9,0,4
BRDA:160,9,1,1
BRDA:162,10,0,3
BRDA:162,10,1,1
BRDA:165,11,0,2
BRDA:165,11,1,1
BRDA:165,12,0,3
BRDA:165,12,1,1
BRDA:262,13,0,2
BRDA:262,13,1,2
BRDA:262,14,0,4
BRDA:262,14,1,1
BRDA:264,15,0,2
BRDA:264,15,1,2
BRDA:360,16,0,2
BRDA:360,16,1,1
BRDA:360,17,0,3
BRDA:360,17,1,1
BRDA:362,18,0,2
BRDA:362,18,1,1
BRF:38
BRH:38
end_of_record
