<?xml version="1.0" encoding="UTF-8"?>
<coverage generated="1765695994647" clover="3.2.0">
  <project timestamp="1765695994647" name="All files">
    <metrics statements="95" coveredstatements="95" conditionals="38" coveredconditionals="38" methods="20" coveredmethods="20" elements="153" coveredelements="153" complexity="0" loc="95" ncloc="95" packages="4" files="4" classes="4"/>
    <package name="domain.generator">
      <metrics statements="8" coveredstatements="8" conditionals="2" coveredconditionals="2" methods="3" coveredmethods="3"/>
      <file name="engine.ts" path="C:\Users\dmedl\Projects\MathFlow\src\domain\generator\engine.ts">
        <metrics statements="8" coveredstatements="8" conditionals="2" coveredconditionals="2" methods="3" coveredmethods="3"/>
        <line num="4" count="4" type="stmt"/>
        <line num="7" count="8" type="stmt"/>
        <line num="11" count="3" type="stmt"/>
        <line num="15" count="15" type="stmt"/>
        <line num="16" count="15" type="cond" truecount="2" falsecount="0"/>
        <line num="17" count="2" type="stmt"/>
        <line num="19" count="13" type="stmt"/>
        <line num="23" count="4" type="stmt"/>
      </file>
    </package>
    <package name="domain.learner">
      <metrics statements="55" coveredstatements="55" conditionals="28" coveredconditionals="28" methods="9" coveredmethods="9"/>
      <file name="state.ts" path="C:\Users\dmedl\Projects\MathFlow\src\domain\learner\state.ts">
        <metrics statements="55" coveredstatements="55" conditionals="28" coveredconditionals="28" methods="9" coveredmethods="9"/>
        <line num="6" count="3" type="stmt"/>
        <line num="9" count="5" type="stmt"/>
        <line num="14" count="5" type="stmt"/>
        <line num="15" count="10" type="stmt"/>
        <line num="22" count="5" type="stmt"/>
        <line num="26" count="10" type="stmt"/>
        <line num="28" count="10" type="cond" truecount="2" falsecount="0"/>
        <line num="30" count="2" type="stmt"/>
        <line num="38" count="10" type="stmt"/>
        <line num="42" count="10" type="stmt"/>
        <line num="46" count="10" type="stmt"/>
        <line num="47" count="10" type="stmt"/>
        <line num="48" count="10" type="stmt"/>
        <line num="50" count="10" type="stmt"/>
        <line num="52" count="10" type="cond" truecount="2" falsecount="0"/>
        <line num="54" count="7" type="stmt"/>
        <line num="55" count="7" type="stmt"/>
        <line num="56" count="7" type="stmt"/>
        <line num="59" count="3" type="stmt"/>
        <line num="60" count="3" type="stmt"/>
        <line num="61" count="3" type="stmt"/>
        <line num="65" count="10" type="stmt"/>
        <line num="68" count="10" type="stmt"/>
        <line num="70" count="10" type="stmt"/>
        <line num="72" count="10" type="stmt"/>
        <line num="74" count="10" type="stmt"/>
        <line num="78" count="17" type="stmt"/>
        <line num="79" count="17" type="stmt"/>
        <line num="81" count="34" type="cond" truecount="2" falsecount="0"/>
        <line num="87" count="34" type="stmt"/>
        <line num="92" count="17" type="stmt"/>
        <line num="93" count="34" type="cond" truecount="2" falsecount="0"/>
        <line num="94" count="5" type="stmt"/>
        <line num="95" count="5" type="stmt"/>
        <line num="96" count="5" type="stmt"/>
        <line num="101" count="17" type="stmt"/>
        <line num="102" count="34" type="cond" truecount="2" falsecount="0"/>
        <line num="105" count="29" type="cond" truecount="2" falsecount="0"/>
        <line num="106" count="16" type="stmt"/>
        <line num="107" count="16" type="stmt"/>
        <line num="108" count="16" type="cond" truecount="2" falsecount="0"/>
        <line num="110" count="16" type="cond" truecount="2" falsecount="0"/>
        <line num="112" count="17" type="stmt"/>
        <line num="117" count="17" type="stmt"/>
        <line num="119" count="17" type="cond" truecount="4" falsecount="0"/>
        <line num="121" count="1" type="stmt"/>
        <line num="122" count="16" type="cond" truecount="2" falsecount="0"/>
        <line num="124" count="15" type="stmt"/>
        <line num="127" count="1" type="stmt"/>
        <line num="131" count="17" type="stmt"/>
        <line num="132" count="17" type="cond" truecount="2" falsecount="0"/>
        <line num="135" count="17" type="cond" truecount="4" falsecount="0"/>
        <line num="136" count="2" type="stmt"/>
        <line num="140" count="17" type="stmt"/>
        <line num="141" count="17" type="stmt"/>
      </file>
    </package>
    <package name="domain.skills">
      <metrics statements="29" coveredstatements="29" conditionals="6" coveredconditionals="6" methods="5" coveredmethods="5"/>
      <file name="grade4-fractions.ts" path="C:\Users\dmedl\Projects\MathFlow\src\domain\skills\grade4-fractions.ts">
        <metrics statements="29" coveredstatements="29" conditionals="6" coveredconditionals="6" methods="5" coveredmethods="5"/>
        <line num="4" count="4" type="stmt"/>
        <line num="15" count="51" type="stmt"/>
        <line num="17" count="4" type="stmt"/>
        <line num="24" count="14" type="stmt"/>
        <line num="25" count="14" type="stmt"/>
        <line num="27" count="14" type="stmt"/>
        <line num="28" count="14" type="cond" truecount="2" falsecount="0"/>
        <line num="29" count="1" type="stmt"/>
        <line num="31" count="13" type="stmt"/>
        <line num="34" count="14" type="stmt"/>
        <line num="35" count="14" type="stmt"/>
        <line num="37" count="14" type="stmt"/>
        <line num="61" count="2" type="stmt"/>
        <line num="62" count="2" type="stmt"/>
        <line num="63" count="2" type="cond" truecount="2" falsecount="0"/>
        <line num="64" count="1" type="stmt"/>
        <line num="66" count="1" type="stmt"/>
        <line num="74" count="4" type="stmt"/>
        <line num="76" count="4" type="stmt"/>
        <line num="86" count="4" type="stmt"/>
        <line num="91" count="3" type="stmt"/>
        <line num="92" count="3" type="stmt"/>
        <line num="93" count="3" type="stmt"/>
        <line num="95" count="3" type="stmt"/>
        <line num="97" count="3" type="stmt"/>
        <line num="121" count="2" type="cond" truecount="2" falsecount="0"/>
        <line num="122" count="1" type="stmt"/>
        <line num="124" count="1" type="stmt"/>
        <line num="131" count="4" type="stmt"/>
      </file>
    </package>
    <package name="test">
      <metrics statements="3" coveredstatements="3" conditionals="2" coveredconditionals="2" methods="3" coveredmethods="3"/>
      <file name="testHelpers.ts" path="C:\Users\dmedl\Projects\MathFlow\src\test\testHelpers.ts">
        <metrics statements="3" coveredstatements="3" conditionals="2" coveredconditionals="2" methods="3" coveredmethods="3"/>
        <line num="3" count="10" type="cond" truecount="1" falsecount="0"/>
        <line num="9" count="12" type="cond" truecount="1" falsecount="0"/>
        <line num="20" count="1" type="stmt"/>
      </file>
    </package>
  </project>
</coverage>
