<?xml version="1.0" encoding="UTF-8"?>
<coverage generated="1765937498134" clover="3.2.0">
  <project timestamp="1765937498134" name="All files">
    <metrics statements="1672" coveredstatements="1461" conditionals="897" coveredconditionals="596" methods="193" coveredmethods="185" elements="2762" coveredelements="2242" complexity="0" loc="1672" ncloc="1672" packages="9" files="25" classes="25"/>
    <package name="server.src.factory">
      <metrics statements="23" coveredstatements="23" conditionals="7" coveredconditionals="7" methods="2" coveredmethods="2"/>
      <file name="pipeline.ts" path="C:\Users\dmedl\Projects\MathFlow\server\src\factory\pipeline.ts">
        <metrics statements="23" coveredstatements="23" conditionals="7" coveredconditionals="7" methods="2" coveredmethods="2"/>
        <line num="11" count="3" type="stmt"/>
        <line num="12" count="3" type="stmt"/>
        <line num="13" count="3" type="stmt"/>
        <line num="14" count="3" type="stmt"/>
        <line num="15" count="3" type="cond" truecount="1" falsecount="0"/>
        <line num="22" count="3" type="stmt"/>
        <line num="25" count="3" type="stmt"/>
        <line num="26" count="4" type="stmt"/>
        <line num="29" count="4" type="stmt"/>
        <line num="32" count="4" type="stmt"/>
        <line num="35" count="4" type="stmt"/>
        <line num="38" count="4" type="stmt"/>
        <line num="43" count="4" type="cond" truecount="2" falsecount="0"/>
        <line num="44" count="1" type="stmt"/>
        <line num="45" count="1" type="stmt"/>
        <line num="53" count="4" type="cond" truecount="2" falsecount="0"/>
        <line num="55" count="4" type="cond" truecount="2" falsecount="0"/>
        <line num="57" count="2" type="stmt"/>
        <line num="71" count="2" type="stmt"/>
        <line num="77" count="2" type="stmt"/>
        <line num="78" count="2" type="stmt"/>
        <line num="80" count="2" type="stmt"/>
        <line num="87" count="1" type="stmt"/>
      </file>
    </package>
    <package name="server.src.factory.generators">
      <metrics statements="11" coveredstatements="11" conditionals="9" coveredconditionals="9" methods="4" coveredmethods="4"/>
      <file name="fractions.ts" path="C:\Users\dmedl\Projects\MathFlow\server\src\factory\generators\fractions.ts">
        <metrics statements="11" coveredstatements="11" conditionals="9" coveredconditionals="9" methods="4" coveredmethods="4"/>
        <line num="19" count="3" type="stmt"/>
        <line num="23" count="4" type="stmt"/>
        <line num="26" count="4" type="stmt"/>
        <line num="57" count="3" type="stmt"/>
        <line num="59" count="3" type="cond" truecount="1" falsecount="0"/>
        <line num="65" count="4" type="stmt"/>
        <line num="82" count="3" type="stmt"/>
        <line num="88" count="4" type="stmt"/>
        <line num="89" count="4" type="cond" truecount="2" falsecount="0"/>
        <line num="90" count="2" type="stmt"/>
        <line num="96" count="2" type="stmt"/>
      </file>
    </package>
    <package name="server.src.middleware">
      <metrics statements="28" coveredstatements="28" conditionals="12" coveredconditionals="11" methods="6" coveredmethods="5"/>
      <file name="rateLimit.ts" path="C:\Users\dmedl\Projects\MathFlow\server\src\middleware\rateLimit.ts">
        <metrics statements="28" coveredstatements="28" conditionals="12" coveredconditionals="11" methods="6" coveredmethods="5"/>
        <line num="8" count="1" type="stmt"/>
        <line num="9" count="1" type="stmt"/>
        <line num="12" count="7" type="stmt"/>
        <line num="15" count="7" type="cond" truecount="1" falsecount="0"/>
        <line num="16" count="7" type="stmt"/>
        <line num="17" count="7" type="stmt"/>
        <line num="21" count="1" type="stmt"/>
        <line num="22" count="1" type="stmt"/>
        <line num="23" count="1" type="cond" truecount="1" falsecount="1"/>
        <line num="24" count="1" type="stmt"/>
        <line num="31" count="6" type="stmt"/>
        <line num="34" count="206" type="stmt"/>
        <line num="36" count="206" type="cond" truecount="3" falsecount="0"/>
        <line num="37" count="206" type="stmt"/>
        <line num="39" count="206" type="stmt"/>
        <line num="41" count="206" type="cond" truecount="2" falsecount="0"/>
        <line num="42" count="6" type="stmt"/>
        <line num="43" count="6" type="stmt"/>
        <line num="46" count="200" type="cond" truecount="2" falsecount="0"/>
        <line num="47" count="1" type="stmt"/>
        <line num="48" count="1" type="stmt"/>
        <line num="52" count="206" type="cond" truecount="2" falsecount="0"/>
        <line num="53" count="205" type="stmt"/>
        <line num="54" count="205" type="stmt"/>
        <line num="57" count="1" type="stmt"/>
        <line num="67" count="6" type="stmt"/>
        <line num="72" count="1" type="stmt"/>
        <line num="73" count="1" type="stmt"/>
      </file>
    </package>
    <package name="src.domain">
      <metrics statements="47" coveredstatements="43" conditionals="54" coveredconditionals="45" methods="5" coveredmethods="5"/>
      <file name="math-utils.ts" path="C:\Users\dmedl\Projects\MathFlow\src\domain\math-utils.ts">
        <metrics statements="22" coveredstatements="22" conditionals="24" coveredconditionals="21" methods="4" coveredmethods="4"/>
        <line num="4" count="32" type="cond" truecount="2" falsecount="0"/>
        <line num="8" count="4" type="stmt"/>
        <line num="9" count="4" type="stmt"/>
        <line num="10" count="7" type="cond" truecount="2" falsecount="0"/>
        <line num="12" count="4" type="stmt"/>
        <line num="19" count="10" type="cond" truecount="2" falsecount="0"/>
        <line num="21" count="9" type="stmt"/>
        <line num="22" count="9" type="stmt"/>
        <line num="25" count="9" type="cond" truecount="2" falsecount="0"/>
        <line num="28" count="7" type="cond" truecount="2" falsecount="0"/>
        <line num="29" count="2" type="cond" truecount="1" falsecount="1"/>
        <line num="31" count="3" type="stmt"/>
        <line num="34" count="2" type="stmt"/>
        <line num="39" count="5" type="stmt"/>
        <line num="40" count="5" type="cond" truecount="3" falsecount="1"/>
        <line num="41" count="5" type="stmt"/>
        <line num="42" count="5" type="stmt"/>
        <line num="44" count="5" type="cond" truecount="3" falsecount="1"/>
        <line num="49" count="5" type="cond" truecount="2" falsecount="0"/>
        <line num="50" count="5" type="cond" truecount="2" falsecount="0"/>
        <line num="51" count="3" type="stmt"/>
        <line num="56" count="2" type="stmt"/>
      </file>
      <file name="validation.ts" path="C:\Users\dmedl\Projects\MathFlow\src\domain\validation.ts">
        <metrics statements="25" coveredstatements="21" conditionals="30" coveredconditionals="24" methods="1" coveredmethods="1"/>
        <line num="10" count="84" type="cond" truecount="4" falsecount="0"/>
        <line num="11" count="2" type="stmt"/>
        <line num="15" count="82" type="stmt"/>
        <line num="18" count="82" type="cond" truecount="4" falsecount="0"/>
        <line num="19" count="1" type="stmt"/>
        <line num="21" count="81" type="stmt"/>
        <line num="22" count="81" type="cond" truecount="2" falsecount="0"/>
        <line num="23" count="1" type="stmt"/>
        <line num="24" count="80" type="cond" truecount="1" falsecount="1"/>
        <line num="25" count="80" type="stmt"/>
        <line num="28" count="80" type="cond" truecount="3" falsecount="1"/>
        <line num="29" count="0" type="stmt"/>
        <line num="31" count="80" type="stmt"/>
        <line num="32" count="80" type="cond" truecount="1" falsecount="1"/>
        <line num="33" count="80" type="stmt"/>
        <line num="38" count="80" type="cond" truecount="4" falsecount="0"/>
        <line num="39" count="1" type="stmt"/>
        <line num="41" count="79" type="stmt"/>
        <line num="42" count="79" type="cond" truecount="1" falsecount="1"/>
        <line num="43" count="0" type="stmt"/>
        <line num="47" count="79" type="cond" truecount="1" falsecount="1"/>
        <line num="48" count="0" type="stmt"/>
        <line num="54" count="79" type="cond" truecount="3" falsecount="1"/>
        <line num="55" count="0" type="stmt"/>
        <line num="61" count="79" type="stmt"/>
      </file>
    </package>
    <package name="src.domain.generator">
      <metrics statements="23" coveredstatements="23" conditionals="21" coveredconditionals="17" methods="3" coveredmethods="3"/>
      <file name="engine.ts" path="C:\Users\dmedl\Projects\MathFlow\src\domain\generator\engine.ts">
        <metrics statements="23" coveredstatements="23" conditionals="21" coveredconditionals="17" methods="3" coveredmethods="3"/>
        <line num="10" count="32" type="stmt"/>
        <line num="14" count="32" type="stmt"/>
        <line num="19" count="207" type="stmt"/>
        <line num="31" count="79" type="stmt"/>
        <line num="34" count="79" type="cond" truecount="2" falsecount="0"/>
        <line num="35" count="11" type="stmt"/>
        <line num="37" count="11" type="stmt"/>
        <line num="41" count="9" type="cond" truecount="1" falsecount="1"/>
        <line num="42" count="9" type="stmt"/>
        <line num="43" count="9" type="cond" truecount="4" falsecount="0"/>
        <line num="44" count="1" type="stmt"/>
        <line num="47" count="8" type="stmt"/>
        <line num="53" count="8" type="cond" truecount="1" falsecount="1"/>
        <line num="54" count="8" type="stmt"/>
        <line num="55" count="8" type="cond" truecount="4" falsecount="0"/>
        <line num="56" count="2" type="stmt"/>
        <line num="61" count="3" type="stmt"/>
        <line num="69" count="76" type="stmt"/>
        <line num="70" count="76" type="cond" truecount="2" falsecount="0"/>
        <line num="71" count="1" type="stmt"/>
        <line num="73" count="75" type="stmt"/>
        <line num="81" count="20" type="cond" truecount="2" falsecount="2"/>
        <line num="85" count="20" type="stmt"/>
      </file>
    </package>
    <package name="src.domain.learner">
      <metrics statements="80" coveredstatements="80" conditionals="60" coveredconditionals="60" methods="12" coveredmethods="12"/>
      <file name="misconceptionEvaluator.ts" path="C:\Users\dmedl\Projects\MathFlow\src\domain\learner\misconceptionEvaluator.ts">
        <metrics statements="17" coveredstatements="17" conditionals="10" coveredconditionals="10" methods="2" coveredmethods="2"/>
        <line num="11" count="9" type="cond" truecount="4" falsecount="0"/>
        <line num="12" count="1" type="stmt"/>
        <line num="15" count="8" type="stmt"/>
        <line num="17" count="8" type="stmt"/>
        <line num="18" count="8" type="cond" truecount="2" falsecount="0"/>
        <line num="19" count="3" type="stmt"/>
        <line num="26" count="5" type="stmt"/>
        <line num="30" count="8" type="cond" truecount="4" falsecount="0"/>
        <line num="32" count="4" type="stmt"/>
        <line num="34" count="2" type="stmt"/>
        <line num="35" count="2" type="stmt"/>
        <line num="36" count="2" type="stmt"/>
        <line num="38" count="1" type="stmt"/>
        <line num="39" count="1" type="stmt"/>
        <line num="42" count="1" type="stmt"/>
        <line num="43" count="1" type="stmt"/>
        <line num="45" count="1" type="stmt"/>
      </file>
      <file name="state.ts" path="C:\Users\dmedl\Projects\MathFlow\src\domain\learner\state.ts">
        <metrics statements="63" coveredstatements="63" conditionals="50" coveredconditionals="50" methods="10" coveredmethods="10"/>
        <line num="6" count="3" type="stmt"/>
        <line num="9" count="6" type="stmt"/>
        <line num="14" count="6" type="stmt"/>
        <line num="15" count="498" type="stmt"/>
        <line num="22" count="6" type="stmt"/>
        <line num="29" count="14" type="stmt"/>
        <line num="31" count="14" type="cond" truecount="2" falsecount="0"/>
        <line num="33" count="2" type="stmt"/>
        <line num="41" count="14" type="stmt"/>
        <line num="45" count="14" type="stmt"/>
        <line num="50" count="424" type="stmt"/>
        <line num="52" count="14" type="cond" truecount="2" falsecount="0"/>
        <line num="53" count="14" type="cond" truecount="2" falsecount="0"/>
        <line num="54" count="14" type="cond" truecount="2" falsecount="0"/>
        <line num="56" count="14" type="stmt"/>
        <line num="57" count="14" type="stmt"/>
        <line num="59" count="14" type="cond" truecount="2" falsecount="0"/>
        <line num="61" count="9" type="stmt"/>
        <line num="62" count="9" type="stmt"/>
        <line num="63" count="9" type="cond" truecount="2" falsecount="0"/>
        <line num="67" count="9" type="cond" truecount="2" falsecount="0"/>
        <line num="68" count="5" type="cond" truecount="2" falsecount="0"/>
        <line num="72" count="5" type="stmt"/>
        <line num="73" count="5" type="stmt"/>
        <line num="74" count="5" type="cond" truecount="2" falsecount="0"/>
        <line num="77" count="5" type="cond" truecount="2" falsecount="0"/>
        <line num="81" count="14" type="stmt"/>
        <line num="84" count="14" type="stmt"/>
        <line num="86" count="14" type="stmt"/>
        <line num="88" count="14" type="stmt"/>
        <line num="90" count="14" type="stmt"/>
        <line num="98" count="15" type="stmt"/>
        <line num="100" count="15" type="stmt"/>
        <line num="101" count="131" type="cond" truecount="2" falsecount="0"/>
        <line num="107" count="131" type="stmt"/>
        <line num="111" count="15" type="stmt"/>
        <line num="112" count="131" type="cond" truecount="2" falsecount="0"/>
        <line num="114" count="11" type="stmt"/>
        <line num="115" count="11" type="stmt"/>
        <line num="119" count="11" type="cond" truecount="2" falsecount="0"/>
        <line num="121" count="131" type="stmt"/>
        <line num="126" count="15" type="stmt"/>
        <line num="127" count="131" type="cond" truecount="2" falsecount="0"/>
        <line num="130" count="120" type="cond" truecount="2" falsecount="0"/>
        <line num="131" count="86" type="stmt"/>
        <line num="132" count="87" type="stmt"/>
        <line num="133" count="87" type="cond" truecount="2" falsecount="0"/>
        <line num="135" count="86" type="cond" truecount="2" falsecount="0"/>
        <line num="137" count="42" type="stmt"/>
        <line num="142" count="15" type="stmt"/>
        <line num="144" count="15" type="cond" truecount="2" falsecount="0"/>
        <line num="145" count="2" type="stmt"/>
        <line num="148" count="13" type="cond" truecount="4" falsecount="0"/>
        <line num="150" count="1" type="stmt"/>
        <line num="151" count="12" type="cond" truecount="2" falsecount="0"/>
        <line num="153" count="10" type="stmt"/>
        <line num="154" count="28" type="stmt"/>
        <line num="158" count="2" type="stmt"/>
        <line num="163" count="13" type="stmt"/>
        <line num="164" count="13" type="cond" truecount="2" falsecount="0"/>
        <line num="167" count="15" type="cond" truecount="4" falsecount="0"/>
        <line num="168" count="2" type="stmt"/>
        <line num="173" count="13" type="stmt"/>
      </file>
    </package>
    <package name="src.domain.skills">
      <metrics statements="1441" coveredstatements="1234" conditionals="730" coveredconditionals="443" methods="152" coveredmethods="145"/>
      <file name="grade4-decimals.ts" path="C:\Users\dmedl\Projects\MathFlow\src\domain\skills\grade4-decimals.ts">
        <metrics statements="48" coveredstatements="48" conditionals="43" coveredconditionals="37" methods="4" coveredmethods="4"/>
        <line num="5" count="4" type="cond" truecount="1" falsecount="0"/>
        <line num="6" count="12" type="stmt"/>
        <line num="9" count="4" type="stmt"/>
        <line num="12" count="7" type="stmt"/>
        <line num="44" count="4" type="stmt"/>
        <line num="60" count="4" type="stmt"/>
        <line num="68" count="3" type="stmt"/>
        <line num="69" count="3" type="cond" truecount="2" falsecount="0"/>
        <line num="72" count="3" type="cond" truecount="2" falsecount="0"/>
        <line num="73" count="1" type="stmt"/>
        <line num="78" count="2" type="stmt"/>
        <line num="82" count="3" type="stmt"/>
        <line num="84" count="3" type="stmt"/>
        <line num="138" count="4" type="stmt"/>
        <line num="154" count="4" type="stmt"/>
        <line num="167" count="4" type="cond" truecount="2" falsecount="0"/>
        <line num="169" count="1" type="stmt"/>
        <line num="170" count="1" type="cond" truecount="1" falsecount="1"/>
        <line num="171" count="1" type="cond" truecount="1" falsecount="1"/>
        <line num="173" count="1" type="stmt"/>
        <line num="174" count="1" type="stmt"/>
        <line num="175" count="1" type="stmt"/>
        <line num="178" count="1" type="cond" truecount="1" falsecount="1"/>
        <line num="179" count="1" type="cond" truecount="1" falsecount="1"/>
        <line num="185" count="3" type="stmt"/>
        <line num="186" count="3" type="stmt"/>
        <line num="188" count="3" type="stmt"/>
        <line num="189" count="3" type="stmt"/>
        <line num="192" count="3" type="cond" truecount="3" falsecount="1"/>
        <line num="193" count="1" type="stmt"/>
        <line num="199" count="4" type="stmt"/>
        <line num="200" count="4" type="stmt"/>
        <line num="202" count="4" type="stmt"/>
        <line num="203" count="4" type="cond" truecount="2" falsecount="0"/>
        <line num="204" count="4" type="cond" truecount="2" falsecount="0"/>
        <line num="213" count="4" type="stmt"/>
        <line num="214" count="4" type="stmt"/>
        <line num="216" count="4" type="stmt"/>
        <line num="218" count="4" type="cond" truecount="4" falsecount="0"/>
        <line num="226" count="1" type="stmt"/>
        <line num="227" count="3" type="cond" truecount="4" falsecount="0"/>
        <line num="232" count="2" type="stmt"/>
        <line num="236" count="4" type="stmt"/>
        <line num="237" count="4" type="cond" truecount="2" falsecount="0"/>
        <line num="238" count="3" type="stmt"/>
        <line num="252" count="4" type="stmt"/>
        <line num="291" count="4" type="stmt"/>
        <line num="292" count="4" type="stmt"/>
      </file>
      <file name="grade4-fractions.ts" path="C:\Users\dmedl\Projects\MathFlow\src\domain\skills\grade4-fractions.ts">
        <metrics statements="127" coveredstatements="119" conditionals="47" coveredconditionals="37" methods="11" coveredmethods="11"/>
        <line num="6" count="6" type="cond" truecount="1" falsecount="0"/>
        <line num="7" count="99" type="stmt"/>
        <line num="10" count="6" type="stmt"/>
        <line num="13" count="32" type="stmt"/>
        <line num="45" count="6" type="stmt"/>
        <line num="62" count="6" type="stmt"/>
        <line num="66" count="11" type="stmt"/>
        <line num="67" count="11" type="stmt"/>
        <line num="69" count="11" type="stmt"/>
        <line num="70" count="11" type="cond" truecount="2" falsecount="0"/>
        <line num="71" count="1" type="stmt"/>
        <line num="73" count="10" type="stmt"/>
        <line num="76" count="11" type="stmt"/>
        <line num="77" count="11" type="stmt"/>
        <line num="80" count="11" type="stmt"/>
        <line num="81" count="11" type="stmt"/>
        <line num="83" count="11" type="stmt"/>
        <line num="133" count="6" type="stmt"/>
        <line num="137" count="6" type="stmt"/>
        <line num="148" count="6" type="stmt"/>
        <line num="152" count="3" type="cond" truecount="1" falsecount="1"/>
        <line num="153" count="3" type="stmt"/>
        <line num="154" count="3" type="stmt"/>
        <line num="155" count="3" type="stmt"/>
        <line num="156" count="3" type="stmt"/>
        <line num="158" count="3" type="stmt"/>
        <line num="205" count="6" type="stmt"/>
        <line num="209" count="6" type="stmt"/>
        <line num="225" count="6" type="stmt"/>
        <line num="229" count="3" type="cond" truecount="2" falsecount="0"/>
        <line num="230" count="3" type="stmt"/>
        <line num="231" count="3" type="stmt"/>
        <line num="232" count="3" type="stmt"/>
        <line num="233" count="3" type="stmt"/>
        <line num="235" count="3" type="stmt"/>
        <line num="290" count="6" type="stmt"/>
        <line num="294" count="6" type="stmt"/>
        <line num="310" count="6" type="stmt"/>
        <line num="314" count="3" type="cond" truecount="2" falsecount="0"/>
        <line num="315" count="3" type="stmt"/>
        <line num="316" count="3" type="stmt"/>
        <line num="317" count="3" type="stmt"/>
        <line num="318" count="3" type="stmt"/>
        <line num="319" count="3" type="stmt"/>
        <line num="321" count="3" type="cond" truecount="2" falsecount="0"/>
        <line num="322" count="3" type="stmt"/>
        <line num="323" count="3" type="stmt"/>
        <line num="325" count="3" type="stmt"/>
        <line num="364" count="6" type="stmt"/>
        <line num="368" count="6" type="stmt"/>
        <line num="381" count="6" type="stmt"/>
        <line num="386" count="1" type="stmt"/>
        <line num="387" count="1" type="stmt"/>
        <line num="388" count="1" type="stmt"/>
        <line num="391" count="1" type="stmt"/>
        <line num="392" count="1" type="stmt"/>
        <line num="396" count="1" type="stmt"/>
        <line num="397" count="1" type="stmt"/>
        <line num="399" count="1" type="stmt"/>
        <line num="441" count="6" type="stmt"/>
        <line num="445" count="6" type="stmt"/>
        <line num="458" count="6" type="stmt"/>
        <line num="466" count="1" type="stmt"/>
        <line num="467" count="1" type="stmt"/>
        <line num="468" count="1" type="stmt"/>
        <line num="471" count="1" type="stmt"/>
        <line num="472" count="0" type="stmt"/>
        <line num="474" count="1" type="stmt"/>
        <line num="476" count="1" type="stmt"/>
        <line num="477" count="1" type="stmt"/>
        <line num="479" count="1" type="stmt"/>
        <line num="480" count="1" type="cond" truecount="1" falsecount="1"/>
        <line num="481" count="1" type="cond" truecount="1" falsecount="1"/>
        <line num="483" count="1" type="stmt"/>
        <line num="527" count="6" type="stmt"/>
        <line num="531" count="6" type="stmt"/>
        <line num="544" count="6" type="stmt"/>
        <line num="552" count="4" type="stmt"/>
        <line num="553" count="4" type="stmt"/>
        <line num="556" count="4" type="cond" truecount="2" falsecount="0"/>
        <line num="561" count="4" type="stmt"/>
        <line num="562" count="4" type="stmt"/>
        <line num="568" count="4" type="stmt"/>
        <line num="570" count="4" type="cond" truecount="2" falsecount="0"/>
        <line num="571" count="4" type="cond" truecount="2" falsecount="0"/>
        <line num="573" count="4" type="stmt"/>
        <line num="627" count="6" type="stmt"/>
        <line num="631" count="6" type="stmt"/>
        <line num="644" count="6" type="stmt"/>
        <line num="654" count="3" type="stmt"/>
        <line num="655" count="3" type="stmt"/>
        <line num="658" count="3" type="stmt"/>
        <line num="659" count="3" type="stmt"/>
        <line num="661" count="3" type="stmt"/>
        <line num="701" count="6" type="stmt"/>
        <line num="705" count="6" type="stmt"/>
        <line num="717" count="6" type="stmt"/>
        <line num="721" count="3" type="cond" truecount="2" falsecount="0"/>
        <line num="722" count="3" type="stmt"/>
        <line num="725" count="3" type="stmt"/>
        <line num="727" count="3" type="stmt"/>
        <line num="728" count="3" type="stmt"/>
        <line num="729" count="3" type="stmt"/>
        <line num="730" count="3" type="stmt"/>
        <line num="733" count="3" type="cond" truecount="2" falsecount="0"/>
        <line num="735" count="2" type="stmt"/>
        <line num="736" count="2" type="stmt"/>
        <line num="737" count="2" type="cond" truecount="1" falsecount="1"/>
        <line num="739" count="0" type="stmt"/>
        <line num="740" count="0" type="stmt"/>
        <line num="743" count="2" type="cond" truecount="4" falsecount="0"/>
        <line num="744" count="1" type="stmt"/>
        <line num="747" count="2" type="cond" truecount="2" falsecount="2"/>
        <line num="749" count="0" type="stmt"/>
        <line num="754" count="1" type="cond" truecount="2" falsecount="2"/>
        <line num="756" count="0" type="stmt"/>
        <line num="757" count="0" type="cond" truecount="0" falsecount="2"/>
        <line num="758" count="0" type="stmt"/>
        <line num="759" count="0" type="stmt"/>
        <line num="769" count="3" type="stmt"/>
        <line num="770" count="3" type="stmt"/>
        <line num="772" count="3" type="stmt"/>
        <line num="773" count="3" type="cond" truecount="2" falsecount="0"/>
        <line num="774" count="2" type="stmt"/>
        <line num="776" count="3" type="cond" truecount="2" falsecount="0"/>
        <line num="778" count="3" type="stmt"/>
        <line num="809" count="6" type="stmt"/>
      </file>
      <file name="grade4-meas-geo.ts" path="C:\Users\dmedl\Projects\MathFlow\src\domain\skills\grade4-meas-geo.ts">
        <metrics statements="175" coveredstatements="173" conditionals="93" coveredconditionals="72" methods="19" coveredmethods="19"/>
        <line num="5" count="4" type="cond" truecount="1" falsecount="0"/>
        <line num="6" count="78" type="stmt"/>
        <line num="9" count="4" type="stmt"/>
        <line num="12" count="27" type="stmt"/>
        <line num="41" count="4" type="stmt"/>
        <line num="57" count="4" type="stmt"/>
        <line num="62" count="3" type="cond" truecount="1" falsecount="1"/>
        <line num="64" count="3" type="stmt"/>
        <line num="65" count="3" type="cond" truecount="2" falsecount="0"/>
        <line num="72" count="3" type="stmt"/>
        <line num="73" count="3" type="cond" truecount="3" falsecount="1"/>
        <line num="75" count="3" type="stmt"/>
        <line num="76" count="3" type="stmt"/>
        <line num="80" count="3" type="stmt"/>
        <line num="81" count="3" type="stmt"/>
        <line num="83" count="3" type="cond" truecount="2" falsecount="0"/>
        <line num="84" count="2" type="stmt"/>
        <line num="120" count="1" type="stmt"/>
        <line num="159" count="4" type="stmt"/>
        <line num="163" count="4" type="stmt"/>
        <line num="182" count="4" type="stmt"/>
        <line num="187" count="1" type="stmt"/>
        <line num="197" count="1" type="stmt"/>
        <line num="200" count="1" type="stmt"/>
        <line num="202" count="1" type="stmt"/>
        <line num="204" count="1" type="stmt"/>
        <line num="247" count="4" type="stmt"/>
        <line num="251" count="4" type="stmt"/>
        <line num="263" count="4" type="stmt"/>
        <line num="272" count="4" type="cond" truecount="3" falsecount="1"/>
        <line num="274" count="4" type="cond" truecount="2" falsecount="0"/>
        <line num="277" count="2" type="stmt"/>
        <line num="278" count="2" type="stmt"/>
        <line num="279" count="2" type="cond" truecount="3" falsecount="1"/>
        <line num="280" count="1" type="stmt"/>
        <line num="281" count="1" type="stmt"/>
        <line num="283" count="2" type="stmt"/>
        <line num="320" count="2" type="cond" truecount="1" falsecount="1"/>
        <line num="321" count="2" type="cond" truecount="2" falsecount="0"/>
        <line num="322" count="2" type="cond" truecount="2" falsecount="0"/>
        <line num="326" count="2" type="stmt"/>
        <line num="357" count="4" type="stmt"/>
        <line num="361" count="4" type="stmt"/>
        <line num="372" count="4" type="stmt"/>
        <line num="377" count="1" type="stmt"/>
        <line num="387" count="1" type="stmt"/>
        <line num="389" count="1" type="stmt"/>
        <line num="417" count="4" type="stmt"/>
        <line num="421" count="4" type="stmt"/>
        <line num="433" count="4" type="stmt"/>
        <line num="440" count="4" type="cond" truecount="3" falsecount="1"/>
        <line num="442" count="4" type="cond" truecount="2" falsecount="0"/>
        <line num="445" count="2" type="stmt"/>
        <line num="446" count="2" type="stmt"/>
        <line num="447" count="2" type="stmt"/>
        <line num="450" count="2" type="cond" truecount="1" falsecount="1"/>
        <line num="452" count="2" type="cond" truecount="2" falsecount="0"/>
        <line num="453" count="1" type="stmt"/>
        <line num="482" count="1" type="stmt"/>
        <line num="513" count="2" type="stmt"/>
        <line num="519" count="2" type="stmt"/>
        <line num="521" count="2" type="stmt"/>
        <line num="551" count="4" type="stmt"/>
        <line num="555" count="4" type="stmt"/>
        <line num="567" count="4" type="stmt"/>
        <line num="576" count="4" type="stmt"/>
        <line num="578" count="4" type="stmt"/>
        <line num="586" count="4" type="stmt"/>
        <line num="587" count="4" type="stmt"/>
        <line num="588" count="46" type="stmt"/>
        <line num="598" count="4" type="stmt"/>
        <line num="600" count="4" type="cond" truecount="2" falsecount="0"/>
        <line num="602" count="1" type="stmt"/>
        <line num="603" count="1" type="stmt"/>
        <line num="604" count="1" type="stmt"/>
        <line num="606" count="1" type="stmt"/>
        <line num="634" count="3" type="cond" truecount="2" falsecount="0"/>
        <line num="637" count="2" type="stmt"/>
        <line num="638" count="2" type="stmt"/>
        <line num="639" count="2" type="stmt"/>
        <line num="647" count="2" type="stmt"/>
        <line num="648" count="2" type="cond" truecount="1" falsecount="1"/>
        <line num="650" count="2" type="stmt"/>
        <line num="681" count="1" type="stmt"/>
        <line num="682" count="1" type="stmt"/>
        <line num="683" count="1" type="stmt"/>
        <line num="690" count="1" type="stmt"/>
        <line num="691" count="12" type="stmt"/>
        <line num="692" count="12" type="cond" truecount="2" falsecount="0"/>
        <line num="693" count="12" type="cond" truecount="2" falsecount="0"/>
        <line num="696" count="1" type="stmt"/>
        <line num="698" count="1" type="stmt"/>
        <line num="699" count="1" type="cond" truecount="1" falsecount="1"/>
        <line num="700" count="1" type="cond" truecount="1" falsecount="1"/>
        <line num="701" count="1" type="cond" truecount="1" falsecount="1"/>
        <line num="702" count="1" type="cond" truecount="1" falsecount="1"/>
        <line num="704" count="1" type="stmt"/>
        <line num="734" count="4" type="stmt"/>
        <line num="738" count="4" type="stmt"/>
        <line num="750" count="4" type="stmt"/>
        <line num="755" count="1" type="stmt"/>
        <line num="786" count="1" type="stmt"/>
        <line num="788" count="1" type="stmt"/>
        <line num="819" count="4" type="stmt"/>
        <line num="823" count="4" type="stmt"/>
        <line num="835" count="4" type="stmt"/>
        <line num="843" count="3" type="stmt"/>
        <line num="844" count="3" type="stmt"/>
        <line num="847" count="3" type="stmt"/>
        <line num="848" count="3" type="stmt"/>
        <line num="849" count="3" type="stmt"/>
        <line num="851" count="3" type="cond" truecount="3" falsecount="1"/>
        <line num="853" count="3" type="cond" truecount="2" falsecount="0"/>
        <line num="854" count="1" type="stmt"/>
        <line num="896" count="2" type="stmt"/>
        <line num="898" count="2" type="cond" truecount="2" falsecount="0"/>
        <line num="899" count="2" type="stmt"/>
        <line num="901" count="2" type="stmt"/>
        <line num="936" count="4" type="stmt"/>
        <line num="940" count="4" type="stmt"/>
        <line num="952" count="4" type="stmt"/>
        <line num="960" count="2" type="cond" truecount="1" falsecount="1"/>
        <line num="961" count="2" type="stmt"/>
        <line num="962" count="2" type="stmt"/>
        <line num="971" count="2" type="stmt"/>
        <line num="973" count="2" type="stmt"/>
        <line num="1015" count="4" type="stmt"/>
        <line num="1019" count="4" type="stmt"/>
        <line num="1031" count="4" type="stmt"/>
        <line num="1036" count="4" type="cond" truecount="3" falsecount="1"/>
        <line num="1038" count="4" type="stmt"/>
        <line num="1042" count="16" type="stmt"/>
        <line num="1055" count="4" type="stmt"/>
        <line num="1057" count="4" type="stmt"/>
        <line num="1058" count="4" type="stmt"/>
        <line num="1059" count="4" type="stmt"/>
        <line num="1062" count="4" type="stmt"/>
        <line num="1063" count="4" type="cond" truecount="2" falsecount="0"/>
        <line num="1064" count="2" type="stmt"/>
        <line num="1065" count="2" type="stmt"/>
        <line num="1066" count="2" type="stmt"/>
        <line num="1067" count="8" type="stmt"/>
        <line num="1072" count="2" type="stmt"/>
        <line num="1073" count="2" type="stmt"/>
        <line num="1074" count="2" type="stmt"/>
        <line num="1075" count="8" type="stmt"/>
        <line num="1076" count="8" type="stmt"/>
        <line num="1080" count="4" type="cond" truecount="2" falsecount="0"/>
        <line num="1082" count="4" type="cond" truecount="2" falsecount="0"/>
        <line num="1083" count="2" type="stmt"/>
        <line num="1084" count="2" type="stmt"/>
        <line num="1085" count="2" type="stmt"/>
        <line num="1086" count="2" type="stmt"/>
        <line num="1087" count="2" type="cond" truecount="2" falsecount="0"/>
        <line num="1089" count="1" type="stmt"/>
        <line num="1090" count="1" type="stmt"/>
        <line num="1091" count="1" type="stmt"/>
        <line num="1092" count="1" type="stmt"/>
        <line num="1093" count="1" type="stmt"/>
        <line num="1095" count="1" type="cond" truecount="1" falsecount="1"/>
        <line num="1096" count="1" type="cond" truecount="1" falsecount="1"/>
        <line num="1097" count="1" type="stmt"/>
        <line num="1099" count="1" type="stmt"/>
        <line num="1100" count="1" type="stmt"/>
        <line num="1101" count="1" type="stmt"/>
        <line num="1104" count="4" type="stmt"/>
        <line num="1105" count="1" type="stmt"/>
        <line num="1106" count="1" type="stmt"/>
        <line num="1107" count="1" type="stmt"/>
        <line num="1108" count="4" type="stmt"/>
        <line num="1112" count="4" type="cond" truecount="3" falsecount="1"/>
        <line num="1113" count="0" type="stmt"/>
        <line num="1119" count="0" type="stmt"/>
        <line num="1122" count="4" type="stmt"/>
        <line num="1150" count="4" type="stmt"/>
      </file>
      <file name="grade4-nbt.ts" path="C:\Users\dmedl\Projects\MathFlow\src\domain\skills\grade4-nbt.ts">
        <metrics statements="142" coveredstatements="118" conditionals="74" coveredconditionals="41" methods="11" coveredmethods="9"/>
        <line num="5" count="4" type="cond" truecount="1" falsecount="0"/>
        <line num="6" count="22" type="stmt"/>
        <line num="9" count="4" type="stmt"/>
        <line num="12" count="9" type="stmt"/>
        <line num="41" count="4" type="stmt"/>
        <line num="54" count="4" type="stmt"/>
        <line num="64" count="4" type="stmt"/>
        <line num="73" count="2" type="stmt"/>
        <line num="74" count="2" type="cond" truecount="1" falsecount="1"/>
        <line num="75" count="2" type="cond" truecount="1" falsecount="1"/>
        <line num="78" count="2" type="stmt"/>
        <line num="79" count="2" type="stmt"/>
        <line num="80" count="2" type="stmt"/>
        <line num="81" count="2" type="stmt"/>
        <line num="82" count="2" type="stmt"/>
        <line num="83" count="2" type="stmt"/>
        <line num="88" count="2" type="cond" truecount="2" falsecount="2"/>
        <line num="92" count="2" type="stmt"/>
        <line num="96" count="2" type="stmt"/>
        <line num="100" count="2" type="stmt"/>
        <line num="101" count="2" type="stmt"/>
        <line num="104" count="2" type="stmt"/>
        <line num="106" count="2" type="cond" truecount="1" falsecount="1"/>
        <line num="107" count="0" type="stmt"/>
        <line num="109" count="0" type="stmt"/>
        <line num="151" count="2" type="stmt"/>
        <line num="182" count="4" type="stmt"/>
        <line num="186" count="4" type="stmt"/>
        <line num="199" count="4" type="stmt"/>
        <line num="208" count="0" type="stmt"/>
        <line num="209" count="0" type="cond" truecount="0" falsecount="2"/>
        <line num="210" count="0" type="cond" truecount="0" falsecount="2"/>
        <line num="212" count="0" type="stmt"/>
        <line num="213" count="0" type="stmt"/>
        <line num="215" count="0" type="stmt"/>
        <line num="216" count="0" type="stmt"/>
        <line num="219" count="0" type="cond" truecount="0" falsecount="2"/>
        <line num="223" count="0" type="stmt"/>
        <line num="224" count="0" type="stmt"/>
        <line num="225" count="0" type="stmt"/>
        <line num="226" count="0" type="stmt"/>
        <line num="227" count="0" type="stmt"/>
        <line num="228" count="0" type="stmt"/>
        <line num="230" count="0" type="cond" truecount="0" falsecount="2"/>
        <line num="233" count="0" type="stmt"/>
        <line num="234" count="0" type="cond" truecount="0" falsecount="2"/>
        <line num="235" count="0" type="cond" truecount="0" falsecount="2"/>
        <line num="237" count="0" type="stmt"/>
        <line num="269" count="4" type="stmt"/>
        <line num="273" count="4" type="stmt"/>
        <line num="286" count="4" type="stmt"/>
        <line num="295" count="2" type="stmt"/>
        <line num="296" count="2" type="stmt"/>
        <line num="298" count="2" type="cond" truecount="1" falsecount="1"/>
        <line num="299" count="2" type="stmt"/>
        <line num="300" count="2" type="stmt"/>
        <line num="302" count="2" type="cond" truecount="1" falsecount="1"/>
        <line num="303" count="0" type="stmt"/>
        <line num="304" count="0" type="stmt"/>
        <line num="307" count="2" type="stmt"/>
        <line num="308" count="2" type="stmt"/>
        <line num="309" count="2" type="stmt"/>
        <line num="311" count="2" type="stmt"/>
        <line num="314" count="2" type="stmt"/>
        <line num="316" count="2" type="stmt"/>
        <line num="317" count="2" type="stmt"/>
        <line num="323" count="2" type="stmt"/>
        <line num="324" count="2" type="stmt"/>
        <line num="328" count="2" type="stmt"/>
        <line num="334" count="2" type="stmt"/>
        <line num="335" count="2" type="stmt"/>
        <line num="336" count="2" type="cond" truecount="1" falsecount="1"/>
        <line num="338" count="2" type="stmt"/>
        <line num="386" count="4" type="stmt"/>
        <line num="390" count="4" type="stmt"/>
        <line num="403" count="4" type="stmt"/>
        <line num="407" count="2" type="cond" truecount="1" falsecount="1"/>
        <line num="413" count="2" type="stmt"/>
        <line num="414" count="2" type="cond" truecount="1" falsecount="1"/>
        <line num="415" count="2" type="cond" truecount="1" falsecount="1"/>
        <line num="417" count="2" type="stmt"/>
        <line num="418" count="2" type="stmt"/>
        <line num="420" count="2" type="stmt"/>
        <line num="421" count="2" type="stmt"/>
        <line num="423" count="2" type="stmt"/>
        <line num="424" count="2" type="stmt"/>
        <line num="426" count="2" type="cond" truecount="2" falsecount="0"/>
        <line num="428" count="1" type="stmt"/>
        <line num="429" count="1" type="stmt"/>
        <line num="432" count="2" type="cond" truecount="2" falsecount="0"/>
        <line num="433" count="2" type="cond" truecount="2" falsecount="0"/>
        <line num="438" count="2" type="stmt"/>
        <line num="439" count="2" type="cond" truecount="2" falsecount="0"/>
        <line num="440" count="1" type="stmt"/>
        <line num="441" count="1" type="stmt"/>
        <line num="442" count="1" type="stmt"/>
        <line num="443" count="1" type="stmt"/>
        <line num="444" count="5" type="cond" truecount="1" falsecount="1"/>
        <line num="445" count="5" type="cond" truecount="1" falsecount="1"/>
        <line num="446" count="5" type="stmt"/>
        <line num="448" count="1" type="stmt"/>
        <line num="455" count="2" type="stmt"/>
        <line num="505" count="4" type="stmt"/>
        <line num="509" count="4" type="stmt"/>
        <line num="522" count="4" type="stmt"/>
        <line num="535" count="4" type="stmt"/>
        <line num="546" count="0" type="stmt"/>
        <line num="551" count="4" type="stmt"/>
        <line num="556" count="2" type="stmt"/>
        <line num="560" count="2" type="cond" truecount="2" falsecount="0"/>
        <line num="564" count="1" type="cond" truecount="1" falsecount="1"/>
        <line num="565" count="1" type="stmt"/>
        <line num="566" count="1" type="stmt"/>
        <line num="572" count="1" type="stmt"/>
        <line num="573" count="1" type="cond" truecount="1" falsecount="1"/>
        <line num="574" count="1" type="cond" truecount="1" falsecount="1"/>
        <line num="576" count="1" type="stmt"/>
        <line num="577" count="1" type="stmt"/>
        <line num="579" count="1" type="stmt"/>
        <line num="580" count="1" type="stmt"/>
        <line num="583" count="2" type="stmt"/>
        <line num="586" count="2" type="stmt"/>
        <line num="593" count="2" type="stmt"/>
        <line num="640" count="4" type="stmt"/>
        <line num="656" count="4" type="stmt"/>
        <line num="664" count="1" type="stmt"/>
        <line num="665" count="1" type="cond" truecount="1" falsecount="1"/>
        <line num="666" count="1" type="cond" truecount="1" falsecount="1"/>
        <line num="668" count="1" type="stmt"/>
        <line num="669" count="1" type="stmt"/>
        <line num="671" count="1" type="stmt"/>
        <line num="672" count="1" type="stmt"/>
        <line num="674" count="1" type="stmt"/>
        <line num="675" count="1" type="stmt"/>
        <line num="680" count="1" type="stmt"/>
        <line num="720" count="4" type="stmt"/>
        <line num="723" count="4" type="stmt"/>
        <line num="726" count="1" type="stmt"/>
        <line num="729" count="4" type="stmt"/>
        <line num="732" count="1" type="stmt"/>
        <line num="735" count="4" type="stmt"/>
        <line num="736" count="4" type="stmt"/>
      </file>
      <file name="grade4-oa.ts" path="C:\Users\dmedl\Projects\MathFlow\src\domain\skills\grade4-oa.ts">
        <metrics statements="81" coveredstatements="72" conditionals="47" coveredconditionals="31" methods="10" coveredmethods="10"/>
        <line num="5" count="4" type="cond" truecount="1" falsecount="0"/>
        <line num="6" count="12" type="stmt"/>
        <line num="9" count="4" type="stmt"/>
        <line num="10" count="1" type="stmt"/>
        <line num="11" count="1" type="stmt"/>
        <line num="12" count="4" type="cond" truecount="2" falsecount="0"/>
        <line num="13" count="3" type="stmt"/>
        <line num="14" count="3" type="cond" truecount="2" falsecount="0"/>
        <line num="17" count="8" type="stmt"/>
        <line num="21" count="4" type="stmt"/>
        <line num="24" count="6" type="stmt"/>
        <line num="53" count="4" type="stmt"/>
        <line num="65" count="4" type="stmt"/>
        <line num="74" count="2" type="cond" truecount="1" falsecount="1"/>
        <line num="76" count="2" type="cond" truecount="4" falsecount="0"/>
        <line num="79" count="1" type="stmt"/>
        <line num="80" count="1" type="stmt"/>
        <line num="81" count="1" type="stmt"/>
        <line num="83" count="1" type="stmt"/>
        <line num="104" count="5" type="cond" truecount="2" falsecount="0"/>
        <line num="106" count="5" type="stmt"/>
        <line num="123" count="1" type="cond" truecount="2" falsecount="2"/>
        <line num="126" count="1" type="cond" truecount="1" falsecount="1"/>
        <line num="127" count="1" type="stmt"/>
        <line num="128" count="1" type="cond" truecount="1" falsecount="1"/>
        <line num="129" count="1" type="stmt"/>
        <line num="130" count="1" type="stmt"/>
        <line num="132" count="0" type="stmt"/>
        <line num="133" count="0" type="stmt"/>
        <line num="136" count="1" type="cond" truecount="1" falsecount="1"/>
        <line num="138" count="1" type="stmt"/>
        <line num="180" count="0" type="stmt"/>
        <line num="181" count="0" type="stmt"/>
        <line num="182" count="0" type="stmt"/>
        <line num="184" count="0" type="stmt"/>
        <line num="213" count="4" type="stmt"/>
        <line num="217" count="4" type="stmt"/>
        <line num="229" count="4" type="stmt"/>
        <line num="240" count="1" type="cond" truecount="2" falsecount="2"/>
        <line num="242" count="1" type="stmt"/>
        <line num="243" count="1" type="stmt"/>
        <line num="245" count="1" type="cond" truecount="1" falsecount="1"/>
        <line num="246" count="1" type="stmt"/>
        <line num="247" count="1" type="stmt"/>
        <line num="249" count="0" type="stmt"/>
        <line num="250" count="0" type="stmt"/>
        <line num="253" count="1" type="stmt"/>
        <line num="254" count="1" type="stmt"/>
        <line num="255" count="1" type="stmt"/>
        <line num="256" count="6" type="stmt"/>
        <line num="257" count="6" type="cond" truecount="1" falsecount="1"/>
        <line num="258" count="0" type="stmt"/>
        <line num="263" count="1" type="stmt"/>
        <line num="264" count="1" type="stmt"/>
        <line num="268" count="1" type="stmt"/>
        <line num="311" count="4" type="stmt"/>
        <line num="315" count="4" type="stmt"/>
        <line num="327" count="4" type="stmt"/>
        <line num="342" count="1" type="stmt"/>
        <line num="343" count="1" type="stmt"/>
        <line num="344" count="1" type="stmt"/>
        <line num="347" count="1" type="stmt"/>
        <line num="349" count="1" type="stmt"/>
        <line num="386" count="4" type="stmt"/>
        <line num="390" count="4" type="stmt"/>
        <line num="406" count="4" type="stmt"/>
        <line num="414" count="2" type="cond" truecount="3" falsecount="1"/>
        <line num="416" count="2" type="cond" truecount="2" falsecount="0"/>
        <line num="420" count="1" type="stmt"/>
        <line num="421" count="1" type="stmt"/>
        <line num="422" count="1" type="stmt"/>
        <line num="427" count="1" type="stmt"/>
        <line num="428" count="1" type="stmt"/>
        <line num="433" count="1" type="stmt"/>
        <line num="483" count="1" type="stmt"/>
        <line num="484" count="1" type="stmt"/>
        <line num="485" count="1" type="stmt"/>
        <line num="486" count="1" type="stmt"/>
        <line num="488" count="1" type="stmt"/>
        <line num="490" count="1" type="stmt"/>
        <line num="540" count="4" type="stmt"/>
      </file>
      <file name="grade5-fractions.ts" path="C:\Users\dmedl\Projects\MathFlow\src\domain\skills\grade5-fractions.ts">
        <metrics statements="130" coveredstatements="85" conditionals="56" coveredconditionals="20" methods="9" coveredmethods="9"/>
        <line num="6" count="4" type="cond" truecount="1" falsecount="0"/>
        <line num="7" count="18" type="stmt"/>
        <line num="10" count="4" type="stmt"/>
        <line num="13" count="6" type="stmt"/>
        <line num="41" count="4" type="stmt"/>
        <line num="47" count="4" type="stmt"/>
        <line num="58" count="4" type="stmt"/>
        <line num="62" count="1" type="cond" truecount="1" falsecount="1"/>
        <line num="68" count="1" type="stmt"/>
        <line num="71" count="1" type="cond" truecount="1" falsecount="1"/>
        <line num="72" count="0" type="stmt"/>
        <line num="73" count="0" type="stmt"/>
        <line num="75" count="1" type="stmt"/>
        <line num="76" count="1" type="cond" truecount="3" falsecount="0"/>
        <line num="77" count="0" type="stmt"/>
        <line num="81" count="1" type="stmt"/>
        <line num="82" count="1" type="stmt"/>
        <line num="85" count="1" type="stmt"/>
        <line num="86" count="1" type="stmt"/>
        <line num="87" count="1" type="stmt"/>
        <line num="88" count="1" type="stmt"/>
        <line num="90" count="1" type="cond" truecount="1" falsecount="1"/>
        <line num="91" count="0" type="cond" truecount="0" falsecount="2"/>
        <line num="93" count="0" type="stmt"/>
        <line num="97" count="1" type="stmt"/>
        <line num="99" count="1" type="stmt"/>
        <line num="100" count="1" type="stmt"/>
        <line num="102" count="1" type="cond" truecount="1" falsecount="1"/>
        <line num="103" count="1" type="stmt"/>
        <line num="106" count="1" type="stmt"/>
        <line num="107" count="1" type="stmt"/>
        <line num="108" count="1" type="stmt"/>
        <line num="110" count="1" type="cond" truecount="1" falsecount="1"/>
        <line num="111" count="1" type="cond" truecount="1" falsecount="1"/>
        <line num="114" count="1" type="cond" truecount="1" falsecount="1"/>
        <line num="115" count="1" type="cond" truecount="1" falsecount="1"/>
        <line num="117" count="1" type="stmt"/>
        <line num="166" count="4" type="stmt"/>
        <line num="172" count="4" type="stmt"/>
        <line num="184" count="4" type="stmt"/>
        <line num="189" count="1" type="stmt"/>
        <line num="190" count="1" type="stmt"/>
        <line num="194" count="1" type="stmt"/>
        <line num="232" count="4" type="stmt"/>
        <line num="238" count="4" type="stmt"/>
        <line num="249" count="4" type="stmt"/>
        <line num="256" count="1" type="stmt"/>
        <line num="257" count="1" type="stmt"/>
        <line num="258" count="1" type="stmt"/>
        <line num="259" count="1" type="cond" truecount="1" falsecount="1"/>
        <line num="261" count="1" type="stmt"/>
        <line num="262" count="1" type="stmt"/>
        <line num="264" count="1" type="cond" truecount="1" falsecount="1"/>
        <line num="266" count="1" type="stmt"/>
        <line num="307" count="4" type="stmt"/>
        <line num="313" count="4" type="stmt"/>
        <line num="324" count="4" type="stmt"/>
        <line num="328" count="1" type="stmt"/>
        <line num="329" count="1" type="stmt"/>
        <line num="330" count="1" type="stmt"/>
        <line num="331" count="1" type="stmt"/>
        <line num="333" count="1" type="stmt"/>
        <line num="334" count="1" type="stmt"/>
        <line num="339" count="1" type="stmt"/>
        <line num="340" count="1" type="stmt"/>
        <line num="341" count="1" type="stmt"/>
        <line num="343" count="1" type="stmt"/>
        <line num="383" count="4" type="stmt"/>
        <line num="389" count="4" type="stmt"/>
        <line num="401" count="4" type="stmt"/>
        <line num="407" count="1" type="cond" truecount="1" falsecount="1"/>
        <line num="409" count="1" type="cond" truecount="1" falsecount="1"/>
        <line num="411" count="1" type="stmt"/>
        <line num="412" count="1" type="stmt"/>
        <line num="414" count="1" type="stmt"/>
        <line num="416" count="1" type="stmt"/>
        <line num="442" count="0" type="stmt"/>
        <line num="443" count="0" type="stmt"/>
        <line num="445" count="0" type="stmt"/>
        <line num="447" count="0" type="stmt"/>
        <line num="475" count="4" type="stmt"/>
        <line num="481" count="4" type="stmt"/>
        <line num="493" count="4" type="stmt"/>
        <line num="502" count="1" type="stmt"/>
        <line num="504" count="1" type="cond" truecount="1" falsecount="1"/>
        <line num="506" count="0" type="cond" truecount="0" falsecount="2"/>
        <line num="508" count="0" type="stmt"/>
        <line num="509" count="0" type="stmt"/>
        <line num="511" count="0" type="stmt"/>
        <line num="513" count="0" type="stmt"/>
        <line num="514" count="0" type="stmt"/>
        <line num="517" count="0" type="stmt"/>
        <line num="518" count="0" type="stmt"/>
        <line num="519" count="0" type="stmt"/>
        <line num="522" count="0" type="stmt"/>
        <line num="525" count="0" type="cond" truecount="0" falsecount="2"/>
        <line num="526" count="0" type="stmt"/>
        <line num="527" count="0" type="stmt"/>
        <line num="530" count="0" type="stmt"/>
        <line num="531" count="0" type="stmt"/>
        <line num="532" count="0" type="cond" truecount="0" falsecount="2"/>
        <line num="535" count="0" type="cond" truecount="0" falsecount="2"/>
        <line num="536" count="0" type="stmt"/>
        <line num="539" count="0" type="stmt"/>
        <line num="540" count="0" type="stmt"/>
        <line num="541" count="0" type="stmt"/>
        <line num="542" count="0" type="stmt"/>
        <line num="545" count="0" type="stmt"/>
        <line num="546" count="0" type="stmt"/>
        <line num="547" count="0" type="stmt"/>
        <line num="549" count="0" type="stmt"/>
        <line num="590" count="1" type="cond" truecount="1" falsecount="1"/>
        <line num="592" count="1" type="stmt"/>
        <line num="593" count="1" type="stmt"/>
        <line num="595" count="1" type="stmt"/>
        <line num="596" count="1" type="stmt"/>
        <line num="598" count="1" type="stmt"/>
        <line num="599" count="1" type="stmt"/>
        <line num="601" count="1" type="stmt"/>
        <line num="641" count="0" type="cond" truecount="0" falsecount="2"/>
        <line num="643" count="0" type="cond" truecount="0" falsecount="2"/>
        <line num="645" count="0" type="stmt"/>
        <line num="646" count="0" type="stmt"/>
        <line num="647" count="0" type="stmt"/>
        <line num="649" count="0" type="stmt"/>
        <line num="677" count="0" type="stmt"/>
        <line num="678" count="0" type="stmt"/>
        <line num="679" count="0" type="stmt"/>
        <line num="681" count="0" type="stmt"/>
        <line num="712" count="4" type="stmt"/>
      </file>
      <file name="grade5-meas-geo.ts" path="C:\Users\dmedl\Projects\MathFlow\src\domain\skills\grade5-meas-geo.ts">
        <metrics statements="64" coveredstatements="43" conditionals="15" coveredconditionals="8" methods="11" coveredmethods="7"/>
        <line num="5" count="4" type="cond" truecount="1" falsecount="0"/>
        <line num="6" count="45" type="stmt"/>
        <line num="9" count="4" type="stmt"/>
        <line num="12" count="25" type="stmt"/>
        <line num="43" count="4" type="stmt"/>
        <line num="55" count="4" type="stmt"/>
        <line num="60" count="5" type="stmt"/>
        <line num="61" count="5" type="stmt"/>
        <line num="62" count="5" type="stmt"/>
        <line num="63" count="5" type="stmt"/>
        <line num="68" count="5" type="stmt"/>
        <line num="110" count="4" type="stmt"/>
        <line num="116" count="4" type="stmt"/>
        <line num="128" count="4" type="stmt"/>
        <line num="132" count="5" type="stmt"/>
        <line num="133" count="5" type="stmt"/>
        <line num="134" count="5" type="stmt"/>
        <line num="135" count="5" type="stmt"/>
        <line num="137" count="5" type="stmt"/>
        <line num="177" count="4" type="stmt"/>
        <line num="183" count="4" type="stmt"/>
        <line num="195" count="4" type="stmt"/>
        <line num="200" count="5" type="stmt"/>
        <line num="201" count="5" type="stmt"/>
        <line num="210" count="5" type="cond" truecount="3" falsecount="1"/>
        <line num="212" count="5" type="cond" truecount="1" falsecount="1"/>
        <line num="213" count="5" type="stmt"/>
        <line num="249" count="0" type="stmt"/>
        <line num="277" count="4" type="stmt"/>
        <line num="283" count="4" type="stmt"/>
        <line num="295" count="4" type="stmt"/>
        <line num="300" count="5" type="stmt"/>
        <line num="309" count="5" type="stmt"/>
        <line num="311" count="5" type="stmt"/>
        <line num="340" count="4" type="stmt"/>
        <line num="346" count="4" type="stmt"/>
        <line num="358" count="4" type="stmt"/>
        <line num="365" count="5" type="cond" truecount="2" falsecount="0"/>
        <line num="366" count="5" type="stmt"/>
        <line num="368" count="5" type="stmt"/>
        <line num="406" count="4" type="stmt"/>
        <line num="412" count="4" type="stmt"/>
        <line num="424" count="4" type="stmt"/>
        <line num="430" count="0" type="stmt"/>
        <line num="431" count="0" type="stmt"/>
        <line num="434" count="0" type="stmt"/>
        <line num="435" count="0" type="stmt"/>
        <line num="436" count="0" type="stmt"/>
        <line num="437" count="0" type="stmt"/>
        <line num="441" count="0" type="stmt"/>
        <line num="449" count="0" type="stmt"/>
        <line num="452" count="0" type="stmt"/>
        <line num="453" count="0" type="stmt"/>
        <line num="455" count="0" type="cond" truecount="0" falsecount="2"/>
        <line num="457" count="0" type="stmt"/>
        <line num="458" count="0" type="stmt"/>
        <line num="459" count="0" type="stmt"/>
        <line num="463" count="0" type="cond" truecount="0" falsecount="2"/>
        <line num="465" count="0" type="stmt"/>
        <line num="495" count="0" type="stmt"/>
        <line num="496" count="0" type="stmt"/>
        <line num="497" count="0" type="stmt"/>
        <line num="499" count="0" type="stmt"/>
        <line num="530" count="4" type="stmt"/>
      </file>
      <file name="grade5-nbt.ts" path="C:\Users\dmedl\Projects\MathFlow\src\domain\skills\grade5-nbt.ts">
        <metrics statements="173" coveredstatements="125" conditionals="129" coveredconditionals="47" methods="13" coveredmethods="13"/>
        <line num="5" count="4" type="cond" truecount="1" falsecount="0"/>
        <line num="6" count="16" type="stmt"/>
        <line num="9" count="4" type="stmt"/>
        <line num="12" count="10" type="stmt"/>
        <line num="40" count="4" type="stmt"/>
        <line num="41" count="1" type="stmt"/>
        <line num="48" count="4" type="stmt"/>
        <line num="60" count="4" type="stmt"/>
        <line num="70" count="1" type="cond" truecount="1" falsecount="1"/>
        <line num="72" count="1" type="cond" truecount="1" falsecount="1"/>
        <line num="73" count="0" type="stmt"/>
        <line num="74" count="0" type="stmt"/>
        <line num="75" count="0" type="stmt"/>
        <line num="76" count="0" type="cond" truecount="0" falsecount="2"/>
        <line num="78" count="0" type="cond" truecount="0" falsecount="2"/>
        <line num="79" count="0" type="stmt"/>
        <line num="80" count="0" type="stmt"/>
        <line num="105" count="0" type="stmt"/>
        <line num="106" count="0" type="stmt"/>
        <line num="131" count="1" type="cond" truecount="1" falsecount="1"/>
        <line num="132" count="1" type="stmt"/>
        <line num="133" count="1" type="stmt"/>
        <line num="134" count="1" type="stmt"/>
        <line num="158" count="0" type="cond" truecount="0" falsecount="2"/>
        <line num="159" count="0" type="cond" truecount="0" falsecount="2"/>
        <line num="161" count="0" type="cond" truecount="0" falsecount="2"/>
        <line num="162" count="0" type="cond" truecount="0" falsecount="2"/>
        <line num="164" count="0" type="stmt"/>
        <line num="166" count="0" type="stmt"/>
        <line num="167" count="0" type="stmt"/>
        <line num="168" count="0" type="cond" truecount="0" falsecount="2"/>
        <line num="169" count="0" type="cond" truecount="0" falsecount="2"/>
        <line num="170" count="0" type="stmt"/>
        <line num="171" count="0" type="stmt"/>
        <line num="173" count="0" type="stmt"/>
        <line num="211" count="0" type="stmt"/>
        <line num="212" count="0" type="stmt"/>
        <line num="213" count="0" type="stmt"/>
        <line num="214" count="0" type="stmt"/>
        <line num="215" count="0" type="cond" truecount="0" falsecount="2"/>
        <line num="216" count="0" type="cond" truecount="0" falsecount="2"/>
        <line num="217" count="0" type="stmt"/>
        <line num="218" count="0" type="stmt"/>
        <line num="220" count="0" type="stmt"/>
        <line num="260" count="4" type="stmt"/>
        <line num="266" count="4" type="stmt"/>
        <line num="277" count="4" type="stmt"/>
        <line num="281" count="1" type="stmt"/>
        <line num="282" count="1" type="stmt"/>
        <line num="283" count="1" type="stmt"/>
        <line num="284" count="1" type="stmt"/>
        <line num="287" count="1" type="stmt"/>
        <line num="288" count="1" type="stmt"/>
        <line num="289" count="1" type="stmt"/>
        <line num="290" count="1" type="stmt"/>
        <line num="291" count="1" type="cond" truecount="1" falsecount="1"/>
        <line num="292" count="1" type="stmt"/>
        <line num="293" count="1" type="stmt"/>
        <line num="295" count="1" type="cond" truecount="1" falsecount="1"/>
        <line num="296" count="1" type="stmt"/>
        <line num="297" count="1" type="stmt"/>
        <line num="298" count="1" type="cond" truecount="1" falsecount="1"/>
        <line num="299" count="1" type="stmt"/>
        <line num="300" count="1" type="stmt"/>
        <line num="302" count="1" type="stmt"/>
        <line num="304" count="1" type="stmt"/>
        <line num="332" count="4" type="stmt"/>
        <line num="338" count="4" type="stmt"/>
        <line num="349" count="4" type="stmt"/>
        <line num="353" count="1" type="cond" truecount="1" falsecount="1"/>
        <line num="357" count="1" type="cond" truecount="1" falsecount="1"/>
        <line num="359" count="1" type="stmt"/>
        <line num="360" count="1" type="stmt"/>
        <line num="361" count="1" type="stmt"/>
        <line num="362" count="1" type="cond" truecount="2" falsecount="2"/>
        <line num="363" count="0" type="cond" truecount="0" falsecount="2"/>
        <line num="365" count="0" type="stmt"/>
        <line num="366" count="0" type="stmt"/>
        <line num="367" count="0" type="stmt"/>
        <line num="368" count="0" type="stmt"/>
        <line num="369" count="0" type="stmt"/>
        <line num="372" count="0" type="stmt"/>
        <line num="373" count="0" type="stmt"/>
        <line num="374" count="0" type="cond" truecount="0" falsecount="4"/>
        <line num="375" count="0" type="cond" truecount="0" falsecount="2"/>
        <line num="378" count="1" type="cond" truecount="2" falsecount="0"/>
        <line num="379" count="1" type="cond" truecount="2" falsecount="0"/>
        <line num="381" count="1" type="stmt"/>
        <line num="382" count="1" type="cond" truecount="1" falsecount="1"/>
        <line num="383" count="1" type="cond" truecount="1" falsecount="1"/>
        <line num="385" count="1" type="stmt"/>
        <line num="421" count="4" type="stmt"/>
        <line num="427" count="4" type="stmt"/>
        <line num="438" count="4" type="stmt"/>
        <line num="442" count="1" type="stmt"/>
        <line num="443" count="1" type="cond" truecount="1" falsecount="1"/>
        <line num="444" count="1" type="stmt"/>
        <line num="446" count="1" type="stmt"/>
        <line num="447" count="1" type="stmt"/>
        <line num="448" count="1" type="stmt"/>
        <line num="451" count="1" type="cond" truecount="2" falsecount="2"/>
        <line num="452" count="1" type="stmt"/>
        <line num="453" count="0" type="stmt"/>
        <line num="455" count="1" type="stmt"/>
        <line num="482" count="4" type="stmt"/>
        <line num="488" count="4" type="stmt"/>
        <line num="499" count="4" type="stmt"/>
        <line num="503" count="1" type="cond" truecount="1" falsecount="1"/>
        <line num="504" count="1" type="stmt"/>
        <line num="505" count="1" type="stmt"/>
        <line num="506" count="1" type="cond" truecount="1" falsecount="1"/>
        <line num="507" count="1" type="cond" truecount="1" falsecount="1"/>
        <line num="509" count="1" type="cond" truecount="2" falsecount="2"/>
        <line num="511" count="1" type="cond" truecount="1" falsecount="1"/>
        <line num="512" count="1" type="stmt"/>
        <line num="513" count="1" type="cond" truecount="1" falsecount="1"/>
        <line num="515" count="1" type="stmt"/>
        <line num="551" count="4" type="stmt"/>
        <line num="557" count="4" type="stmt"/>
        <line num="568" count="4" type="stmt"/>
        <line num="573" count="1" type="cond" truecount="1" falsecount="1"/>
        <line num="577" count="1" type="stmt"/>
        <line num="578" count="1" type="stmt"/>
        <line num="580" count="1" type="stmt"/>
        <line num="607" count="4" type="stmt"/>
        <line num="613" count="4" type="stmt"/>
        <line num="624" count="4" type="stmt"/>
        <line num="628" count="1" type="cond" truecount="1" falsecount="1"/>
        <line num="631" count="1" type="cond" truecount="1" falsecount="1"/>
        <line num="632" count="1" type="cond" truecount="1" falsecount="1"/>
        <line num="633" count="1" type="cond" truecount="1" falsecount="1"/>
        <line num="635" count="0" type="cond" truecount="0" falsecount="4"/>
        <line num="636" count="0" type="cond" truecount="0" falsecount="2"/>
        <line num="637" count="0" type="stmt"/>
        <line num="639" count="1" type="stmt"/>
        <line num="640" count="1" type="stmt"/>
        <line num="642" count="1" type="stmt"/>
        <line num="669" count="4" type="stmt"/>
        <line num="675" count="4" type="stmt"/>
        <line num="687" count="4" type="stmt"/>
        <line num="691" count="1" type="stmt"/>
        <line num="692" count="1" type="stmt"/>
        <line num="693" count="1" type="cond" truecount="1" falsecount="1"/>
        <line num="694" count="1" type="stmt"/>
        <line num="695" count="1" type="cond" truecount="1" falsecount="1"/>
        <line num="696" count="1" type="stmt"/>
        <line num="698" count="1" type="stmt"/>
        <line num="701" count="1" type="cond" truecount="1" falsecount="1"/>
        <line num="703" count="1" type="stmt"/>
        <line num="732" count="4" type="stmt"/>
        <line num="738" count="4" type="stmt"/>
        <line num="749" count="4" type="stmt"/>
        <line num="753" count="1" type="cond" truecount="1" falsecount="1"/>
        <line num="755" count="1" type="cond" truecount="1" falsecount="1"/>
        <line num="757" count="1" type="cond" truecount="1" falsecount="1"/>
        <line num="758" count="1" type="stmt"/>
        <line num="759" count="0" type="cond" truecount="0" falsecount="2"/>
        <line num="760" count="0" type="cond" truecount="0" falsecount="2"/>
        <line num="762" count="0" type="cond" truecount="0" falsecount="2"/>
        <line num="764" count="1" type="stmt"/>
        <line num="766" count="1" type="stmt"/>
        <line num="793" count="4" type="stmt"/>
        <line num="799" count="4" type="stmt"/>
        <line num="811" count="4" type="stmt"/>
        <line num="816" count="1" type="stmt"/>
        <line num="818" count="1" type="cond" truecount="1" falsecount="1"/>
        <line num="819" count="1" type="stmt"/>
        <line num="822" count="1" type="stmt"/>
        <line num="826" count="1" type="cond" truecount="2" falsecount="2"/>
        <line num="828" count="1" type="cond" truecount="1" falsecount="1"/>
        <line num="829" count="1" type="stmt"/>
        <line num="865" count="0" type="stmt"/>
        <line num="897" count="4" type="stmt"/>
      </file>
      <file name="grade5-oa.ts" path="C:\Users\dmedl\Projects\MathFlow\src\domain\skills\grade5-oa.ts">
        <metrics statements="57" coveredstatements="54" conditionals="21" coveredconditionals="16" methods="13" coveredmethods="13"/>
        <line num="5" count="5" type="cond" truecount="1" falsecount="0"/>
        <line num="6" count="138" type="stmt"/>
        <line num="9" count="5" type="stmt"/>
        <line num="12" count="41" type="stmt"/>
        <line num="43" count="5" type="stmt"/>
        <line num="59" count="5" type="stmt"/>
        <line num="66" count="21" type="cond" truecount="3" falsecount="1"/>
        <line num="68" count="21" type="cond" truecount="2" falsecount="0"/>
        <line num="70" count="15" type="stmt"/>
        <line num="72" count="3" type="stmt"/>
        <line num="73" count="3" type="stmt"/>
        <line num="76" count="3" type="stmt"/>
        <line num="77" count="3" type="stmt"/>
        <line num="80" count="7" type="stmt"/>
        <line num="81" count="7" type="stmt"/>
        <line num="84" count="2" type="stmt"/>
        <line num="85" count="2" type="stmt"/>
        <line num="89" count="15" type="stmt"/>
        <line num="90" count="15" type="stmt"/>
        <line num="91" count="15" type="stmt"/>
        <line num="92" count="15" type="stmt"/>
        <line num="94" count="15" type="stmt"/>
        <line num="95" count="15" type="stmt"/>
        <line num="98" count="15" type="cond" truecount="1" falsecount="1"/>
        <line num="100" count="0" type="stmt"/>
        <line num="101" count="0" type="stmt"/>
        <line num="102" count="0" type="stmt"/>
        <line num="106" count="15" type="stmt"/>
        <line num="107" count="15" type="cond" truecount="2" falsecount="0"/>
        <line num="109" count="15" type="stmt"/>
        <line num="148" count="6" type="stmt"/>
        <line num="149" count="6" type="stmt"/>
        <line num="150" count="6" type="stmt"/>
        <line num="156" count="6" type="cond" truecount="1" falsecount="1"/>
        <line num="158" count="6" type="stmt"/>
        <line num="159" count="6" type="stmt"/>
        <line num="160" count="6" type="stmt"/>
        <line num="162" count="6" type="cond" truecount="2" falsecount="0"/>
        <line num="163" count="4" type="stmt"/>
        <line num="164" count="4" type="stmt"/>
        <line num="165" count="4" type="stmt"/>
        <line num="167" count="2" type="stmt"/>
        <line num="168" count="2" type="stmt"/>
        <line num="169" count="2" type="stmt"/>
        <line num="172" count="6" type="stmt"/>
        <line num="184" count="6" type="cond" truecount="1" falsecount="1"/>
        <line num="217" count="5" type="stmt"/>
        <line num="223" count="5" type="stmt"/>
        <line num="235" count="5" type="stmt"/>
        <line num="243" count="20" type="stmt"/>
        <line num="244" count="20" type="stmt"/>
        <line num="245" count="20" type="stmt"/>
        <line num="253" count="20" type="stmt"/>
        <line num="254" count="20" type="stmt"/>
        <line num="255" count="20" type="stmt"/>
        <line num="260" count="20" type="stmt"/>
        <line num="294" count="5" type="stmt"/>
      </file>
      <file name="grade6-ee.ts" path="C:\Users\dmedl\Projects\MathFlow\src\domain\skills\grade6-ee.ts">
        <metrics statements="67" coveredstatements="53" conditionals="27" coveredconditionals="16" methods="8" coveredmethods="8"/>
        <line num="5" count="4" type="cond" truecount="1" falsecount="0"/>
        <line num="6" count="8" type="stmt"/>
        <line num="9" count="4" type="stmt"/>
        <line num="12" count="6" type="stmt"/>
        <line num="43" count="4" type="stmt"/>
        <line num="55" count="4" type="stmt"/>
        <line num="59" count="1" type="stmt"/>
        <line num="60" count="1" type="stmt"/>
        <line num="61" count="1" type="stmt"/>
        <line num="63" count="1" type="stmt"/>
        <line num="99" count="4" type="stmt"/>
        <line num="105" count="4" type="stmt"/>
        <line num="117" count="4" type="stmt"/>
        <line num="122" count="1" type="cond" truecount="2" falsecount="0"/>
        <line num="123" count="1" type="stmt"/>
        <line num="124" count="1" type="stmt"/>
        <line num="126" count="1" type="stmt"/>
        <line num="127" count="1" type="stmt"/>
        <line num="129" count="1" type="cond" truecount="1" falsecount="1"/>
        <line num="131" count="0" type="stmt"/>
        <line num="132" count="0" type="stmt"/>
        <line num="133" count="1" type="cond" truecount="1" falsecount="1"/>
        <line num="135" count="1" type="stmt"/>
        <line num="136" count="1" type="stmt"/>
        <line num="137" count="0" type="cond" truecount="0" falsecount="2"/>
        <line num="139" count="0" type="stmt"/>
        <line num="140" count="0" type="stmt"/>
        <line num="143" count="0" type="stmt"/>
        <line num="145" count="0" type="stmt"/>
        <line num="146" count="0" type="stmt"/>
        <line num="147" count="0" type="stmt"/>
        <line num="167" count="1" type="stmt"/>
        <line num="194" count="4" type="stmt"/>
        <line num="199" count="4" type="stmt"/>
        <line num="210" count="4" type="stmt"/>
        <line num="216" count="1" type="cond" truecount="3" falsecount="1"/>
        <line num="218" count="1" type="cond" truecount="1" falsecount="1"/>
        <line num="219" count="0" type="stmt"/>
        <line num="220" count="0" type="stmt"/>
        <line num="221" count="0" type="stmt"/>
        <line num="222" count="0" type="stmt"/>
        <line num="224" count="0" type="stmt"/>
        <line num="246" count="1" type="stmt"/>
        <line num="248" count="1" type="stmt"/>
        <line num="277" count="4" type="stmt"/>
        <line num="282" count="4" type="stmt"/>
        <line num="294" count="4" type="stmt"/>
        <line num="299" count="1" type="stmt"/>
        <line num="300" count="1" type="stmt"/>
        <line num="302" count="1" type="stmt"/>
        <line num="304" count="1" type="stmt"/>
        <line num="328" count="4" type="stmt"/>
        <line num="333" count="4" type="stmt"/>
        <line num="344" count="4" type="stmt"/>
        <line num="348" count="1" type="stmt"/>
        <line num="349" count="1" type="cond" truecount="2" falsecount="0"/>
        <line num="351" count="1" type="cond" truecount="1" falsecount="1"/>
        <line num="355" count="1" type="cond" truecount="1" falsecount="1"/>
        <line num="356" count="1" type="cond" truecount="1" falsecount="1"/>
        <line num="360" count="1" type="stmt"/>
        <line num="387" count="4" type="stmt"/>
        <line num="392" count="4" type="stmt"/>
        <line num="403" count="4" type="stmt"/>
        <line num="408" count="1" type="stmt"/>
        <line num="409" count="1" type="stmt"/>
        <line num="411" count="1" type="stmt"/>
        <line num="435" count="4" type="stmt"/>
      </file>
      <file name="grade6-geometry.ts" path="C:\Users\dmedl\Projects\MathFlow\src\domain\skills\grade6-geometry.ts">
        <metrics statements="57" coveredstatements="52" conditionals="23" coveredconditionals="14" methods="7" coveredmethods="7"/>
        <line num="5" count="4" type="cond" truecount="1" falsecount="0"/>
        <line num="6" count="13" type="stmt"/>
        <line num="9" count="4" type="stmt"/>
        <line num="12" count="5" type="stmt"/>
        <line num="43" count="4" type="stmt"/>
        <line num="55" count="4" type="stmt"/>
        <line num="60" count="2" type="cond" truecount="1" falsecount="1"/>
        <line num="61" count="2" type="stmt"/>
        <line num="62" count="2" type="stmt"/>
        <line num="64" count="2" type="cond" truecount="2" falsecount="0"/>
        <line num="66" count="1" type="stmt"/>
        <line num="67" count="1" type="cond" truecount="1" falsecount="1"/>
        <line num="70" count="1" type="stmt"/>
        <line num="105" count="1" type="stmt"/>
        <line num="106" count="1" type="stmt"/>
        <line num="107" count="1" type="stmt"/>
        <line num="109" count="1" type="stmt"/>
        <line num="146" count="4" type="stmt"/>
        <line num="148" count="4" type="stmt"/>
        <line num="149" count="5" type="cond" truecount="2" falsecount="0"/>
        <line num="155" count="4" type="stmt"/>
        <line num="166" count="4" type="stmt"/>
        <line num="174" count="1" type="cond" truecount="1" falsecount="1"/>
        <line num="176" count="1" type="cond" truecount="1" falsecount="1"/>
        <line num="177" count="1" type="stmt"/>
        <line num="178" count="1" type="stmt"/>
        <line num="179" count="1" type="stmt"/>
        <line num="203" count="0" type="stmt"/>
        <line num="204" count="0" type="stmt"/>
        <line num="205" count="0" type="stmt"/>
        <line num="206" count="0" type="stmt"/>
        <line num="208" count="0" type="stmt"/>
        <line num="233" count="4" type="stmt"/>
        <line num="238" count="4" type="stmt"/>
        <line num="249" count="4" type="stmt"/>
        <line num="256" count="1" type="stmt"/>
        <line num="257" count="1" type="stmt"/>
        <line num="258" count="1" type="stmt"/>
        <line num="259" count="1" type="stmt"/>
        <line num="260" count="1" type="stmt"/>
        <line num="262" count="1" type="stmt"/>
        <line num="263" count="1" type="stmt"/>
        <line num="265" count="1" type="stmt"/>
        <line num="266" count="1" type="stmt"/>
        <line num="267" count="1" type="stmt"/>
        <line num="269" count="1" type="cond" truecount="1" falsecount="1"/>
        <line num="271" count="1" type="stmt"/>
        <line num="295" count="4" type="stmt"/>
        <line num="300" count="4" type="stmt"/>
        <line num="311" count="4" type="stmt"/>
        <line num="318" count="1" type="stmt"/>
        <line num="319" count="1" type="stmt"/>
        <line num="320" count="1" type="stmt"/>
        <line num="322" count="1" type="cond" truecount="1" falsecount="1"/>
        <line num="324" count="1" type="stmt"/>
        <line num="326" count="1" type="stmt"/>
        <line num="350" count="4" type="stmt"/>
      </file>
      <file name="grade6-ns.ts" path="C:\Users\dmedl\Projects\MathFlow\src\domain\skills\grade6-ns.ts">
        <metrics statements="120" coveredstatements="115" conditionals="63" coveredconditionals="40" methods="12" coveredmethods="12"/>
        <line num="5" count="4" type="cond" truecount="1" falsecount="0"/>
        <line num="6" count="36" type="stmt"/>
        <line num="9" count="4" type="stmt"/>
        <line num="12" count="13" type="stmt"/>
        <line num="41" count="30" type="cond" truecount="2" falsecount="0"/>
        <line num="48" count="4" type="stmt"/>
        <line num="59" count="4" type="stmt"/>
        <line num="64" count="2" type="stmt"/>
        <line num="65" count="2" type="stmt"/>
        <line num="66" count="2" type="stmt"/>
        <line num="67" count="2" type="stmt"/>
        <line num="70" count="2" type="stmt"/>
        <line num="71" count="2" type="stmt"/>
        <line num="72" count="2" type="stmt"/>
        <line num="73" count="2" type="stmt"/>
        <line num="74" count="2" type="stmt"/>
        <line num="76" count="2" type="cond" truecount="1" falsecount="1"/>
        <line num="78" count="2" type="stmt"/>
        <line num="127" count="4" type="stmt"/>
        <line num="133" count="4" type="stmt"/>
        <line num="145" count="4" type="stmt"/>
        <line num="150" count="1" type="stmt"/>
        <line num="151" count="1" type="stmt"/>
        <line num="152" count="1" type="stmt"/>
        <line num="154" count="1" type="stmt"/>
        <line num="181" count="4" type="stmt"/>
        <line num="184" count="4" type="stmt"/>
        <line num="185" count="4" type="stmt"/>
        <line num="192" count="4" type="stmt"/>
        <line num="208" count="4" type="stmt"/>
        <line num="213" count="4" type="stmt"/>
        <line num="214" count="4" type="stmt"/>
        <line num="215" count="4" type="stmt"/>
        <line num="217" count="4" type="stmt"/>
        <line num="218" count="4" type="stmt"/>
        <line num="219" count="4" type="stmt"/>
        <line num="220" count="4" type="stmt"/>
        <line num="222" count="4" type="cond" truecount="2" falsecount="0"/>
        <line num="223" count="1" type="stmt"/>
        <line num="224" count="1" type="stmt"/>
        <line num="225" count="1" type="stmt"/>
        <line num="226" count="1" type="stmt"/>
        <line num="227" count="3" type="cond" truecount="2" falsecount="0"/>
        <line num="229" count="1" type="stmt"/>
        <line num="230" count="1" type="stmt"/>
        <line num="231" count="1" type="stmt"/>
        <line num="232" count="1" type="stmt"/>
        <line num="233" count="1" type="stmt"/>
        <line num="234" count="1" type="stmt"/>
        <line num="235" count="2" type="cond" truecount="2" falsecount="0"/>
        <line num="237" count="1" type="stmt"/>
        <line num="238" count="1" type="stmt"/>
        <line num="239" count="1" type="stmt"/>
        <line num="240" count="1" type="stmt"/>
        <line num="241" count="1" type="stmt"/>
        <line num="243" count="1" type="stmt"/>
        <line num="246" count="1" type="stmt"/>
        <line num="247" count="1" type="stmt"/>
        <line num="249" count="1" type="cond" truecount="2" falsecount="2"/>
        <line num="250" count="1" type="cond" truecount="1" falsecount="1"/>
        <line num="251" count="1" type="stmt"/>
        <line num="252" count="1" type="stmt"/>
        <line num="253" count="1" type="stmt"/>
        <line num="254" count="1" type="stmt"/>
        <line num="256" count="1" type="stmt"/>
        <line num="259" count="4" type="stmt"/>
        <line num="273" count="4" type="stmt"/>
        <line num="279" count="4" type="stmt"/>
        <line num="291" count="1" type="stmt"/>
        <line num="294" count="4" type="stmt"/>
        <line num="298" count="2" type="cond" truecount="3" falsecount="1"/>
        <line num="299" count="2" type="stmt"/>
        <line num="300" count="2" type="stmt"/>
        <line num="303" count="2" type="cond" truecount="1" falsecount="1"/>
        <line num="305" count="2" type="cond" truecount="2" falsecount="0"/>
        <line num="306" count="1" type="stmt"/>
        <line num="307" count="1" type="stmt"/>
        <line num="329" count="1" type="stmt"/>
        <line num="330" count="1" type="stmt"/>
        <line num="355" count="4" type="stmt"/>
        <line num="361" count="4" type="stmt"/>
        <line num="372" count="4" type="stmt"/>
        <line num="378" count="2" type="cond" truecount="3" falsecount="1"/>
        <line num="380" count="2" type="cond" truecount="2" falsecount="0"/>
        <line num="381" count="1" type="stmt"/>
        <line num="382" count="1" type="cond" truecount="1" falsecount="1"/>
        <line num="383" count="1" type="stmt"/>
        <line num="384" count="1" type="stmt"/>
        <line num="406" count="1" type="stmt"/>
        <line num="407" count="1" type="cond" truecount="2" falsecount="2"/>
        <line num="408" count="1" type="stmt"/>
        <line num="409" count="1" type="stmt"/>
        <line num="410" count="1" type="cond" truecount="1" falsecount="1"/>
        <line num="411" count="0" type="stmt"/>
        <line num="412" count="0" type="stmt"/>
        <line num="414" count="1" type="stmt"/>
        <line num="415" count="1" type="stmt"/>
        <line num="417" count="1" type="stmt"/>
        <line num="439" count="4" type="stmt"/>
        <line num="445" count="4" type="stmt"/>
        <line num="456" count="4" type="stmt"/>
        <line num="462" count="1" type="stmt"/>
        <line num="463" count="1" type="stmt"/>
        <line num="464" count="1" type="cond" truecount="1" falsecount="1"/>
        <line num="466" count="1" type="stmt"/>
        <line num="468" count="1" type="stmt"/>
        <line num="495" count="4" type="stmt"/>
        <line num="501" count="4" type="stmt"/>
        <line num="512" count="4" type="stmt"/>
        <line num="517" count="1" type="stmt"/>
        <line num="518" count="1" type="stmt"/>
        <line num="519" count="1" type="cond" truecount="3" falsecount="1"/>
        <line num="520" count="0" type="stmt"/>
        <line num="522" count="1" type="stmt"/>
        <line num="523" count="1" type="cond" truecount="3" falsecount="3"/>
        <line num="524" count="1" type="cond" truecount="2" falsecount="2"/>
        <line num="525" count="0" type="cond" truecount="0" falsecount="2"/>
        <line num="526" count="0" type="stmt"/>
        <line num="528" count="1" type="stmt"/>
        <line num="554" count="4" type="stmt"/>
      </file>
      <file name="grade6-rp.ts" path="C:\Users\dmedl\Projects\MathFlow\src\domain\skills\grade6-rp.ts">
        <metrics statements="77" coveredstatements="54" conditionals="41" coveredconditionals="18" methods="8" coveredmethods="7"/>
        <line num="5" count="4" type="cond" truecount="1" falsecount="0"/>
        <line num="6" count="13" type="stmt"/>
        <line num="9" count="4" type="stmt"/>
        <line num="12" count="5" type="stmt"/>
        <line num="40" count="4" type="stmt"/>
        <line num="41" count="0" type="stmt"/>
        <line num="48" count="4" type="stmt"/>
        <line num="59" count="4" type="stmt"/>
        <line num="66" count="1" type="cond" truecount="3" falsecount="1"/>
        <line num="68" count="1" type="cond" truecount="1" falsecount="1"/>
        <line num="69" count="0" type="stmt"/>
        <line num="70" count="0" type="stmt"/>
        <line num="71" count="0" type="stmt"/>
        <line num="81" count="0" type="stmt"/>
        <line num="82" count="0" type="stmt"/>
        <line num="84" count="0" type="cond" truecount="0" falsecount="2"/>
        <line num="85" count="0" type="cond" truecount="0" falsecount="2"/>
        <line num="86" count="0" type="cond" truecount="0" falsecount="2"/>
        <line num="87" count="0" type="cond" truecount="0" falsecount="2"/>
        <line num="88" count="0" type="cond" truecount="0" falsecount="2"/>
        <line num="90" count="0" type="stmt"/>
        <line num="124" count="1" type="stmt"/>
        <line num="125" count="1" type="stmt"/>
        <line num="126" count="1" type="stmt"/>
        <line num="132" count="1" type="stmt"/>
        <line num="133" count="1" type="stmt"/>
        <line num="135" count="1" type="stmt"/>
        <line num="172" count="4" type="stmt"/>
        <line num="178" count="4" type="stmt"/>
        <line num="190" count="4" type="stmt"/>
        <line num="195" count="1" type="cond" truecount="3" falsecount="1"/>
        <line num="197" count="1" type="cond" truecount="1" falsecount="1"/>
        <line num="198" count="0" type="stmt"/>
        <line num="200" count="0" type="cond" truecount="0" falsecount="4"/>
        <line num="201" count="0" type="stmt"/>
        <line num="203" count="0" type="stmt"/>
        <line num="243" count="1" type="stmt"/>
        <line num="244" count="1" type="stmt"/>
        <line num="245" count="1" type="stmt"/>
        <line num="247" count="1" type="stmt"/>
        <line num="275" count="4" type="stmt"/>
        <line num="281" count="4" type="stmt"/>
        <line num="293" count="4" type="stmt"/>
        <line num="299" count="1" type="cond" truecount="3" falsecount="1"/>
        <line num="301" count="1" type="cond" truecount="1" falsecount="1"/>
        <line num="302" count="1" type="stmt"/>
        <line num="303" count="1" type="stmt"/>
        <line num="304" count="1" type="stmt"/>
        <line num="306" count="1" type="stmt"/>
        <line num="334" count="0" type="stmt"/>
        <line num="335" count="0" type="stmt"/>
        <line num="336" count="0" type="stmt"/>
        <line num="338" count="0" type="stmt"/>
        <line num="368" count="4" type="stmt"/>
        <line num="374" count="4" type="stmt"/>
        <line num="385" count="4" type="stmt"/>
        <line num="389" count="1" type="stmt"/>
        <line num="390" count="1" type="stmt"/>
        <line num="391" count="1" type="stmt"/>
        <line num="392" count="1" type="stmt"/>
        <line num="399" count="1" type="cond" truecount="3" falsecount="1"/>
        <line num="401" count="1" type="cond" truecount="1" falsecount="1"/>
        <line num="402" count="1" type="stmt"/>
        <line num="403" count="1" type="stmt"/>
        <line num="404" count="1" type="stmt"/>
        <line num="434" count="0" type="stmt"/>
        <line num="435" count="0" type="stmt"/>
        <line num="436" count="0" type="stmt"/>
        <line num="469" count="4" type="stmt"/>
        <line num="475" count="4" type="stmt"/>
        <line num="486" count="4" type="stmt"/>
        <line num="491" count="1" type="stmt"/>
        <line num="499" count="1" type="stmt"/>
        <line num="504" count="1" type="stmt"/>
        <line num="505" count="1" type="stmt"/>
        <line num="507" count="1" type="stmt"/>
        <line num="534" count="4" type="stmt"/>
      </file>
      <file name="grade6-stats.ts" path="C:\Users\dmedl\Projects\MathFlow\src\domain\skills\grade6-stats.ts">
        <metrics statements="122" coveredstatements="122" conditionals="51" coveredconditionals="46" methods="16" coveredmethods="16"/>
        <line num="5" count="5" type="cond" truecount="1" falsecount="0"/>
        <line num="6" count="81" type="stmt"/>
        <line num="9" count="5" type="stmt"/>
        <line num="12" count="14" type="stmt"/>
        <line num="45" count="5" type="stmt"/>
        <line num="56" count="5" type="stmt"/>
        <line num="60" count="2" type="stmt"/>
        <line num="62" count="2" type="stmt"/>
        <line num="63" count="2" type="stmt"/>
        <line num="66" count="2" type="stmt"/>
        <line num="67" count="2" type="stmt"/>
        <line num="68" count="2" type="stmt"/>
        <line num="69" count="8" type="stmt"/>
        <line num="74" count="8" type="stmt"/>
        <line num="75" count="8" type="stmt"/>
        <line num="77" count="2" type="stmt"/>
        <line num="80" count="15" type="cond" truecount="2" falsecount="0"/>
        <line num="82" count="2" type="stmt"/>
        <line num="84" count="2" type="stmt"/>
        <line num="113" count="5" type="stmt"/>
        <line num="119" count="5" type="stmt"/>
        <line num="130" count="5" type="stmt"/>
        <line num="135" count="4" type="stmt"/>
        <line num="136" count="4" type="stmt"/>
        <line num="137" count="4" type="stmt"/>
        <line num="138" count="21" type="stmt"/>
        <line num="140" count="21" type="stmt"/>
        <line num="141" count="4" type="stmt"/>
        <line num="143" count="4" type="stmt"/>
        <line num="144" count="4" type="stmt"/>
        <line num="145" count="4" type="stmt"/>
        <line num="147" count="4" type="cond" truecount="2" falsecount="0"/>
        <line num="149" count="2" type="stmt"/>
        <line num="150" count="2" type="cond" truecount="2" falsecount="0"/>
        <line num="151" count="1" type="stmt"/>
        <line num="152" count="1" type="stmt"/>
        <line num="156" count="1" type="stmt"/>
        <line num="157" count="1" type="stmt"/>
        <line num="161" count="2" type="stmt"/>
        <line num="162" count="2" type="cond" truecount="2" falsecount="0"/>
        <line num="165" count="1" type="stmt"/>
        <line num="166" count="1" type="stmt"/>
        <line num="168" count="8" type="cond" truecount="1" falsecount="1"/>
        <line num="172" count="1" type="stmt"/>
        <line num="173" count="1" type="stmt"/>
        <line num="174" count="1" type="stmt"/>
        <line num="175" count="1" type="stmt"/>
        <line num="176" count="6" type="cond" truecount="2" falsecount="0"/>
        <line num="177" count="6" type="cond" truecount="2" falsecount="0"/>
        <line num="179" count="1" type="stmt"/>
        <line num="180" count="4" type="cond" truecount="2" falsecount="0"/>
        <line num="184" count="1" type="stmt"/>
        <line num="185" count="1" type="stmt"/>
        <line num="186" count="1" type="stmt"/>
        <line num="194" count="5" type="cond" truecount="1" falsecount="1"/>
        <line num="195" count="1" type="stmt"/>
        <line num="196" count="1" type="stmt"/>
        <line num="197" count="1" type="stmt"/>
        <line num="200" count="1" type="stmt"/>
        <line num="201" count="1" type="stmt"/>
        <line num="202" count="1" type="stmt"/>
        <line num="207" count="4" type="stmt"/>
        <line num="228" count="5" type="stmt"/>
        <line num="234" count="5" type="stmt"/>
        <line num="245" count="5" type="stmt"/>
        <line num="254" count="1" type="stmt"/>
        <line num="255" count="1" type="stmt"/>
        <line num="256" count="7" type="stmt"/>
        <line num="257" count="14" type="stmt"/>
        <line num="259" count="1" type="stmt"/>
        <line num="260" count="1" type="stmt"/>
        <line num="261" count="1" type="stmt"/>
        <line num="263" count="14" type="cond" truecount="2" falsecount="0"/>
        <line num="265" count="1" type="stmt"/>
        <line num="298" count="5" type="stmt"/>
        <line num="300" count="5" type="stmt"/>
        <line num="311" count="5" type="stmt"/>
        <line num="315" count="2" type="stmt"/>
        <line num="316" count="2" type="stmt"/>
        <line num="317" count="2" type="stmt"/>
        <line num="318" count="2" type="stmt"/>
        <line num="319" count="2" type="stmt"/>
        <line num="321" count="2" type="cond" truecount="3" falsecount="1"/>
        <line num="325" count="2" type="cond" truecount="2" falsecount="0"/>
        <line num="329" count="2" type="cond" truecount="2" falsecount="0"/>
        <line num="331" count="2" type="stmt"/>
        <line num="362" count="5" type="stmt"/>
        <line num="364" count="5" type="stmt"/>
        <line num="375" count="5" type="stmt"/>
        <line num="380" count="4" type="stmt"/>
        <line num="381" count="4" type="stmt"/>
        <line num="387" count="4" type="stmt"/>
        <line num="388" count="4" type="stmt"/>
        <line num="389" count="4" type="stmt"/>
        <line num="390" count="4" type="stmt"/>
        <line num="392" count="4" type="stmt"/>
        <line num="393" count="12" type="stmt"/>
        <line num="394" count="22" type="stmt"/>
        <line num="395" count="12" type="stmt"/>
        <line num="396" count="12" type="cond" truecount="2" falsecount="0"/>
        <line num="397" count="4" type="stmt"/>
        <line num="398" count="4" type="stmt"/>
        <line num="399" count="4" type="stmt"/>
        <line num="400" count="8" type="cond" truecount="2" falsecount="0"/>
        <line num="401" count="6" type="stmt"/>
        <line num="405" count="4" type="cond" truecount="3" falsecount="1"/>
        <line num="407" count="4" type="cond" truecount="2" falsecount="0"/>
        <line num="409" count="4" type="cond" truecount="4" falsecount="0"/>
        <line num="411" count="4" type="stmt"/>
        <line num="450" count="5" type="stmt"/>
        <line num="452" count="5" type="stmt"/>
        <line num="463" count="5" type="stmt"/>
        <line num="468" count="1" type="stmt"/>
        <line num="469" count="1" type="stmt"/>
        <line num="476" count="1" type="stmt"/>
        <line num="477" count="1" type="stmt"/>
        <line num="478" count="1" type="stmt"/>
        <line num="480" count="1" type="stmt"/>
        <line num="481" count="1" type="stmt"/>
        <line num="482" count="4" type="stmt"/>
        <line num="485" count="1" type="stmt"/>
        <line num="509" count="5" type="stmt"/>
      </file>
      <file name="registry.ts" path="C:\Users\dmedl\Projects\MathFlow\src\domain\skills\registry.ts">
        <metrics statements="1" coveredstatements="1" conditionals="0" coveredconditionals="0" methods="0" coveredmethods="0"/>
        <line num="112" count="3" type="stmt"/>
      </file>
    </package>
    <package name="src.services">
      <metrics statements="16" coveredstatements="16" conditionals="2" coveredconditionals="2" methods="6" coveredmethods="6"/>
      <file name="LearnerService.ts" path="C:\Users\dmedl\Projects\MathFlow\src\services\LearnerService.ts">
        <metrics statements="16" coveredstatements="16" conditionals="2" coveredconditionals="2" methods="6" coveredmethods="6"/>
        <line num="12" count="1" type="stmt"/>
        <line num="21" count="11" type="stmt"/>
        <line num="22" count="11" type="stmt"/>
        <line num="24" count="11" type="stmt"/>
        <line num="26" count="1" type="stmt"/>
        <line num="27" count="1" type="stmt"/>
        <line num="34" count="4" type="stmt"/>
        <line num="35" count="4" type="stmt"/>
        <line num="40" count="2" type="stmt"/>
        <line num="41" count="2" type="stmt"/>
        <line num="45" count="2" type="stmt"/>
        <line num="46" count="2" type="stmt"/>
        <line num="51" count="3" type="stmt"/>
        <line num="53" count="3" type="cond" truecount="2" falsecount="0"/>
        <line num="56" count="2" type="stmt"/>
        <line num="63" count="2" type="stmt"/>
      </file>
    </package>
    <package name="src.test">
      <metrics statements="3" coveredstatements="3" conditionals="2" coveredconditionals="2" methods="3" coveredmethods="3"/>
      <file name="testHelpers.ts" path="C:\Users\dmedl\Projects\MathFlow\src\test\testHelpers.ts">
        <metrics statements="3" coveredstatements="3" conditionals="2" coveredconditionals="2" methods="3" coveredmethods="3"/>
        <line num="3" count="14" type="cond" truecount="1" falsecount="0"/>
        <line num="9" count="27" type="cond" truecount="1" falsecount="0"/>
        <line num="20" count="1" type="stmt"/>
      </file>
    </package>
  </project>
</coverage>
