{"C:\\Users\\dmedl\\Projects\\MathFlow\\src\\domain\\generator\\engine.ts": {"path":"C:\\Users\\dmedl\\Projects\\MathFlow\\src\\domain\\generator\\engine.ts","statementMap":{"0":{"start":{"line":4,"column":47},"end":{"line":4,"column":null}},"1":{"start":{"line":7,"column":4},"end":{"line":7,"column":null}},"2":{"start":{"line":11,"column":4},"end":{"line":11,"column":null}},"3":{"start":{"line":15,"column":22},"end":{"line":15,"column":null}},"4":{"start":{"line":16,"column":4},"end":{"line":18,"column":null}},"5":{"start":{"line":17,"column":8},"end":{"line":17,"column":null}},"6":{"start":{"line":19,"column":4},"end":{"line":19,"column":null}},"7":{"start":{"line":23,"column":22},"end":{"line":23,"column":null}}},"fnMap":{"0":{"name":"(anonymous_0)","decl":{"start":{"line":6,"column":2},"end":{"line":6,"column":11}},"loc":{"start":{"line":6,"column":33},"end":{"line":8,"column":null}},"line":6},"1":{"name":"(anonymous_1)","decl":{"start":{"line":10,"column":2},"end":{"line":10,"column":15}},"loc":{"start":{"line":10,"column":58},"end":{"line":12,"column":null}},"line":10},"2":{"name":"(anonymous_2)","decl":{"start":{"line":14,"column":2},"end":{"line":14,"column":15}},"loc":{"start":{"line":14,"column":61},"end":{"line":20,"column":null}},"line":14}},"branchMap":{"0":{"loc":{"start":{"line":16,"column":4},"end":{"line":18,"column":null}},"type":"if","locations":[{"start":{"line":16,"column":4},"end":{"line":18,"column":null}},{"start":{},"end":{}}],"line":16}},"s":{"0":4,"1":8,"2":3,"3":15,"4":15,"5":2,"6":13,"7":4},"f":{"0":8,"1":3,"2":15},"b":{"0":[2,13]},"meta":{"lastBranch":1,"lastFunction":3,"lastStatement":8,"seen":{"s:4:47:4:Infinity":0,"f:6:2:6:11":0,"s:7:4:7:Infinity":1,"f:10:2:10:15":1,"s:11:4:11:Infinity":2,"f:14:2:14:15":2,"s:15:22:15:Infinity":3,"b:16:4:18:Infinity:undefined:undefined:undefined:undefined":0,"s:16:4:18:Infinity":4,"s:17:8:17:Infinity":5,"s:19:4:19:Infinity":6,"s:23:22:23:Infinity":7}}}
,"C:\\Users\\dmedl\\Projects\\MathFlow\\src\\domain\\learner\\state.ts": {"path":"C:\\Users\\dmedl\\Projects\\MathFlow\\src\\domain\\learner\\state.ts","statementMap":{"0":{"start":{"line":6,"column":19},"end":{"line":6,"column":null}},"1":{"start":{"line":9,"column":30},"end":{"line":12,"column":null}},"2":{"start":{"line":14,"column":2},"end":{"line":21,"column":null}},"3":{"start":{"line":15,"column":4},"end":{"line":20,"column":null}},"4":{"start":{"line":22,"column":2},"end":{"line":22,"column":null}},"5":{"start":{"line":26,"column":19},"end":{"line":26,"column":null}},"6":{"start":{"line":28,"column":2},"end":{"line":36,"column":null}},"7":{"start":{"line":30,"column":4},"end":{"line":35,"column":null}},"8":{"start":{"line":38,"column":19},"end":{"line":41,"column":null}},"9":{"start":{"line":42,"column":24},"end":{"line":42,"column":null}},"10":{"start":{"line":46,"column":23},"end":{"line":46,"column":null}},"11":{"start":{"line":47,"column":15},"end":{"line":47,"column":null}},"12":{"start":{"line":48,"column":16},"end":{"line":48,"column":null}},"13":{"start":{"line":50,"column":19},"end":{"line":50,"column":null}},"14":{"start":{"line":52,"column":2},"end":{"line":62,"column":null}},"15":{"start":{"line":54,"column":22},"end":{"line":54,"column":null}},"16":{"start":{"line":55,"column":25},"end":{"line":55,"column":null}},"17":{"start":{"line":56,"column":4},"end":{"line":56,"column":null}},"18":{"start":{"line":59,"column":22},"end":{"line":59,"column":null}},"19":{"start":{"line":60,"column":25},"end":{"line":60,"column":null}},"20":{"start":{"line":61,"column":4},"end":{"line":61,"column":null}},"21":{"start":{"line":65,"column":2},"end":{"line":65,"column":null}},"22":{"start":{"line":68,"column":2},"end":{"line":68,"column":null}},"23":{"start":{"line":70,"column":2},"end":{"line":70,"column":null}},"24":{"start":{"line":72,"column":2},"end":{"line":72,"column":null}},"25":{"start":{"line":74,"column":2},"end":{"line":74,"column":null}},"26":{"start":{"line":78,"column":16},"end":{"line":78,"column":null}},"27":{"start":{"line":79,"column":28},"end":{"line":88,"column":null}},"28":{"start":{"line":81,"column":18},"end":{"line":86,"column":null}},"29":{"start":{"line":87,"column":8},"end":{"line":87,"column":null}},"30":{"start":{"line":92,"column":22},"end":{"line":97,"column":null}},"31":{"start":{"line":93,"column":8},"end":{"line":93,"column":null}},"32":{"start":{"line":93,"column":39},"end":{"line":93,"column":null}},"33":{"start":{"line":94,"column":30},"end":{"line":94,"column":null}},"34":{"start":{"line":95,"column":14},"end":{"line":95,"column":null}},"35":{"start":{"line":96,"column":8},"end":{"line":96,"column":null}},"36":{"start":{"line":101,"column":26},"end":{"line":113,"column":null}},"37":{"start":{"line":102,"column":8},"end":{"line":102,"column":null}},"38":{"start":{"line":102,"column":40},"end":{"line":102,"column":null}},"39":{"start":{"line":105,"column":8},"end":{"line":111,"column":null}},"40":{"start":{"line":106,"column":34},"end":{"line":109,"column":null}},"41":{"start":{"line":107,"column":31},"end":{"line":107,"column":null}},"42":{"start":{"line":108,"column":16},"end":{"line":108,"column":null}},"43":{"start":{"line":110,"column":12},"end":{"line":110,"column":null}},"44":{"start":{"line":110,"column":32},"end":{"line":110,"column":null}},"45":{"start":{"line":112,"column":8},"end":{"line":112,"column":null}},"46":{"start":{"line":117,"column":17},"end":{"line":117,"column":null}},"47":{"start":{"line":119,"column":4},"end":{"line":128,"column":null}},"48":{"start":{"line":121,"column":8},"end":{"line":121,"column":null}},"49":{"start":{"line":122,"column":4},"end":{"line":128,"column":null}},"50":{"start":{"line":124,"column":8},"end":{"line":124,"column":null}},"51":{"start":{"line":124,"column":51},"end":{"line":124,"column":92}},"52":{"start":{"line":127,"column":8},"end":{"line":127,"column":null}},"53":{"start":{"line":131,"column":23},"end":{"line":131,"column":null}},"54":{"start":{"line":132,"column":21},"end":{"line":132,"column":null}},"55":{"start":{"line":135,"column":4},"end":{"line":137,"column":null}},"56":{"start":{"line":136,"column":8},"end":{"line":136,"column":null}},"57":{"start":{"line":140,"column":23},"end":{"line":140,"column":null}},"58":{"start":{"line":141,"column":4},"end":{"line":141,"column":null}}},"fnMap":{"0":{"name":"createInitialState","decl":{"start":{"line":8,"column":16},"end":{"line":8,"column":35}},"loc":{"start":{"line":8,"column":65},"end":{"line":23,"column":null}},"line":8},"1":{"name":"(anonymous_1)","decl":{"start":{"line":14,"column":21},"end":{"line":14,"column":30}},"loc":{"start":{"line":14,"column":30},"end":{"line":21,"column":3}},"line":14},"2":{"name":"updateLearnerState","decl":{"start":{"line":25,"column":16},"end":{"line":25,"column":35}},"loc":{"start":{"line":25,"column":88},"end":{"line":75,"column":null}},"line":25},"3":{"name":"recommendNextItem","decl":{"start":{"line":77,"column":16},"end":{"line":77,"column":34}},"loc":{"start":{"line":77,"column":61},"end":{"line":142,"column":null}},"line":77},"4":{"name":"(anonymous_4)","decl":{"start":{"line":79,"column":43},"end":{"line":79,"column":52}},"loc":{"start":{"line":79,"column":52},"end":{"line":88,"column":5}},"line":79},"5":{"name":"(anonymous_5)","decl":{"start":{"line":92,"column":45},"end":{"line":92,"column":50}},"loc":{"start":{"line":92,"column":50},"end":{"line":97,"column":5}},"line":92},"6":{"name":"(anonymous_6)","decl":{"start":{"line":101,"column":49},"end":{"line":101,"column":54}},"loc":{"start":{"line":101,"column":54},"end":{"line":113,"column":5}},"line":101},"7":{"name":"(anonymous_7)","decl":{"start":{"line":106,"column":56},"end":{"line":106,"column":63}},"loc":{"start":{"line":106,"column":63},"end":{"line":109,"column":13}},"line":106},"8":{"name":"(anonymous_8)","decl":{"start":{"line":124,"column":41},"end":{"line":124,"column":42}},"loc":{"start":{"line":124,"column":51},"end":{"line":124,"column":92}},"line":124}},"branchMap":{"0":{"loc":{"start":{"line":28,"column":2},"end":{"line":36,"column":null}},"type":"if","locations":[{"start":{"line":28,"column":2},"end":{"line":36,"column":null}},{"start":{},"end":{}}],"line":28},"1":{"loc":{"start":{"line":52,"column":2},"end":{"line":62,"column":null}},"type":"if","locations":[{"start":{"line":52,"column":2},"end":{"line":62,"column":null}},{"start":{"line":57,"column":9},"end":{"line":62,"column":null}}],"line":52},"2":{"loc":{"start":{"line":81,"column":18},"end":{"line":86,"column":null}},"type":"binary-expr","locations":[{"start":{"line":81,"column":18},"end":{"line":81,"column":48}},{"start":{"line":81,"column":48},"end":{"line":86,"column":null}}],"line":81},"3":{"loc":{"start":{"line":93,"column":8},"end":{"line":93,"column":null}},"type":"if","locations":[{"start":{"line":93,"column":8},"end":{"line":93,"column":null}},{"start":{},"end":{}}],"line":93},"4":{"loc":{"start":{"line":102,"column":8},"end":{"line":102,"column":null}},"type":"if","locations":[{"start":{"line":102,"column":8},"end":{"line":102,"column":null}},{"start":{},"end":{}}],"line":102},"5":{"loc":{"start":{"line":105,"column":8},"end":{"line":111,"column":null}},"type":"if","locations":[{"start":{"line":105,"column":8},"end":{"line":111,"column":null}},{"start":{},"end":{}}],"line":105},"6":{"loc":{"start":{"line":108,"column":23},"end":{"line":108,"column":null}},"type":"binary-expr","locations":[{"start":{"line":108,"column":23},"end":{"line":108,"column":33}},{"start":{"line":108,"column":33},"end":{"line":108,"column":null}}],"line":108},"7":{"loc":{"start":{"line":110,"column":12},"end":{"line":110,"column":null}},"type":"if","locations":[{"start":{"line":110,"column":12},"end":{"line":110,"column":null}},{"start":{},"end":{}}],"line":110},"8":{"loc":{"start":{"line":119,"column":4},"end":{"line":128,"column":null}},"type":"if","locations":[{"start":{"line":119,"column":4},"end":{"line":128,"column":null}},{"start":{"line":122,"column":4},"end":{"line":128,"column":null}}],"line":119},"9":{"loc":{"start":{"line":119,"column":8},"end":{"line":119,"column":44}},"type":"binary-expr","locations":[{"start":{"line":119,"column":8},"end":{"line":119,"column":32}},{"start":{"line":119,"column":32},"end":{"line":119,"column":44}}],"line":119},"10":{"loc":{"start":{"line":122,"column":4},"end":{"line":128,"column":null}},"type":"if","locations":[{"start":{"line":122,"column":4},"end":{"line":128,"column":null}},{"start":{"line":125,"column":11},"end":{"line":128,"column":null}}],"line":122},"11":{"loc":{"start":{"line":132,"column":21},"end":{"line":132,"column":null}},"type":"binary-expr","locations":[{"start":{"line":132,"column":21},"end":{"line":132,"column":48}},{"start":{"line":132,"column":48},"end":{"line":132,"column":null}}],"line":132},"12":{"loc":{"start":{"line":135,"column":4},"end":{"line":137,"column":null}},"type":"if","locations":[{"start":{"line":135,"column":4},"end":{"line":137,"column":null}},{"start":{},"end":{}}],"line":135},"13":{"loc":{"start":{"line":135,"column":8},"end":{"line":135,"column":52}},"type":"binary-expr","locations":[{"start":{"line":135,"column":8},"end":{"line":135,"column":22}},{"start":{"line":135,"column":22},"end":{"line":135,"column":52}}],"line":135}},"s":{"0":3,"1":5,"2":5,"3":10,"4":5,"5":10,"6":10,"7":2,"8":10,"9":10,"10":10,"11":10,"12":10,"13":10,"14":10,"15":7,"16":7,"17":7,"18":3,"19":3,"20":3,"21":10,"22":10,"23":10,"24":10,"25":10,"26":17,"27":17,"28":34,"29":34,"30":17,"31":34,"32":29,"33":5,"34":5,"35":5,"36":17,"37":34,"38":5,"39":29,"40":16,"41":16,"42":16,"43":16,"44":12,"45":17,"46":17,"47":17,"48":1,"49":16,"50":15,"51":1,"52":1,"53":17,"54":17,"55":17,"56":2,"57":17,"58":17},"f":{"0":5,"1":10,"2":10,"3":17,"4":34,"5":34,"6":34,"7":16,"8":1},"b":{"0":[2,8],"1":[7,3],"2":[34,3],"3":[29,5],"4":[5,29],"5":[16,13],"6":[16,15],"7":[12,4],"8":[1,16],"9":[17,2],"10":[15,1],"11":[17,1],"12":[2,15],"13":[17,16]},"meta":{"lastBranch":14,"lastFunction":9,"lastStatement":59,"seen":{"s:6:19:6:Infinity":0,"f:8:16:8:35":0,"s:9:30:12:Infinity":1,"s:14:2:21:Infinity":2,"f:14:21:14:30":1,"s:15:4:20:Infinity":3,"s:22:2:22:Infinity":4,"f:25:16:25:35":2,"s:26:19:26:Infinity":5,"b:28:2:36:Infinity:undefined:undefined:undefined:undefined":0,"s:28:2:36:Infinity":6,"s:30:4:35:Infinity":7,"s:38:19:41:Infinity":8,"s:42:24:42:Infinity":9,"s:46:23:46:Infinity":10,"s:47:15:47:Infinity":11,"s:48:16:48:Infinity":12,"s:50:19:50:Infinity":13,"b:52:2:62:Infinity:57:9:62:Infinity":1,"s:52:2:62:Infinity":14,"s:54:22:54:Infinity":15,"s:55:25:55:Infinity":16,"s:56:4:56:Infinity":17,"s:59:22:59:Infinity":18,"s:60:25:60:Infinity":19,"s:61:4:61:Infinity":20,"s:65:2:65:Infinity":21,"s:68:2:68:Infinity":22,"s:70:2:70:Infinity":23,"s:72:2:72:Infinity":24,"s:74:2:74:Infinity":25,"f:77:16:77:34":3,"s:78:16:78:Infinity":26,"s:79:28:88:Infinity":27,"f:79:43:79:52":4,"s:81:18:86:Infinity":28,"b:81:18:81:48:81:48:86:Infinity":2,"s:87:8:87:Infinity":29,"s:92:22:97:Infinity":30,"f:92:45:92:50":5,"b:93:8:93:Infinity:undefined:undefined:undefined:undefined":3,"s:93:8:93:Infinity":31,"s:93:39:93:Infinity":32,"s:94:30:94:Infinity":33,"s:95:14:95:Infinity":34,"s:96:8:96:Infinity":35,"s:101:26:113:Infinity":36,"f:101:49:101:54":6,"b:102:8:102:Infinity:undefined:undefined:undefined:undefined":4,"s:102:8:102:Infinity":37,"s:102:40:102:Infinity":38,"b:105:8:111:Infinity:undefined:undefined:undefined:undefined":5,"s:105:8:111:Infinity":39,"s:106:34:109:Infinity":40,"f:106:56:106:63":7,"s:107:31:107:Infinity":41,"s:108:16:108:Infinity":42,"b:108:23:108:33:108:33:108:Infinity":6,"b:110:12:110:Infinity:undefined:undefined:undefined:undefined":7,"s:110:12:110:Infinity":43,"s:110:32:110:Infinity":44,"s:112:8:112:Infinity":45,"s:117:17:117:Infinity":46,"b:119:4:128:Infinity:122:4:128:Infinity":8,"s:119:4:128:Infinity":47,"b:119:8:119:32:119:32:119:44":9,"s:121:8:121:Infinity":48,"b:122:4:128:Infinity:125:11:128:Infinity":10,"s:122:4:128:Infinity":49,"s:124:8:124:Infinity":50,"f:124:41:124:42":8,"s:124:51:124:92":51,"s:127:8:127:Infinity":52,"s:131:23:131:Infinity":53,"s:132:21:132:Infinity":54,"b:132:21:132:48:132:48:132:Infinity":11,"b:135:4:137:Infinity:undefined:undefined:undefined:undefined":12,"s:135:4:137:Infinity":55,"b:135:8:135:22:135:22:135:52":13,"s:136:8:136:Infinity":56,"s:140:23:140:Infinity":57,"s:141:4:141:Infinity":58}}}
,"C:\\Users\\dmedl\\Projects\\MathFlow\\src\\domain\\skills\\grade4-fractions.ts": {"path":"C:\\Users\\dmedl\\Projects\\MathFlow\\src\\domain\\skills\\grade4-fractions.ts","statementMap":{"0":{"start":{"line":4,"column":44},"end":{"line":12,"column":null}},"1":{"start":{"line":15,"column":18},"end":{"line":15,"column":null}},"2":{"start":{"line":15,"column":48},"end":{"line":15,"column":null}},"3":{"start":{"line":17,"column":49},"end":{"line":71,"column":null}},"4":{"start":{"line":24,"column":20},"end":{"line":24,"column":null}},"5":{"start":{"line":25,"column":20},"end":{"line":25,"column":null}},"6":{"start":{"line":27,"column":21},"end":{"line":27,"column":null}},"7":{"start":{"line":28,"column":4},"end":{"line":32,"column":null}},"8":{"start":{"line":29,"column":8},"end":{"line":29,"column":null}},"9":{"start":{"line":31,"column":8},"end":{"line":31,"column":null}},"10":{"start":{"line":34,"column":22},"end":{"line":34,"column":null}},"11":{"start":{"line":35,"column":22},"end":{"line":35,"column":null}},"12":{"start":{"line":37,"column":4},"end":{"line":69,"column":null}},"13":{"start":{"line":61,"column":24},"end":{"line":61,"column":null}},"14":{"start":{"line":62,"column":39},"end":{"line":62,"column":null}},"15":{"start":{"line":63,"column":11},"end":{"line":65,"column":null}},"16":{"start":{"line":64,"column":15},"end":{"line":64,"column":null}},"17":{"start":{"line":66,"column":11},"end":{"line":66,"column":null}},"18":{"start":{"line":74,"column":0},"end":{"line":74,"column":null}},"19":{"start":{"line":76,"column":47},"end":{"line":84,"column":null}},"20":{"start":{"line":86,"column":51},"end":{"line":129,"column":null}},"21":{"start":{"line":91,"column":20},"end":{"line":91,"column":null}},"22":{"start":{"line":92,"column":21},"end":{"line":92,"column":null}},"23":{"start":{"line":93,"column":21},"end":{"line":93,"column":null}},"24":{"start":{"line":95,"column":26},"end":{"line":95,"column":null}},"25":{"start":{"line":97,"column":8},"end":{"line":127,"column":null}},"26":{"start":{"line":121,"column":20},"end":{"line":123,"column":null}},"27":{"start":{"line":122,"column":24},"end":{"line":122,"column":null}},"28":{"start":{"line":124,"column":20},"end":{"line":124,"column":null}},"29":{"start":{"line":131,"column":0},"end":{"line":131,"column":null}}},"fnMap":{"0":{"name":"(anonymous_0)","decl":{"start":{"line":15,"column":18},"end":{"line":15,"column":19}},"loc":{"start":{"line":15,"column":48},"end":{"line":15,"column":null}},"line":15},"1":{"name":"(anonymous_1)","decl":{"start":{"line":20,"column":12},"end":{"line":20,"column":13}},"loc":{"start":{"line":20,"column":42},"end":{"line":70,"column":null}},"line":20},"2":{"name":"(anonymous_2)","decl":{"start":{"line":57,"column":8},"end":{"line":57,"column":9}},"loc":{"start":{"line":57,"column":20},"end":{"line":67,"column":null}},"line":57},"3":{"name":"(anonymous_3)","decl":{"start":{"line":89,"column":14},"end":{"line":89,"column":15}},"loc":{"start":{"line":89,"column":45},"end":{"line":128,"column":null}},"line":89},"4":{"name":"(anonymous_4)","decl":{"start":{"line":117,"column":16},"end":{"line":117,"column":17}},"loc":{"start":{"line":117,"column":28},"end":{"line":125,"column":null}},"line":117}},"branchMap":{"0":{"loc":{"start":{"line":28,"column":4},"end":{"line":32,"column":null}},"type":"if","locations":[{"start":{"line":28,"column":4},"end":{"line":32,"column":null}},{"start":{"line":30,"column":11},"end":{"line":32,"column":null}}],"line":28},"1":{"loc":{"start":{"line":63,"column":11},"end":{"line":65,"column":null}},"type":"if","locations":[{"start":{"line":63,"column":11},"end":{"line":65,"column":null}},{"start":{},"end":{}}],"line":63},"2":{"loc":{"start":{"line":121,"column":20},"end":{"line":123,"column":null}},"type":"if","locations":[{"start":{"line":121,"column":20},"end":{"line":123,"column":null}},{"start":{},"end":{}}],"line":121}},"s":{"0":4,"1":4,"2":51,"3":4,"4":14,"5":14,"6":14,"7":14,"8":1,"9":13,"10":14,"11":14,"12":14,"13":2,"14":2,"15":2,"16":1,"17":1,"18":4,"19":4,"20":4,"21":3,"22":3,"23":3,"24":3,"25":3,"26":2,"27":1,"28":1,"29":4},"f":{"0":51,"1":14,"2":2,"3":3,"4":2},"b":{"0":[1,13],"1":[1,1],"2":[1,1]},"meta":{"lastBranch":3,"lastFunction":5,"lastStatement":30,"seen":{"s:4:44:12:Infinity":0,"s:15:18:15:Infinity":1,"f:15:18:15:19":0,"s:15:48:15:Infinity":2,"s:17:49:71:Infinity":3,"f:20:12:20:13":1,"s:24:20:24:Infinity":4,"s:25:20:25:Infinity":5,"s:27:21:27:Infinity":6,"b:28:4:32:Infinity:30:11:32:Infinity":0,"s:28:4:32:Infinity":7,"s:29:8:29:Infinity":8,"s:31:8:31:Infinity":9,"s:34:22:34:Infinity":10,"s:35:22:35:Infinity":11,"s:37:4:69:Infinity":12,"f:57:8:57:9":2,"s:61:24:61:Infinity":13,"s:62:39:62:Infinity":14,"b:63:11:65:Infinity:undefined:undefined:undefined:undefined":1,"s:63:11:65:Infinity":15,"s:64:15:64:Infinity":16,"s:66:11:66:Infinity":17,"s:74:0:74:Infinity":18,"s:76:47:84:Infinity":19,"s:86:51:129:Infinity":20,"f:89:14:89:15":3,"s:91:20:91:Infinity":21,"s:92:21:92:Infinity":22,"s:93:21:93:Infinity":23,"s:95:26:95:Infinity":24,"s:97:8:127:Infinity":25,"f:117:16:117:17":4,"b:121:20:123:Infinity:undefined:undefined:undefined:undefined":2,"s:121:20:123:Infinity":26,"s:122:24:122:Infinity":27,"s:124:20:124:Infinity":28,"s:131:0:131:Infinity":29}}}
,"C:\\Users\\dmedl\\Projects\\MathFlow\\src\\test\\testHelpers.ts": {"path":"C:\\Users\\dmedl\\Projects\\MathFlow\\src\\test\\testHelpers.ts","statementMap":{"0":{"start":{"line":3,"column":31},"end":{"line":7,"column":null}},"1":{"start":{"line":3,"column":89},"end":{"line":7,"column":null}},"2":{"start":{"line":9,"column":32},"end":{"line":15,"column":null}},"3":{"start":{"line":9,"column":86},"end":{"line":15,"column":null}},"4":{"start":{"line":20,"column":28},"end":{"line":20,"column":null}},"5":{"start":{"line":20,"column":34},"end":{"line":20,"column":null}}},"fnMap":{"0":{"name":"(anonymous_0)","decl":{"start":{"line":3,"column":31},"end":{"line":3,"column":32}},"loc":{"start":{"line":3,"column":89},"end":{"line":7,"column":null}},"line":3},"1":{"name":"(anonymous_1)","decl":{"start":{"line":9,"column":32},"end":{"line":9,"column":33}},"loc":{"start":{"line":9,"column":86},"end":{"line":15,"column":null}},"line":9},"2":{"name":"(anonymous_2)","decl":{"start":{"line":20,"column":28},"end":{"line":20,"column":34}},"loc":{"start":{"line":20,"column":34},"end":{"line":20,"column":null}},"line":20}},"branchMap":{"0":{"loc":{"start":{"line":3,"column":32},"end":{"line":3,"column":89}},"type":"default-arg","locations":[{"start":{"line":3,"column":67},"end":{"line":3,"column":89}}],"line":3},"1":{"loc":{"start":{"line":9,"column":33},"end":{"line":9,"column":86}},"type":"default-arg","locations":[{"start":{"line":9,"column":66},"end":{"line":9,"column":86}}],"line":9}},"s":{"0":1,"1":10,"2":1,"3":12,"4":1,"5":1},"f":{"0":10,"1":12,"2":1},"b":{"0":[10],"1":[12]},"meta":{"lastBranch":2,"lastFunction":3,"lastStatement":6,"seen":{"s:3:31:7:Infinity":0,"f:3:31:3:32":0,"s:3:89:7:Infinity":1,"b:3:67:3:89":0,"s:9:32:15:Infinity":2,"f:9:32:9:33":1,"s:9:86:15:Infinity":3,"b:9:66:9:86":1,"s:20:28:20:Infinity":4,"f:20:28:20:34":2,"s:20:34:20:Infinity":5}}}
}
