{"C:\\Users\\dmedl\\Projects\\MathFlow\\server\\src\\factory\\pipeline.ts": {"path":"C:\\Users\\dmedl\\Projects\\MathFlow\\server\\src\\factory\\pipeline.ts","statementMap":{"0":{"start":{"line":11,"column":16},"end":{"line":11,"column":null}},"1":{"start":{"line":12,"column":16},"end":{"line":12,"column":null}},"2":{"start":{"line":13,"column":16},"end":{"line":13,"column":null}},"3":{"start":{"line":14,"column":16},"end":{"line":14,"column":null}},"4":{"start":{"line":15,"column":16},"end":{"line":15,"column":41}},"5":{"start":{"line":19,"column":23},"end":{"line":19,"column":null}},"6":{"start":{"line":20,"column":27},"end":{"line":20,"column":null}},"7":{"start":{"line":22,"column":8},"end":{"line":78,"column":null}},"8":{"start":{"line":23,"column":12},"end":{"line":23,"column":null}},"9":{"start":{"line":26,"column":30},"end":{"line":26,"column":null}},"10":{"start":{"line":29,"column":33},"end":{"line":29,"column":null}},"11":{"start":{"line":32,"column":28},"end":{"line":32,"column":null}},"12":{"start":{"line":35,"column":37},"end":{"line":35,"column":null}},"13":{"start":{"line":36,"column":12},"end":{"line":43,"column":null}},"14":{"start":{"line":37,"column":28},"end":{"line":37,"column":null}},"15":{"start":{"line":38,"column":16},"end":{"line":42,"column":null}},"16":{"start":{"line":46,"column":31},"end":{"line":46,"column":null}},"17":{"start":{"line":48,"column":12},"end":{"line":77,"column":null}},"18":{"start":{"line":50,"column":16},"end":{"line":62,"column":null}},"19":{"start":{"line":64,"column":16},"end":{"line":68,"column":null}},"20":{"start":{"line":70,"column":16},"end":{"line":70,"column":null}},"21":{"start":{"line":71,"column":16},"end":{"line":71,"column":null}},"22":{"start":{"line":73,"column":16},"end":{"line":73,"column":null}},"23":{"start":{"line":75,"column":16},"end":{"line":75,"column":null}},"24":{"start":{"line":80,"column":8},"end":{"line":80,"column":null}}},"fnMap":{"0":{"name":"(anonymous_0)","decl":{"start":{"line":10,"column":4},"end":{"line":10,"column":null}},"loc":{"start":{"line":16,"column":6},"end":{"line":16,"column":null}},"line":16},"1":{"name":"(anonymous_1)","decl":{"start":{"line":18,"column":10},"end":{"line":18,"column":14}},"loc":{"start":{"line":18,"column":67},"end":{"line":81,"column":null}},"line":18}},"branchMap":{"0":{"loc":{"start":{"line":15,"column":16},"end":{"line":15,"column":null}},"type":"default-arg","locations":[{"start":{"line":15,"column":41},"end":{"line":15,"column":null}}],"line":15},"1":{"loc":{"start":{"line":36,"column":12},"end":{"line":43,"column":null}},"type":"if","locations":[{"start":{"line":36,"column":12},"end":{"line":43,"column":null}},{"start":{},"end":{}}],"line":36},"2":{"loc":{"start":{"line":46,"column":31},"end":{"line":46,"column":null}},"type":"binary-expr","locations":[{"start":{"line":46,"column":31},"end":{"line":46,"column":51}},{"start":{"line":46,"column":51},"end":{"line":46,"column":null}}],"line":46},"3":{"loc":{"start":{"line":48,"column":12},"end":{"line":77,"column":null}},"type":"if","locations":[{"start":{"line":48,"column":12},"end":{"line":77,"column":null}},{"start":{"line":74,"column":19},"end":{"line":77,"column":null}}],"line":48}},"s":{"0":3,"1":3,"2":3,"3":3,"4":3,"5":3,"6":3,"7":3,"8":4,"9":4,"10":4,"11":4,"12":4,"13":4,"14":1,"15":1,"16":4,"17":4,"18":2,"19":2,"20":2,"21":2,"22":2,"23":2,"24":1},"f":{"0":3,"1":3},"b":{"0":[3],"1":[1,3],"2":[4,2],"3":[2,2]},"meta":{"lastBranch":4,"lastFunction":2,"lastStatement":25,"seen":{"f:10:4:10:Infinity":0,"b:15:41:15:Infinity":0,"s:11:16:11:Infinity":0,"s:12:16:12:Infinity":1,"s:13:16:13:Infinity":2,"s:14:16:14:Infinity":3,"s:15:16:15:41":4,"f:18:10:18:14":1,"s:19:23:19:Infinity":5,"s:20:27:20:Infinity":6,"s:22:8:78:Infinity":7,"s:23:12:23:Infinity":8,"s:26:30:26:Infinity":9,"s:29:33:29:Infinity":10,"s:32:28:32:Infinity":11,"s:35:37:35:Infinity":12,"b:36:12:43:Infinity:undefined:undefined:undefined:undefined":1,"s:36:12:43:Infinity":13,"s:37:28:37:Infinity":14,"s:38:16:42:Infinity":15,"s:46:31:46:Infinity":16,"b:46:31:46:51:46:51:46:Infinity":2,"b:48:12:77:Infinity:74:19:77:Infinity":3,"s:48:12:77:Infinity":17,"s:50:16:62:Infinity":18,"s:64:16:68:Infinity":19,"s:70:16:70:Infinity":20,"s:71:16:71:Infinity":21,"s:73:16:73:Infinity":22,"s:75:16:75:Infinity":23,"s:80:8:80:Infinity":24}}}
,"C:\\Users\\dmedl\\Projects\\MathFlow\\server\\src\\factory\\generators\\fractions.ts": {"path":"C:\\Users\\dmedl\\Projects\\MathFlow\\server\\src\\factory\\generators\\fractions.ts","statementMap":{"0":{"start":{"line":9,"column":14},"end":{"line":9,"column":null}},"1":{"start":{"line":13,"column":21},"end":{"line":13,"column":null}},"2":{"start":{"line":16,"column":8},"end":{"line":24,"column":null}},"3":{"start":{"line":32,"column":14},"end":{"line":32,"column":null}},"4":{"start":{"line":34,"column":24},"end":{"line":34,"column":46}},"5":{"start":{"line":37,"column":8},"end":{"line":46,"column":null}},"6":{"start":{"line":54,"column":14},"end":{"line":54,"column":null}},"7":{"start":{"line":57,"column":22},"end":{"line":57,"column":null}},"8":{"start":{"line":58,"column":8},"end":{"line":70,"column":null}},"9":{"start":{"line":59,"column":12},"end":{"line":63,"column":null}},"10":{"start":{"line":65,"column":12},"end":{"line":69,"column":null}}},"fnMap":{"0":{"name":"(anonymous_0)","decl":{"start":{"line":11,"column":10},"end":{"line":11,"column":19}},"loc":{"start":{"line":11,"column":65},"end":{"line":25,"column":null}},"line":11},"1":{"name":"(anonymous_1)","decl":{"start":{"line":34,"column":4},"end":{"line":34,"column":24}},"loc":{"start":{"line":34,"column":53},"end":{"line":34,"column":null}},"line":34},"2":{"name":"(anonymous_2)","decl":{"start":{"line":36,"column":10},"end":{"line":36,"column":16}},"loc":{"start":{"line":36,"column":93},"end":{"line":47,"column":null}},"line":36},"3":{"name":"(anonymous_3)","decl":{"start":{"line":56,"column":10},"end":{"line":56,"column":19}},"loc":{"start":{"line":56,"column":107},"end":{"line":71,"column":null}},"line":56}},"branchMap":{"0":{"loc":{"start":{"line":34,"column":24},"end":{"line":34,"column":53}},"type":"default-arg","locations":[{"start":{"line":34,"column":46},"end":{"line":34,"column":53}}],"line":34},"1":{"loc":{"start":{"line":40,"column":29},"end":{"line":40,"column":null}},"type":"cond-expr","locations":[{"start":{"line":40,"column":47},"end":{"line":40,"column":53}},{"start":{"line":40,"column":53},"end":{"line":40,"column":null}}],"line":40},"2":{"loc":{"start":{"line":42,"column":40},"end":{"line":42,"column":null}},"type":"cond-expr","locations":[{"start":{"line":42,"column":58},"end":{"line":42,"column":64}},{"start":{"line":42,"column":64},"end":{"line":42,"column":null}}],"line":42},"3":{"loc":{"start":{"line":45,"column":20},"end":{"line":45,"column":null}},"type":"cond-expr","locations":[{"start":{"line":45,"column":38},"end":{"line":45,"column":55}},{"start":{"line":45,"column":55},"end":{"line":45,"column":null}}],"line":45},"4":{"loc":{"start":{"line":58,"column":8},"end":{"line":70,"column":null}},"type":"if","locations":[{"start":{"line":58,"column":8},"end":{"line":70,"column":null}},{"start":{"line":64,"column":15},"end":{"line":70,"column":null}}],"line":58}},"s":{"0":3,"1":4,"2":4,"3":3,"4":3,"5":4,"6":3,"7":4,"8":4,"9":2,"10":2},"f":{"0":4,"1":3,"2":4,"3":4},"b":{"0":[3],"1":[2,2],"2":[2,2],"3":[2,2],"4":[2,2]},"meta":{"lastBranch":5,"lastFunction":4,"lastStatement":11,"seen":{"s:9:14:9:Infinity":0,"f:11:10:11:19":0,"s:13:21:13:Infinity":1,"s:16:8:24:Infinity":2,"s:32:14:32:Infinity":3,"f:34:4:34:24":1,"b:34:46:34:53":0,"s:34:24:34:46":4,"f:36:10:36:16":2,"s:37:8:46:Infinity":5,"b:40:47:40:53:40:53:40:Infinity":1,"b:42:58:42:64:42:64:42:Infinity":2,"b:45:38:45:55:45:55:45:Infinity":3,"s:54:14:54:Infinity":6,"f:56:10:56:19":3,"s:57:22:57:Infinity":7,"b:58:8:70:Infinity:64:15:70:Infinity":4,"s:58:8:70:Infinity":8,"s:59:12:63:Infinity":9,"s:65:12:69:Infinity":10}}}
,"C:\\Users\\dmedl\\Projects\\MathFlow\\src\\domain\\math-utils.ts": {"path":"C:\\Users\\dmedl\\Projects\\MathFlow\\src\\domain\\math-utils.ts","statementMap":{"0":{"start":{"line":2,"column":4},"end":{"line":2,"column":null}},"1":{"start":{"line":6,"column":20},"end":{"line":6,"column":null}},"2":{"start":{"line":7,"column":4},"end":{"line":9,"column":null}},"3":{"start":{"line":7,"column":17},"end":{"line":7,"column":20}},"4":{"start":{"line":8,"column":8},"end":{"line":8,"column":null}},"5":{"start":{"line":8,"column":25},"end":{"line":8,"column":null}},"6":{"start":{"line":10,"column":4},"end":{"line":10,"column":null}}},"fnMap":{"0":{"name":"gcd","decl":{"start":{"line":1,"column":16},"end":{"line":1,"column":20}},"loc":{"start":{"line":1,"column":50},"end":{"line":3,"column":null}},"line":1},"1":{"name":"getFactors","decl":{"start":{"line":5,"column":16},"end":{"line":5,"column":27}},"loc":{"start":{"line":5,"column":48},"end":{"line":11,"column":null}},"line":5}},"branchMap":{"0":{"loc":{"start":{"line":2,"column":11},"end":{"line":2,"column":null}},"type":"cond-expr","locations":[{"start":{"line":2,"column":21},"end":{"line":2,"column":25}},{"start":{"line":2,"column":25},"end":{"line":2,"column":null}}],"line":2},"1":{"loc":{"start":{"line":8,"column":8},"end":{"line":8,"column":null}},"type":"if","locations":[{"start":{"line":8,"column":8},"end":{"line":8,"column":null}},{"start":{},"end":{}}],"line":8}},"s":{"0":22,"1":4,"2":4,"3":4,"4":7,"5":5,"6":4},"f":{"0":22,"1":4},"b":{"0":[8,14],"1":[5,2]},"meta":{"lastBranch":2,"lastFunction":2,"lastStatement":7,"seen":{"f:1:16:1:20":0,"s:2:4:2:Infinity":0,"b:2:21:2:25:2:25:2:Infinity":0,"f:5:16:5:27":1,"s:6:20:6:Infinity":1,"s:7:4:9:Infinity":2,"s:7:17:7:20":3,"b:8:8:8:Infinity:undefined:undefined:undefined:undefined":1,"s:8:8:8:Infinity":4,"s:8:25:8:Infinity":5,"s:10:4:10:Infinity":6}}}
,"C:\\Users\\dmedl\\Projects\\MathFlow\\src\\domain\\generator\\engine.ts": {"path":"C:\\Users\\dmedl\\Projects\\MathFlow\\src\\domain\\generator\\engine.ts","statementMap":{"0":{"start":{"line":4,"column":47},"end":{"line":4,"column":null}},"1":{"start":{"line":8,"column":4},"end":{"line":8,"column":null}},"2":{"start":{"line":16,"column":26},"end":{"line":16,"column":null}},"3":{"start":{"line":18,"column":9},"end":{"line":43,"column":null}},"4":{"start":{"line":20,"column":25},"end":{"line":20,"column":null}},"5":{"start":{"line":22,"column":13},"end":{"line":40,"column":null}},"6":{"start":{"line":23,"column":34},"end":{"line":23,"column":null}},"7":{"start":{"line":24,"column":17},"end":{"line":26,"column":null}},"8":{"start":{"line":25,"column":21},"end":{"line":25,"column":null}},"9":{"start":{"line":28,"column":32},"end":{"line":32,"column":null}},"10":{"start":{"line":34,"column":17},"end":{"line":39,"column":null}},"11":{"start":{"line":35,"column":37},"end":{"line":35,"column":null}},"12":{"start":{"line":36,"column":21},"end":{"line":38,"column":null}},"13":{"start":{"line":37,"column":25},"end":{"line":37,"column":null}},"14":{"start":{"line":42,"column":13},"end":{"line":42,"column":null}},"15":{"start":{"line":46,"column":27},"end":{"line":46,"column":null}},"16":{"start":{"line":47,"column":9},"end":{"line":49,"column":null}},"17":{"start":{"line":48,"column":13},"end":{"line":48,"column":null}},"18":{"start":{"line":50,"column":9},"end":{"line":50,"column":null}},"19":{"start":{"line":54,"column":22},"end":{"line":54,"column":null}}},"fnMap":{"0":{"name":"(anonymous_0)","decl":{"start":{"line":6,"column":2},"end":{"line":6,"column":11}},"loc":{"start":{"line":6,"column":33},"end":{"line":9,"column":null}},"line":6},"1":{"name":"(anonymous_1)","decl":{"start":{"line":11,"column":10},"end":{"line":11,"column":19}},"loc":{"start":{"line":11,"column":102},"end":{"line":51,"column":null}},"line":11}},"branchMap":{"0":{"loc":{"start":{"line":22,"column":13},"end":{"line":40,"column":null}},"type":"if","locations":[{"start":{"line":22,"column":13},"end":{"line":40,"column":null}},{"start":{},"end":{}}],"line":22},"1":{"loc":{"start":{"line":24,"column":17},"end":{"line":26,"column":null}},"type":"if","locations":[{"start":{"line":24,"column":17},"end":{"line":26,"column":null}},{"start":{},"end":{}}],"line":24},"2":{"loc":{"start":{"line":24,"column":21},"end":{"line":24,"column":54}},"type":"binary-expr","locations":[{"start":{"line":24,"column":21},"end":{"line":24,"column":33}},{"start":{"line":24,"column":33},"end":{"line":24,"column":54}}],"line":24},"3":{"loc":{"start":{"line":34,"column":17},"end":{"line":39,"column":null}},"type":"if","locations":[{"start":{"line":34,"column":17},"end":{"line":39,"column":null}},{"start":{},"end":{}}],"line":34},"4":{"loc":{"start":{"line":36,"column":21},"end":{"line":38,"column":null}},"type":"if","locations":[{"start":{"line":36,"column":21},"end":{"line":38,"column":null}},{"start":{},"end":{}}],"line":36},"5":{"loc":{"start":{"line":36,"column":25},"end":{"line":36,"column":68}},"type":"binary-expr","locations":[{"start":{"line":36,"column":25},"end":{"line":36,"column":42}},{"start":{"line":36,"column":42},"end":{"line":36,"column":68}}],"line":36},"6":{"loc":{"start":{"line":47,"column":9},"end":{"line":49,"column":null}},"type":"if","locations":[{"start":{"line":47,"column":9},"end":{"line":49,"column":null}},{"start":{},"end":{}}],"line":47}},"s":{"0":6,"1":29,"2":8,"3":8,"4":8,"5":2,"6":2,"7":2,"8":1,"9":1,"10":1,"11":1,"12":1,"13":0,"14":6,"15":7,"16":7,"17":1,"18":6,"19":6},"f":{"0":29,"1":8},"b":{"0":[2,0],"1":[1,1],"2":[2,2],"3":[1,0],"4":[0,1],"5":[1,1],"6":[1,6]},"meta":{"lastBranch":7,"lastFunction":2,"lastStatement":20,"seen":{"s:4:47:4:Infinity":0,"f:6:2:6:11":0,"s:8:4:8:Infinity":1,"f:11:10:11:19":1,"s:16:26:16:Infinity":2,"s:18:9:43:Infinity":3,"s:20:25:20:Infinity":4,"b:22:13:40:Infinity:undefined:undefined:undefined:undefined":0,"s:22:13:40:Infinity":5,"s:23:34:23:Infinity":6,"b:24:17:26:Infinity:undefined:undefined:undefined:undefined":1,"s:24:17:26:Infinity":7,"b:24:21:24:33:24:33:24:54":2,"s:25:21:25:Infinity":8,"s:28:32:32:Infinity":9,"b:34:17:39:Infinity:undefined:undefined:undefined:undefined":3,"s:34:17:39:Infinity":10,"s:35:37:35:Infinity":11,"b:36:21:38:Infinity:undefined:undefined:undefined:undefined":4,"s:36:21:38:Infinity":12,"b:36:25:36:42:36:42:36:68":5,"s:37:25:37:Infinity":13,"s:42:13:42:Infinity":14,"s:46:27:46:Infinity":15,"b:47:9:49:Infinity:undefined:undefined:undefined:undefined":6,"s:47:9:49:Infinity":16,"s:48:13:48:Infinity":17,"s:50:9:50:Infinity":18,"s:54:22:54:Infinity":19}}}
,"C:\\Users\\dmedl\\Projects\\MathFlow\\src\\domain\\learner\\misconceptionEvaluator.ts": {"path":"C:\\Users\\dmedl\\Projects\\MathFlow\\src\\domain\\learner\\misconceptionEvaluator.ts","statementMap":{"0":{"start":{"line":11,"column":8},"end":{"line":13,"column":null}},"1":{"start":{"line":12,"column":12},"end":{"line":12,"column":null}},"2":{"start":{"line":15,"column":26},"end":{"line":15,"column":null}},"3":{"start":{"line":17,"column":8},"end":{"line":24,"column":null}},"4":{"start":{"line":18,"column":12},"end":{"line":23,"column":null}},"5":{"start":{"line":19,"column":16},"end":{"line":22,"column":null}},"6":{"start":{"line":26,"column":8},"end":{"line":26,"column":null}},"7":{"start":{"line":30,"column":8},"end":{"line":46,"column":null}},"8":{"start":{"line":32,"column":16},"end":{"line":32,"column":null}},"9":{"start":{"line":34,"column":16},"end":{"line":40,"column":null}},"10":{"start":{"line":35,"column":34},"end":{"line":35,"column":null}},"11":{"start":{"line":36,"column":20},"end":{"line":36,"column":null}},"12":{"start":{"line":38,"column":20},"end":{"line":38,"column":null}},"13":{"start":{"line":39,"column":20},"end":{"line":39,"column":null}},"14":{"start":{"line":42,"column":16},"end":{"line":42,"column":null}},"15":{"start":{"line":43,"column":16},"end":{"line":43,"column":null}},"16":{"start":{"line":45,"column":16},"end":{"line":45,"column":null}}},"fnMap":{"0":{"name":"(anonymous_0)","decl":{"start":{"line":10,"column":11},"end":{"line":10,"column":20}},"loc":{"start":{"line":10,"column":103},"end":{"line":27,"column":null}},"line":10},"1":{"name":"(anonymous_1)","decl":{"start":{"line":29,"column":19},"end":{"line":29,"column":27}},"loc":{"start":{"line":29,"column":81},"end":{"line":47,"column":null}},"line":29}},"branchMap":{"0":{"loc":{"start":{"line":11,"column":8},"end":{"line":13,"column":null}},"type":"if","locations":[{"start":{"line":11,"column":8},"end":{"line":13,"column":null}},{"start":{},"end":{}}],"line":11},"1":{"loc":{"start":{"line":11,"column":12},"end":{"line":11,"column":70}},"type":"binary-expr","locations":[{"start":{"line":11,"column":12},"end":{"line":11,"column":36}},{"start":{"line":11,"column":36},"end":{"line":11,"column":70}}],"line":11},"2":{"loc":{"start":{"line":18,"column":12},"end":{"line":23,"column":null}},"type":"if","locations":[{"start":{"line":18,"column":12},"end":{"line":23,"column":null}},{"start":{},"end":{}}],"line":18},"3":{"loc":{"start":{"line":30,"column":8},"end":{"line":46,"column":null}},"type":"switch","locations":[{"start":{"line":31,"column":12},"end":{"line":32,"column":null}},{"start":{"line":33,"column":12},"end":{"line":40,"column":null}},{"start":{"line":41,"column":12},"end":{"line":43,"column":null}},{"start":{"line":44,"column":12},"end":{"line":45,"column":null}}],"line":30}},"s":{"0":7,"1":1,"2":6,"3":6,"4":6,"5":3,"6":3,"7":6,"8":3,"9":2,"10":2,"11":2,"12":1,"13":1,"14":1,"15":1,"16":0},"f":{"0":2,"1":2},"b":{"0":[1,6],"1":[7,7],"2":[3,3],"3":[3,2,1,0]},"meta":{"lastBranch":4,"lastFunction":2,"lastStatement":17,"seen":{"f:10:11:10:20":0,"b:11:8:13:Infinity:undefined:undefined:undefined:undefined":0,"s:11:8:13:Infinity":0,"b:11:12:11:36:11:36:11:70":1,"s:12:12:12:Infinity":1,"s:15:26:15:Infinity":2,"s:17:8:24:Infinity":3,"b:18:12:23:Infinity:undefined:undefined:undefined:undefined":2,"s:18:12:23:Infinity":4,"s:19:16:22:Infinity":5,"s:26:8:26:Infinity":6,"f:29:19:29:27":1,"b:31:12:32:Infinity:33:12:40:Infinity:41:12:43:Infinity:44:12:45:Infinity":3,"s:30:8:46:Infinity":7,"s:32:16:32:Infinity":8,"s:34:16:40:Infinity":9,"s:35:34:35:Infinity":10,"s:36:20:36:Infinity":11,"s:38:20:38:Infinity":12,"s:39:20:39:Infinity":13,"s:42:16:42:Infinity":14,"s:43:16:43:Infinity":15,"s:45:16:45:Infinity":16}}}
,"C:\\Users\\dmedl\\Projects\\MathFlow\\src\\domain\\learner\\state.ts": {"path":"C:\\Users\\dmedl\\Projects\\MathFlow\\src\\domain\\learner\\state.ts","statementMap":{"0":{"start":{"line":6,"column":19},"end":{"line":6,"column":null}},"1":{"start":{"line":9,"column":30},"end":{"line":12,"column":null}},"2":{"start":{"line":14,"column":2},"end":{"line":21,"column":null}},"3":{"start":{"line":15,"column":4},"end":{"line":20,"column":null}},"4":{"start":{"line":22,"column":2},"end":{"line":22,"column":null}},"5":{"start":{"line":26,"column":19},"end":{"line":26,"column":null}},"6":{"start":{"line":28,"column":2},"end":{"line":36,"column":null}},"7":{"start":{"line":30,"column":4},"end":{"line":35,"column":null}},"8":{"start":{"line":38,"column":19},"end":{"line":41,"column":null}},"9":{"start":{"line":42,"column":24},"end":{"line":42,"column":null}},"10":{"start":{"line":47,"column":19},"end":{"line":47,"column":null}},"11":{"start":{"line":47,"column":40},"end":{"line":47,"column":64}},"12":{"start":{"line":49,"column":23},"end":{"line":49,"column":null}},"13":{"start":{"line":50,"column":15},"end":{"line":50,"column":null}},"14":{"start":{"line":51,"column":16},"end":{"line":51,"column":null}},"15":{"start":{"line":53,"column":19},"end":{"line":53,"column":null}},"16":{"start":{"line":54,"column":13},"end":{"line":54,"column":null}},"17":{"start":{"line":56,"column":2},"end":{"line":75,"column":null}},"18":{"start":{"line":58,"column":22},"end":{"line":58,"column":null}},"19":{"start":{"line":59,"column":25},"end":{"line":59,"column":null}},"20":{"start":{"line":60,"column":4},"end":{"line":60,"column":null}},"21":{"start":{"line":64,"column":4},"end":{"line":66,"column":null}},"22":{"start":{"line":65,"column":8},"end":{"line":65,"column":null}},"23":{"start":{"line":69,"column":22},"end":{"line":69,"column":null}},"24":{"start":{"line":70,"column":25},"end":{"line":70,"column":null}},"25":{"start":{"line":71,"column":4},"end":{"line":71,"column":null}},"26":{"start":{"line":74,"column":4},"end":{"line":74,"column":null}},"27":{"start":{"line":78,"column":2},"end":{"line":78,"column":null}},"28":{"start":{"line":81,"column":2},"end":{"line":81,"column":null}},"29":{"start":{"line":83,"column":2},"end":{"line":83,"column":null}},"30":{"start":{"line":85,"column":2},"end":{"line":85,"column":null}},"31":{"start":{"line":87,"column":2},"end":{"line":87,"column":null}},"32":{"start":{"line":91,"column":16},"end":{"line":91,"column":null}},"33":{"start":{"line":93,"column":28},"end":{"line":101,"column":null}},"34":{"start":{"line":94,"column":18},"end":{"line":99,"column":null}},"35":{"start":{"line":100,"column":8},"end":{"line":100,"column":null}},"36":{"start":{"line":104,"column":22},"end":{"line":114,"column":null}},"37":{"start":{"line":105,"column":8},"end":{"line":105,"column":null}},"38":{"start":{"line":105,"column":39},"end":{"line":105,"column":null}},"39":{"start":{"line":107,"column":30},"end":{"line":107,"column":null}},"40":{"start":{"line":108,"column":14},"end":{"line":108,"column":null}},"41":{"start":{"line":111,"column":38},"end":{"line":111,"column":null}},"42":{"start":{"line":113,"column":8},"end":{"line":113,"column":null}},"43":{"start":{"line":118,"column":26},"end":{"line":130,"column":null}},"44":{"start":{"line":119,"column":8},"end":{"line":119,"column":null}},"45":{"start":{"line":119,"column":40},"end":{"line":119,"column":null}},"46":{"start":{"line":122,"column":8},"end":{"line":128,"column":null}},"47":{"start":{"line":123,"column":34},"end":{"line":126,"column":null}},"48":{"start":{"line":124,"column":31},"end":{"line":124,"column":null}},"49":{"start":{"line":125,"column":16},"end":{"line":125,"column":null}},"50":{"start":{"line":127,"column":12},"end":{"line":127,"column":null}},"51":{"start":{"line":127,"column":32},"end":{"line":127,"column":null}},"52":{"start":{"line":129,"column":8},"end":{"line":129,"column":null}},"53":{"start":{"line":134,"column":17},"end":{"line":134,"column":null}},"54":{"start":{"line":136,"column":4},"end":{"line":145,"column":null}},"55":{"start":{"line":138,"column":8},"end":{"line":138,"column":null}},"56":{"start":{"line":139,"column":4},"end":{"line":145,"column":null}},"57":{"start":{"line":141,"column":8},"end":{"line":141,"column":null}},"58":{"start":{"line":141,"column":51},"end":{"line":141,"column":92}},"59":{"start":{"line":144,"column":8},"end":{"line":144,"column":null}},"60":{"start":{"line":148,"column":23},"end":{"line":148,"column":null}},"61":{"start":{"line":149,"column":21},"end":{"line":149,"column":null}},"62":{"start":{"line":152,"column":4},"end":{"line":154,"column":null}},"63":{"start":{"line":153,"column":8},"end":{"line":153,"column":null}},"64":{"start":{"line":158,"column":4},"end":{"line":158,"column":null}}},"fnMap":{"0":{"name":"createInitialState","decl":{"start":{"line":8,"column":16},"end":{"line":8,"column":35}},"loc":{"start":{"line":8,"column":65},"end":{"line":23,"column":null}},"line":8},"1":{"name":"(anonymous_1)","decl":{"start":{"line":14,"column":21},"end":{"line":14,"column":30}},"loc":{"start":{"line":14,"column":30},"end":{"line":21,"column":3}},"line":14},"2":{"name":"updateLearnerState","decl":{"start":{"line":25,"column":16},"end":{"line":25,"column":35}},"loc":{"start":{"line":25,"column":88},"end":{"line":88,"column":null}},"line":25},"3":{"name":"(anonymous_3)","decl":{"start":{"line":47,"column":35},"end":{"line":47,"column":40}},"loc":{"start":{"line":47,"column":40},"end":{"line":47,"column":64}},"line":47},"4":{"name":"recommendNextItem","decl":{"start":{"line":90,"column":22},"end":{"line":90,"column":40}},"loc":{"start":{"line":90,"column":120},"end":{"line":159,"column":null}},"line":90},"5":{"name":"(anonymous_5)","decl":{"start":{"line":93,"column":43},"end":{"line":93,"column":52}},"loc":{"start":{"line":93,"column":52},"end":{"line":101,"column":5}},"line":93},"6":{"name":"(anonymous_6)","decl":{"start":{"line":104,"column":45},"end":{"line":104,"column":50}},"loc":{"start":{"line":104,"column":50},"end":{"line":114,"column":5}},"line":104},"7":{"name":"(anonymous_7)","decl":{"start":{"line":118,"column":49},"end":{"line":118,"column":54}},"loc":{"start":{"line":118,"column":54},"end":{"line":130,"column":5}},"line":118},"8":{"name":"(anonymous_8)","decl":{"start":{"line":123,"column":56},"end":{"line":123,"column":63}},"loc":{"start":{"line":123,"column":63},"end":{"line":126,"column":13}},"line":123},"9":{"name":"(anonymous_9)","decl":{"start":{"line":141,"column":41},"end":{"line":141,"column":42}},"loc":{"start":{"line":141,"column":51},"end":{"line":141,"column":92}},"line":141}},"branchMap":{"0":{"loc":{"start":{"line":28,"column":2},"end":{"line":36,"column":null}},"type":"if","locations":[{"start":{"line":28,"column":2},"end":{"line":36,"column":null}},{"start":{},"end":{}}],"line":28},"1":{"loc":{"start":{"line":49,"column":23},"end":{"line":49,"column":null}},"type":"binary-expr","locations":[{"start":{"line":49,"column":23},"end":{"line":49,"column":60}},{"start":{"line":49,"column":60},"end":{"line":49,"column":null}}],"line":49},"2":{"loc":{"start":{"line":50,"column":15},"end":{"line":50,"column":null}},"type":"binary-expr","locations":[{"start":{"line":50,"column":15},"end":{"line":50,"column":44}},{"start":{"line":50,"column":44},"end":{"line":50,"column":null}}],"line":50},"3":{"loc":{"start":{"line":51,"column":16},"end":{"line":51,"column":null}},"type":"binary-expr","locations":[{"start":{"line":51,"column":16},"end":{"line":51,"column":46}},{"start":{"line":51,"column":46},"end":{"line":51,"column":null}}],"line":51},"4":{"loc":{"start":{"line":56,"column":2},"end":{"line":75,"column":null}},"type":"if","locations":[{"start":{"line":56,"column":2},"end":{"line":75,"column":null}},{"start":{"line":67,"column":9},"end":{"line":75,"column":null}}],"line":56},"5":{"loc":{"start":{"line":60,"column":11},"end":{"line":60,"column":null}},"type":"cond-expr","locations":[{"start":{"line":60,"column":29},"end":{"line":60,"column":55}},{"start":{"line":60,"column":55},"end":{"line":60,"column":null}}],"line":60},"6":{"loc":{"start":{"line":64,"column":4},"end":{"line":66,"column":null}},"type":"if","locations":[{"start":{"line":64,"column":4},"end":{"line":66,"column":null}},{"start":{},"end":{}}],"line":64},"7":{"loc":{"start":{"line":65,"column":35},"end":{"line":65,"column":67}},"type":"binary-expr","locations":[{"start":{"line":65,"column":35},"end":{"line":65,"column":62}},{"start":{"line":65,"column":62},"end":{"line":65,"column":67}}],"line":65},"8":{"loc":{"start":{"line":71,"column":11},"end":{"line":71,"column":null}},"type":"cond-expr","locations":[{"start":{"line":71,"column":29},"end":{"line":71,"column":55}},{"start":{"line":71,"column":55},"end":{"line":71,"column":null}}],"line":71},"9":{"loc":{"start":{"line":74,"column":43},"end":{"line":74,"column":75}},"type":"binary-expr","locations":[{"start":{"line":74,"column":43},"end":{"line":74,"column":70}},{"start":{"line":74,"column":70},"end":{"line":74,"column":75}}],"line":74},"10":{"loc":{"start":{"line":90,"column":61},"end":{"line":90,"column":120}},"type":"default-arg","locations":[{"start":{"line":90,"column":81},"end":{"line":90,"column":120}}],"line":90},"11":{"loc":{"start":{"line":94,"column":18},"end":{"line":99,"column":null}},"type":"binary-expr","locations":[{"start":{"line":94,"column":18},"end":{"line":94,"column":48}},{"start":{"line":94,"column":48},"end":{"line":99,"column":null}}],"line":94},"12":{"loc":{"start":{"line":105,"column":8},"end":{"line":105,"column":null}},"type":"if","locations":[{"start":{"line":105,"column":8},"end":{"line":105,"column":null}},{"start":{},"end":{}}],"line":105},"13":{"loc":{"start":{"line":111,"column":49},"end":{"line":111,"column":null}},"type":"binary-expr","locations":[{"start":{"line":111,"column":49},"end":{"line":111,"column":70}},{"start":{"line":111,"column":70},"end":{"line":111,"column":null}}],"line":111},"14":{"loc":{"start":{"line":119,"column":8},"end":{"line":119,"column":null}},"type":"if","locations":[{"start":{"line":119,"column":8},"end":{"line":119,"column":null}},{"start":{},"end":{}}],"line":119},"15":{"loc":{"start":{"line":122,"column":8},"end":{"line":128,"column":null}},"type":"if","locations":[{"start":{"line":122,"column":8},"end":{"line":128,"column":null}},{"start":{},"end":{}}],"line":122},"16":{"loc":{"start":{"line":125,"column":23},"end":{"line":125,"column":null}},"type":"binary-expr","locations":[{"start":{"line":125,"column":23},"end":{"line":125,"column":33}},{"start":{"line":125,"column":33},"end":{"line":125,"column":null}}],"line":125},"17":{"loc":{"start":{"line":127,"column":12},"end":{"line":127,"column":null}},"type":"if","locations":[{"start":{"line":127,"column":12},"end":{"line":127,"column":null}},{"start":{},"end":{}}],"line":127},"18":{"loc":{"start":{"line":136,"column":4},"end":{"line":145,"column":null}},"type":"if","locations":[{"start":{"line":136,"column":4},"end":{"line":145,"column":null}},{"start":{"line":139,"column":4},"end":{"line":145,"column":null}}],"line":136},"19":{"loc":{"start":{"line":136,"column":8},"end":{"line":136,"column":44}},"type":"binary-expr","locations":[{"start":{"line":136,"column":8},"end":{"line":136,"column":32}},{"start":{"line":136,"column":32},"end":{"line":136,"column":44}}],"line":136},"20":{"loc":{"start":{"line":139,"column":4},"end":{"line":145,"column":null}},"type":"if","locations":[{"start":{"line":139,"column":4},"end":{"line":145,"column":null}},{"start":{"line":142,"column":11},"end":{"line":145,"column":null}}],"line":139},"21":{"loc":{"start":{"line":149,"column":21},"end":{"line":149,"column":null}},"type":"binary-expr","locations":[{"start":{"line":149,"column":21},"end":{"line":149,"column":48}},{"start":{"line":149,"column":48},"end":{"line":149,"column":null}}],"line":149},"22":{"loc":{"start":{"line":152,"column":4},"end":{"line":154,"column":null}},"type":"if","locations":[{"start":{"line":152,"column":4},"end":{"line":154,"column":null}},{"start":{},"end":{}}],"line":152},"23":{"loc":{"start":{"line":152,"column":8},"end":{"line":152,"column":52}},"type":"binary-expr","locations":[{"start":{"line":152,"column":8},"end":{"line":152,"column":22}},{"start":{"line":152,"column":22},"end":{"line":152,"column":52}}],"line":152}},"s":{"0":3,"1":9,"2":9,"3":54,"4":9,"5":14,"6":14,"7":4,"8":14,"9":14,"10":14,"11":49,"12":14,"13":14,"14":14,"15":14,"16":14,"17":14,"18":10,"19":10,"20":10,"21":10,"22":4,"23":4,"24":4,"25":4,"26":4,"27":14,"28":14,"29":14,"30":14,"31":14,"32":9,"33":9,"34":54,"35":54,"36":9,"37":54,"38":49,"39":5,"40":5,"41":5,"42":54,"43":9,"44":54,"45":5,"46":49,"47":44,"48":44,"49":44,"50":44,"51":29,"52":20,"53":9,"54":9,"55":1,"56":8,"57":8,"58":12,"59":0,"60":9,"61":9,"62":9,"63":1,"64":9},"f":{"0":9,"1":54,"2":14,"3":49,"4":9,"5":54,"6":54,"7":54,"8":44,"9":12},"b":{"0":[4,10],"1":[14,7],"2":[14,7],"3":[14,7],"4":[10,4],"5":[9,1],"6":[4,6],"7":[4,4],"8":[3,1],"9":[4,4],"10":[9],"11":[54,24],"12":[49,5],"13":[5,5],"14":[5,49],"15":[44,5],"16":[44,35],"17":[29,15],"18":[1,8],"19":[9,2],"20":[8,0],"21":[9,2],"22":[1,8],"23":[9,7]},"meta":{"lastBranch":24,"lastFunction":10,"lastStatement":65,"seen":{"s:6:19:6:Infinity":0,"f:8:16:8:35":0,"s:9:30:12:Infinity":1,"s:14:2:21:Infinity":2,"f:14:21:14:30":1,"s:15:4:20:Infinity":3,"s:22:2:22:Infinity":4,"f:25:16:25:35":2,"s:26:19:26:Infinity":5,"b:28:2:36:Infinity:undefined:undefined:undefined:undefined":0,"s:28:2:36:Infinity":6,"s:30:4:35:Infinity":7,"s:38:19:41:Infinity":8,"s:42:24:42:Infinity":9,"s:47:19:47:Infinity":10,"f:47:35:47:40":3,"s:47:40:47:64":11,"s:49:23:49:Infinity":12,"b:49:23:49:60:49:60:49:Infinity":1,"s:50:15:50:Infinity":13,"b:50:15:50:44:50:44:50:Infinity":2,"s:51:16:51:Infinity":14,"b:51:16:51:46:51:46:51:Infinity":3,"s:53:19:53:Infinity":15,"s:54:13:54:Infinity":16,"b:56:2:75:Infinity:67:9:75:Infinity":4,"s:56:2:75:Infinity":17,"s:58:22:58:Infinity":18,"s:59:25:59:Infinity":19,"s:60:4:60:Infinity":20,"b:60:29:60:55:60:55:60:Infinity":5,"b:64:4:66:Infinity:undefined:undefined:undefined:undefined":6,"s:64:4:66:Infinity":21,"s:65:8:65:Infinity":22,"b:65:35:65:62:65:62:65:67":7,"s:69:22:69:Infinity":23,"s:70:25:70:Infinity":24,"s:71:4:71:Infinity":25,"b:71:29:71:55:71:55:71:Infinity":8,"s:74:4:74:Infinity":26,"b:74:43:74:70:74:70:74:75":9,"s:78:2:78:Infinity":27,"s:81:2:81:Infinity":28,"s:83:2:83:Infinity":29,"s:85:2:85:Infinity":30,"s:87:2:87:Infinity":31,"f:90:22:90:40":4,"b:90:81:90:120":10,"s:91:16:91:Infinity":32,"s:93:28:101:Infinity":33,"f:93:43:93:52":5,"s:94:18:99:Infinity":34,"b:94:18:94:48:94:48:99:Infinity":11,"s:100:8:100:Infinity":35,"s:104:22:114:Infinity":36,"f:104:45:104:50":6,"b:105:8:105:Infinity:undefined:undefined:undefined:undefined":12,"s:105:8:105:Infinity":37,"s:105:39:105:Infinity":38,"s:107:30:107:Infinity":39,"s:108:14:108:Infinity":40,"s:111:38:111:Infinity":41,"b:111:49:111:70:111:70:111:Infinity":13,"s:113:8:113:Infinity":42,"s:118:26:130:Infinity":43,"f:118:49:118:54":7,"b:119:8:119:Infinity:undefined:undefined:undefined:undefined":14,"s:119:8:119:Infinity":44,"s:119:40:119:Infinity":45,"b:122:8:128:Infinity:undefined:undefined:undefined:undefined":15,"s:122:8:128:Infinity":46,"s:123:34:126:Infinity":47,"f:123:56:123:63":8,"s:124:31:124:Infinity":48,"s:125:16:125:Infinity":49,"b:125:23:125:33:125:33:125:Infinity":16,"b:127:12:127:Infinity:undefined:undefined:undefined:undefined":17,"s:127:12:127:Infinity":50,"s:127:32:127:Infinity":51,"s:129:8:129:Infinity":52,"s:134:17:134:Infinity":53,"b:136:4:145:Infinity:139:4:145:Infinity":18,"s:136:4:145:Infinity":54,"b:136:8:136:32:136:32:136:44":19,"s:138:8:138:Infinity":55,"b:139:4:145:Infinity:142:11:145:Infinity":20,"s:139:4:145:Infinity":56,"s:141:8:141:Infinity":57,"f:141:41:141:42":9,"s:141:51:141:92":58,"s:144:8:144:Infinity":59,"s:148:23:148:Infinity":60,"s:149:21:149:Infinity":61,"b:149:21:149:48:149:48:149:Infinity":21,"b:152:4:154:Infinity:undefined:undefined:undefined:undefined":22,"s:152:4:154:Infinity":62,"b:152:8:152:22:152:22:152:52":23,"s:153:8:153:Infinity":63,"s:158:4:158:Infinity":64}}}
,"C:\\Users\\dmedl\\Projects\\MathFlow\\src\\domain\\skills\\grade4-decimals.ts": {"path":"C:\\Users\\dmedl\\Projects\\MathFlow\\src\\domain\\skills\\grade4-decimals.ts","statementMap":{"0":{"start":{"line":5,"column":18},"end":{"line":5,"column":null}},"1":{"start":{"line":5,"column":81},"end":{"line":5,"column":null}},"2":{"start":{"line":8,"column":29},"end":{"line":36,"column":null}},"3":{"start":{"line":8,"column":90},"end":{"line":36,"column":null}},"4":{"start":{"line":40,"column":45},"end":{"line":53,"column":null}},"5":{"start":{"line":55,"column":51},"end":{"line":129,"column":null}},"6":{"start":{"line":63,"column":29},"end":{"line":63,"column":null}},"7":{"start":{"line":64,"column":20},"end":{"line":64,"column":null}},"8":{"start":{"line":67,"column":8},"end":{"line":74,"column":null}},"9":{"start":{"line":68,"column":12},"end":{"line":68,"column":null}},"10":{"start":{"line":73,"column":12},"end":{"line":73,"column":null}},"11":{"start":{"line":77,"column":14},"end":{"line":77,"column":null}},"12":{"start":{"line":79,"column":8},"end":{"line":127,"column":null}},"13":{"start":{"line":133,"column":44},"end":{"line":146,"column":null}},"14":{"start":{"line":148,"column":53},"end":{"line":276,"column":null}},"15":{"start":{"line":161,"column":8},"end":{"line":186,"column":null}},"16":{"start":{"line":163,"column":34},"end":{"line":163,"column":null}},"17":{"start":{"line":164,"column":24},"end":{"line":164,"column":null}},"18":{"start":{"line":165,"column":24},"end":{"line":165,"column":null}},"19":{"start":{"line":167,"column":12},"end":{"line":167,"column":null}},"20":{"start":{"line":168,"column":12},"end":{"line":170,"column":null}},"21":{"start":{"line":169,"column":16},"end":{"line":169,"column":null}},"22":{"start":{"line":172,"column":12},"end":{"line":172,"column":null}},"23":{"start":{"line":173,"column":12},"end":{"line":173,"column":null}},"24":{"start":{"line":179,"column":25},"end":{"line":179,"column":null}},"25":{"start":{"line":180,"column":25},"end":{"line":180,"column":null}},"26":{"start":{"line":182,"column":12},"end":{"line":182,"column":null}},"27":{"start":{"line":183,"column":12},"end":{"line":183,"column":null}},"28":{"start":{"line":188,"column":19},"end":{"line":188,"column":null}},"29":{"start":{"line":189,"column":19},"end":{"line":189,"column":null}},"30":{"start":{"line":191,"column":25},"end":{"line":191,"column":null}},"31":{"start":{"line":192,"column":8},"end":{"line":192,"column":null}},"32":{"start":{"line":192,"column":21},"end":{"line":192,"column":null}},"33":{"start":{"line":193,"column":8},"end":{"line":193,"column":null}},"34":{"start":{"line":193,"column":21},"end":{"line":193,"column":null}},"35":{"start":{"line":202,"column":26},"end":{"line":202,"column":null}},"36":{"start":{"line":203,"column":26},"end":{"line":203,"column":null}},"37":{"start":{"line":205,"column":40},"end":{"line":205,"column":null}},"38":{"start":{"line":207,"column":8},"end":{"line":222,"column":null}},"39":{"start":{"line":215,"column":13},"end":{"line":215,"column":null}},"40":{"start":{"line":216,"column":8},"end":{"line":222,"column":null}},"41":{"start":{"line":221,"column":13},"end":{"line":221,"column":null}},"42":{"start":{"line":225,"column":31},"end":{"line":225,"column":null}},"43":{"start":{"line":226,"column":8},"end":{"line":239,"column":null}},"44":{"start":{"line":227,"column":12},"end":{"line":238,"column":null}},"45":{"start":{"line":241,"column":8},"end":{"line":274,"column":null}},"46":{"start":{"line":278,"column":0},"end":{"line":278,"column":null}}},"fnMap":{"0":{"name":"(anonymous_0)","decl":{"start":{"line":5,"column":18},"end":{"line":5,"column":19}},"loc":{"start":{"line":5,"column":81},"end":{"line":5,"column":null}},"line":5},"1":{"name":"(anonymous_1)","decl":{"start":{"line":8,"column":29},"end":{"line":8,"column":30}},"loc":{"start":{"line":8,"column":90},"end":{"line":36,"column":null}},"line":8},"2":{"name":"(anonymous_2)","decl":{"start":{"line":58,"column":14},"end":{"line":58,"column":15}},"loc":{"start":{"line":58,"column":75},"end":{"line":128,"column":null}},"line":58},"3":{"name":"(anonymous_3)","decl":{"start":{"line":151,"column":14},"end":{"line":151,"column":15}},"loc":{"start":{"line":151,"column":75},"end":{"line":275,"column":null}},"line":151}},"branchMap":{"0":{"loc":{"start":{"line":5,"column":45},"end":{"line":5,"column":81}},"type":"default-arg","locations":[{"start":{"line":5,"column":65},"end":{"line":5,"column":81}}],"line":5},"1":{"loc":{"start":{"line":12,"column":16},"end":{"line":12,"column":null}},"type":"binary-expr","locations":[{"start":{"line":12,"column":16},"end":{"line":12,"column":39}},{"start":{"line":12,"column":39},"end":{"line":12,"column":null}}],"line":12},"2":{"loc":{"start":{"line":64,"column":20},"end":{"line":64,"column":null}},"type":"cond-expr","locations":[{"start":{"line":64,"column":35},"end":{"line":64,"column":41}},{"start":{"line":64,"column":41},"end":{"line":64,"column":null}}],"line":64},"3":{"loc":{"start":{"line":67,"column":8},"end":{"line":74,"column":null}},"type":"if","locations":[{"start":{"line":67,"column":8},"end":{"line":74,"column":null}},{"start":{"line":72,"column":15},"end":{"line":74,"column":null}}],"line":67},"4":{"loc":{"start":{"line":90,"column":33},"end":{"line":90,"column":null}},"type":"cond-expr","locations":[{"start":{"line":90,"column":48},"end":{"line":90,"column":57}},{"start":{"line":90,"column":57},"end":{"line":90,"column":null}}],"line":90},"5":{"loc":{"start":{"line":99,"column":37},"end":{"line":101,"column":null}},"type":"cond-expr","locations":[{"start":{"line":100,"column":30},"end":{"line":100,"column":null}},{"start":{"line":101,"column":30},"end":{"line":101,"column":null}}],"line":99},"6":{"loc":{"start":{"line":103,"column":32},"end":{"line":103,"column":null}},"type":"cond-expr","locations":[{"start":{"line":103,"column":47},"end":{"line":103,"column":56}},{"start":{"line":103,"column":56},"end":{"line":103,"column":null}}],"line":103},"7":{"loc":{"start":{"line":119,"column":32},"end":{"line":119,"column":null}},"type":"cond-expr","locations":[{"start":{"line":119,"column":47},"end":{"line":119,"column":60}},{"start":{"line":119,"column":60},"end":{"line":119,"column":null}}],"line":119},"8":{"loc":{"start":{"line":161,"column":8},"end":{"line":186,"column":null}},"type":"if","locations":[{"start":{"line":161,"column":8},"end":{"line":186,"column":null}},{"start":{"line":174,"column":15},"end":{"line":186,"column":null}}],"line":161},"9":{"loc":{"start":{"line":164,"column":24},"end":{"line":164,"column":null}},"type":"cond-expr","locations":[{"start":{"line":164,"column":40},"end":{"line":164,"column":45}},{"start":{"line":164,"column":45},"end":{"line":164,"column":null}}],"line":164},"10":{"loc":{"start":{"line":165,"column":24},"end":{"line":165,"column":null}},"type":"cond-expr","locations":[{"start":{"line":165,"column":40},"end":{"line":165,"column":46}},{"start":{"line":165,"column":46},"end":{"line":165,"column":null}}],"line":165},"11":{"loc":{"start":{"line":172,"column":38},"end":{"line":172,"column":59}},"type":"cond-expr","locations":[{"start":{"line":172,"column":54},"end":{"line":172,"column":58}},{"start":{"line":172,"column":58},"end":{"line":172,"column":59}}],"line":172},"12":{"loc":{"start":{"line":173,"column":38},"end":{"line":173,"column":59}},"type":"cond-expr","locations":[{"start":{"line":173,"column":54},"end":{"line":173,"column":58}},{"start":{"line":173,"column":58},"end":{"line":173,"column":59}}],"line":173},"13":{"loc":{"start":{"line":192,"column":8},"end":{"line":192,"column":null}},"type":"if","locations":[{"start":{"line":192,"column":8},"end":{"line":192,"column":null}},{"start":{},"end":{}}],"line":192},"14":{"loc":{"start":{"line":193,"column":8},"end":{"line":193,"column":null}},"type":"if","locations":[{"start":{"line":193,"column":8},"end":{"line":193,"column":null}},{"start":{},"end":{}}],"line":193},"15":{"loc":{"start":{"line":207,"column":8},"end":{"line":222,"column":null}},"type":"if","locations":[{"start":{"line":207,"column":8},"end":{"line":222,"column":null}},{"start":{"line":216,"column":8},"end":{"line":222,"column":null}}],"line":207},"16":{"loc":{"start":{"line":207,"column":12},"end":{"line":207,"column":34}},"type":"binary-expr","locations":[{"start":{"line":207,"column":12},"end":{"line":207,"column":25}},{"start":{"line":207,"column":25},"end":{"line":207,"column":34}}],"line":207},"17":{"loc":{"start":{"line":216,"column":8},"end":{"line":222,"column":null}},"type":"if","locations":[{"start":{"line":216,"column":8},"end":{"line":222,"column":null}},{"start":{},"end":{}}],"line":216},"18":{"loc":{"start":{"line":216,"column":19},"end":{"line":216,"column":41}},"type":"binary-expr","locations":[{"start":{"line":216,"column":19},"end":{"line":216,"column":32}},{"start":{"line":216,"column":32},"end":{"line":216,"column":41}}],"line":216},"19":{"loc":{"start":{"line":226,"column":8},"end":{"line":239,"column":null}},"type":"if","locations":[{"start":{"line":226,"column":8},"end":{"line":239,"column":null}},{"start":{},"end":{}}],"line":226}},"s":{"0":4,"1":10,"2":4,"3":6,"4":4,"5":4,"6":3,"7":3,"8":3,"9":1,"10":2,"11":3,"12":3,"13":4,"14":4,"15":3,"16":1,"17":1,"18":1,"19":1,"20":1,"21":1,"22":1,"23":1,"24":2,"25":2,"26":2,"27":2,"28":3,"29":3,"30":3,"31":3,"32":1,"33":3,"34":2,"35":3,"36":3,"37":3,"38":3,"39":0,"40":3,"41":2,"42":3,"43":3,"44":2,"45":3,"46":4},"f":{"0":10,"1":6,"2":3,"3":3},"b":{"0":[10],"1":[6,0],"2":[1,2],"3":[1,2],"4":[1,2],"5":[1,2],"6":[1,2],"7":[1,2],"8":[1,2],"9":[0,1],"10":[0,1],"11":[0,1],"12":[0,1],"13":[1,2],"14":[2,1],"15":[0,3],"16":[3,0],"17":[2,1],"18":[3,2],"19":[2,1]},"meta":{"lastBranch":20,"lastFunction":4,"lastStatement":47,"seen":{"s:5:18:5:Infinity":0,"f:5:18:5:19":0,"s:5:81:5:Infinity":1,"b:5:65:5:81":0,"s:8:29:36:Infinity":2,"f:8:29:8:30":1,"s:8:90:36:Infinity":3,"b:12:16:12:39:12:39:12:Infinity":1,"s:40:45:53:Infinity":4,"s:55:51:129:Infinity":5,"f:58:14:58:15":2,"s:63:29:63:Infinity":6,"s:64:20:64:Infinity":7,"b:64:35:64:41:64:41:64:Infinity":2,"b:67:8:74:Infinity:72:15:74:Infinity":3,"s:67:8:74:Infinity":8,"s:68:12:68:Infinity":9,"s:73:12:73:Infinity":10,"s:77:14:77:Infinity":11,"s:79:8:127:Infinity":12,"b:90:48:90:57:90:57:90:Infinity":4,"b:100:30:100:Infinity:101:30:101:Infinity":5,"b:103:47:103:56:103:56:103:Infinity":6,"b:119:47:119:60:119:60:119:Infinity":7,"s:133:44:146:Infinity":13,"s:148:53:276:Infinity":14,"f:151:14:151:15":3,"b:161:8:186:Infinity:174:15:186:Infinity":8,"s:161:8:186:Infinity":15,"s:163:34:163:Infinity":16,"s:164:24:164:Infinity":17,"b:164:40:164:45:164:45:164:Infinity":9,"s:165:24:165:Infinity":18,"b:165:40:165:46:165:46:165:Infinity":10,"s:167:12:167:Infinity":19,"s:168:12:170:Infinity":20,"s:169:16:169:Infinity":21,"s:172:12:172:Infinity":22,"b:172:54:172:58:172:58:172:59":11,"s:173:12:173:Infinity":23,"b:173:54:173:58:173:58:173:59":12,"s:179:25:179:Infinity":24,"s:180:25:180:Infinity":25,"s:182:12:182:Infinity":26,"s:183:12:183:Infinity":27,"s:188:19:188:Infinity":28,"s:189:19:189:Infinity":29,"s:191:25:191:Infinity":30,"b:192:8:192:Infinity:undefined:undefined:undefined:undefined":13,"s:192:8:192:Infinity":31,"s:192:21:192:Infinity":32,"b:193:8:193:Infinity:undefined:undefined:undefined:undefined":14,"s:193:8:193:Infinity":33,"s:193:21:193:Infinity":34,"s:202:26:202:Infinity":35,"s:203:26:203:Infinity":36,"s:205:40:205:Infinity":37,"b:207:8:222:Infinity:216:8:222:Infinity":15,"s:207:8:222:Infinity":38,"b:207:12:207:25:207:25:207:34":16,"s:215:13:215:Infinity":39,"b:216:8:222:Infinity:undefined:undefined:undefined:undefined":17,"s:216:8:222:Infinity":40,"b:216:19:216:32:216:32:216:41":18,"s:221:13:221:Infinity":41,"s:225:31:225:Infinity":42,"b:226:8:239:Infinity:undefined:undefined:undefined:undefined":19,"s:226:8:239:Infinity":43,"s:227:12:238:Infinity":44,"s:241:8:274:Infinity":45,"s:278:0:278:Infinity":46}}}
,"C:\\Users\\dmedl\\Projects\\MathFlow\\src\\domain\\skills\\grade4-fractions.ts": {"path":"C:\\Users\\dmedl\\Projects\\MathFlow\\src\\domain\\skills\\grade4-fractions.ts","statementMap":{"0":{"start":{"line":6,"column":18},"end":{"line":6,"column":null}},"1":{"start":{"line":6,"column":81},"end":{"line":6,"column":null}},"2":{"start":{"line":9,"column":29},"end":{"line":37,"column":null}},"3":{"start":{"line":9,"column":90},"end":{"line":37,"column":null}},"4":{"start":{"line":41,"column":44},"end":{"line":54,"column":null}},"5":{"start":{"line":56,"column":49},"end":{"line":125,"column":null}},"6":{"start":{"line":60,"column":20},"end":{"line":60,"column":null}},"7":{"start":{"line":61,"column":20},"end":{"line":61,"column":null}},"8":{"start":{"line":63,"column":21},"end":{"line":63,"column":null}},"9":{"start":{"line":64,"column":4},"end":{"line":68,"column":null}},"10":{"start":{"line":65,"column":8},"end":{"line":65,"column":null}},"11":{"start":{"line":67,"column":8},"end":{"line":67,"column":null}},"12":{"start":{"line":70,"column":22},"end":{"line":70,"column":null}},"13":{"start":{"line":71,"column":22},"end":{"line":71,"column":null}},"14":{"start":{"line":74,"column":17},"end":{"line":74,"column":null}},"15":{"start":{"line":75,"column":32},"end":{"line":75,"column":null}},"16":{"start":{"line":77,"column":4},"end":{"line":123,"column":null}},"17":{"start":{"line":127,"column":0},"end":{"line":127,"column":null}},"18":{"start":{"line":131,"column":47},"end":{"line":139,"column":null}},"19":{"start":{"line":141,"column":51},"end":{"line":196,"column":null}},"20":{"start":{"line":145,"column":23},"end":{"line":145,"column":null}},"21":{"start":{"line":146,"column":20},"end":{"line":146,"column":null}},"22":{"start":{"line":147,"column":21},"end":{"line":147,"column":null}},"23":{"start":{"line":148,"column":21},"end":{"line":148,"column":null}},"24":{"start":{"line":149,"column":26},"end":{"line":149,"column":null}},"25":{"start":{"line":151,"column":8},"end":{"line":194,"column":null}},"26":{"start":{"line":198,"column":0},"end":{"line":198,"column":null}},"27":{"start":{"line":202,"column":47},"end":{"line":215,"column":null}},"28":{"start":{"line":217,"column":51},"end":{"line":278,"column":null}},"29":{"start":{"line":221,"column":20},"end":{"line":221,"column":null}},"30":{"start":{"line":222,"column":20},"end":{"line":222,"column":null}},"31":{"start":{"line":223,"column":26},"end":{"line":223,"column":null}},"32":{"start":{"line":224,"column":21},"end":{"line":224,"column":null}},"33":{"start":{"line":225,"column":21},"end":{"line":225,"column":null}},"34":{"start":{"line":227,"column":8},"end":{"line":276,"column":null}},"35":{"start":{"line":280,"column":0},"end":{"line":280,"column":null}},"36":{"start":{"line":285,"column":47},"end":{"line":298,"column":null}},"37":{"start":{"line":300,"column":52},"end":{"line":350,"column":null}},"38":{"start":{"line":304,"column":24},"end":{"line":304,"column":null}},"39":{"start":{"line":305,"column":24},"end":{"line":305,"column":null}},"40":{"start":{"line":306,"column":24},"end":{"line":306,"column":null}},"41":{"start":{"line":307,"column":14},"end":{"line":307,"column":null}},"42":{"start":{"line":308,"column":26},"end":{"line":308,"column":null}},"43":{"start":{"line":309,"column":26},"end":{"line":309,"column":null}},"44":{"start":{"line":311,"column":27},"end":{"line":311,"column":null}},"45":{"start":{"line":312,"column":28},"end":{"line":312,"column":null}},"46":{"start":{"line":313,"column":28},"end":{"line":313,"column":null}},"47":{"start":{"line":315,"column":8},"end":{"line":348,"column":null}},"48":{"start":{"line":352,"column":0},"end":{"line":352,"column":null}}},"fnMap":{"0":{"name":"(anonymous_0)","decl":{"start":{"line":6,"column":18},"end":{"line":6,"column":19}},"loc":{"start":{"line":6,"column":81},"end":{"line":6,"column":null}},"line":6},"1":{"name":"(anonymous_1)","decl":{"start":{"line":9,"column":29},"end":{"line":9,"column":30}},"loc":{"start":{"line":9,"column":90},"end":{"line":37,"column":null}},"line":9},"2":{"name":"(anonymous_2)","decl":{"start":{"line":59,"column":12},"end":{"line":59,"column":13}},"loc":{"start":{"line":59,"column":73},"end":{"line":124,"column":null}},"line":59},"3":{"name":"(anonymous_3)","decl":{"start":{"line":144,"column":14},"end":{"line":144,"column":15}},"loc":{"start":{"line":144,"column":75},"end":{"line":195,"column":null}},"line":144},"4":{"name":"(anonymous_4)","decl":{"start":{"line":220,"column":14},"end":{"line":220,"column":15}},"loc":{"start":{"line":220,"column":75},"end":{"line":277,"column":null}},"line":220},"5":{"name":"(anonymous_5)","decl":{"start":{"line":303,"column":14},"end":{"line":303,"column":15}},"loc":{"start":{"line":303,"column":75},"end":{"line":349,"column":null}},"line":303}},"branchMap":{"0":{"loc":{"start":{"line":6,"column":45},"end":{"line":6,"column":81}},"type":"default-arg","locations":[{"start":{"line":6,"column":65},"end":{"line":6,"column":81}}],"line":6},"1":{"loc":{"start":{"line":13,"column":16},"end":{"line":13,"column":null}},"type":"binary-expr","locations":[{"start":{"line":13,"column":16},"end":{"line":13,"column":39}},{"start":{"line":13,"column":39},"end":{"line":13,"column":null}}],"line":13},"2":{"loc":{"start":{"line":64,"column":4},"end":{"line":68,"column":null}},"type":"if","locations":[{"start":{"line":64,"column":4},"end":{"line":68,"column":null}},{"start":{"line":66,"column":11},"end":{"line":68,"column":null}}],"line":64},"3":{"loc":{"start":{"line":145,"column":23},"end":{"line":145,"column":null}},"type":"cond-expr","locations":[{"start":{"line":145,"column":42},"end":{"line":145,"column":47}},{"start":{"line":145,"column":47},"end":{"line":145,"column":null}}],"line":145},"4":{"loc":{"start":{"line":221,"column":20},"end":{"line":221,"column":null}},"type":"cond-expr","locations":[{"start":{"line":221,"column":39},"end":{"line":221,"column":44}},{"start":{"line":221,"column":44},"end":{"line":221,"column":null}}],"line":221},"5":{"loc":{"start":{"line":304,"column":24},"end":{"line":304,"column":null}},"type":"cond-expr","locations":[{"start":{"line":304,"column":43},"end":{"line":304,"column":47}},{"start":{"line":304,"column":47},"end":{"line":304,"column":null}}],"line":304},"6":{"loc":{"start":{"line":311,"column":40},"end":{"line":311,"column":66}},"type":"cond-expr","locations":[{"start":{"line":311,"column":59},"end":{"line":311,"column":63}},{"start":{"line":311,"column":63},"end":{"line":311,"column":66}}],"line":311}},"s":{"0":6,"1":48,"2":6,"3":16,"4":6,"5":6,"6":10,"7":10,"8":10,"9":10,"10":0,"11":10,"12":10,"13":10,"14":10,"15":10,"16":10,"17":6,"18":6,"19":6,"20":0,"21":0,"22":0,"23":0,"24":0,"25":0,"26":6,"27":6,"28":6,"29":3,"30":3,"31":3,"32":3,"33":3,"34":3,"35":6,"36":6,"37":6,"38":3,"39":3,"40":3,"41":3,"42":3,"43":3,"44":3,"45":3,"46":3,"47":3,"48":6},"f":{"0":48,"1":16,"2":10,"3":0,"4":3,"5":3},"b":{"0":[48],"1":[16,0],"2":[0,10],"3":[0,0],"4":[2,1],"5":[2,1],"6":[2,1]},"meta":{"lastBranch":7,"lastFunction":6,"lastStatement":49,"seen":{"s:6:18:6:Infinity":0,"f:6:18:6:19":0,"s:6:81:6:Infinity":1,"b:6:65:6:81":0,"s:9:29:37:Infinity":2,"f:9:29:9:30":1,"s:9:90:37:Infinity":3,"b:13:16:13:39:13:39:13:Infinity":1,"s:41:44:54:Infinity":4,"s:56:49:125:Infinity":5,"f:59:12:59:13":2,"s:60:20:60:Infinity":6,"s:61:20:61:Infinity":7,"s:63:21:63:Infinity":8,"b:64:4:68:Infinity:66:11:68:Infinity":2,"s:64:4:68:Infinity":9,"s:65:8:65:Infinity":10,"s:67:8:67:Infinity":11,"s:70:22:70:Infinity":12,"s:71:22:71:Infinity":13,"s:74:17:74:Infinity":14,"s:75:32:75:Infinity":15,"s:77:4:123:Infinity":16,"s:127:0:127:Infinity":17,"s:131:47:139:Infinity":18,"s:141:51:196:Infinity":19,"f:144:14:144:15":3,"s:145:23:145:Infinity":20,"b:145:42:145:47:145:47:145:Infinity":3,"s:146:20:146:Infinity":21,"s:147:21:147:Infinity":22,"s:148:21:148:Infinity":23,"s:149:26:149:Infinity":24,"s:151:8:194:Infinity":25,"s:198:0:198:Infinity":26,"s:202:47:215:Infinity":27,"s:217:51:278:Infinity":28,"f:220:14:220:15":4,"s:221:20:221:Infinity":29,"b:221:39:221:44:221:44:221:Infinity":4,"s:222:20:222:Infinity":30,"s:223:26:223:Infinity":31,"s:224:21:224:Infinity":32,"s:225:21:225:Infinity":33,"s:227:8:276:Infinity":34,"s:280:0:280:Infinity":35,"s:285:47:298:Infinity":36,"s:300:52:350:Infinity":37,"f:303:14:303:15":5,"s:304:24:304:Infinity":38,"b:304:43:304:47:304:47:304:Infinity":5,"s:305:24:305:Infinity":39,"s:306:24:306:Infinity":40,"s:307:14:307:Infinity":41,"s:308:26:308:Infinity":42,"s:309:26:309:Infinity":43,"s:311:27:311:Infinity":44,"b:311:59:311:63:311:63:311:66":6,"s:312:28:312:Infinity":45,"s:313:28:313:Infinity":46,"s:315:8:348:Infinity":47,"s:352:0:352:Infinity":48}}}
,"C:\\Users\\dmedl\\Projects\\MathFlow\\src\\domain\\skills\\registry.ts": {"path":"C:\\Users\\dmedl\\Projects\\MathFlow\\src\\domain\\skills\\registry.ts","statementMap":{"0":{"start":{"line":5,"column":40},"end":{"line":12,"column":null}}},"fnMap":{},"branchMap":{},"s":{"0":3},"f":{},"b":{},"meta":{"lastBranch":0,"lastFunction":0,"lastStatement":1,"seen":{"s:5:40:12:Infinity":0}}}
,"C:\\Users\\dmedl\\Projects\\MathFlow\\src\\services\\LearnerService.ts": {"path":"C:\\Users\\dmedl\\Projects\\MathFlow\\src\\services\\LearnerService.ts","statementMap":{"0":{"start":{"line":12,"column":19},"end":{"line":12,"column":null}},"1":{"start":{"line":21,"column":8},"end":{"line":21,"column":null}},"2":{"start":{"line":21,"column":37},"end":{"line":21,"column":68}},"3":{"start":{"line":22,"column":8},"end":{"line":28,"column":null}},"4":{"start":{"line":24,"column":12},"end":{"line":24,"column":null}},"5":{"start":{"line":26,"column":12},"end":{"line":26,"column":null}},"6":{"start":{"line":27,"column":12},"end":{"line":27,"column":null}},"7":{"start":{"line":34,"column":14},"end":{"line":34,"column":null}},"8":{"start":{"line":35,"column":8},"end":{"line":35,"column":null}},"9":{"start":{"line":40,"column":14},"end":{"line":40,"column":null}},"10":{"start":{"line":41,"column":8},"end":{"line":41,"column":null}},"11":{"start":{"line":45,"column":21},"end":{"line":45,"column":null}},"12":{"start":{"line":46,"column":8},"end":{"line":46,"column":null}},"13":{"start":{"line":51,"column":23},"end":{"line":51,"column":null}},"14":{"start":{"line":53,"column":8},"end":{"line":53,"column":null}},"15":{"start":{"line":53,"column":21},"end":{"line":53,"column":null}},"16":{"start":{"line":56,"column":37},"end":{"line":61,"column":null}},"17":{"start":{"line":63,"column":8},"end":{"line":63,"column":null}}},"fnMap":{"0":{"name":"(anonymous_0)","decl":{"start":{"line":20,"column":18},"end":{"line":20,"column":37}},"loc":{"start":{"line":20,"column":58},"end":{"line":29,"column":null}},"line":20},"1":{"name":"(anonymous_1)","decl":{"start":{"line":21,"column":26},"end":{"line":21,"column":37}},"loc":{"start":{"line":21,"column":37},"end":{"line":21,"column":68}},"line":21},"2":{"name":"(anonymous_2)","decl":{"start":{"line":31,"column":10},"end":{"line":31,"column":20}},"loc":{"start":{"line":31,"column":59},"end":{"line":36,"column":null}},"line":31},"3":{"name":"(anonymous_3)","decl":{"start":{"line":38,"column":10},"end":{"line":38,"column":24}},"loc":{"start":{"line":38,"column":86},"end":{"line":42,"column":null}},"line":38},"4":{"name":"(anonymous_4)","decl":{"start":{"line":44,"column":10},"end":{"line":44,"column":28}},"loc":{"start":{"line":44,"column":75},"end":{"line":47,"column":null}},"line":44},"5":{"name":"(anonymous_5)","decl":{"start":{"line":49,"column":10},"end":{"line":49,"column":19}},"loc":{"start":{"line":49,"column":89},"end":{"line":64,"column":null}},"line":49}},"branchMap":{"0":{"loc":{"start":{"line":53,"column":8},"end":{"line":53,"column":null}},"type":"if","locations":[{"start":{"line":53,"column":8},"end":{"line":53,"column":null}},{"start":{},"end":{}}],"line":53}},"s":{"0":1,"1":9,"2":9,"3":9,"4":9,"5":0,"6":0,"7":4,"8":4,"9":2,"10":2,"11":2,"12":2,"13":1,"14":1,"15":0,"16":1,"17":1},"f":{"0":9,"1":9,"2":4,"3":2,"4":2,"5":1},"b":{"0":[0,1]},"meta":{"lastBranch":1,"lastFunction":6,"lastStatement":18,"seen":{"s:12:19:12:Infinity":0,"f:20:18:20:37":0,"s:21:8:21:Infinity":1,"f:21:26:21:37":1,"s:21:37:21:68":2,"s:22:8:28:Infinity":3,"s:24:12:24:Infinity":4,"s:26:12:26:Infinity":5,"s:27:12:27:Infinity":6,"f:31:10:31:20":2,"s:34:14:34:Infinity":7,"s:35:8:35:Infinity":8,"f:38:10:38:24":3,"s:40:14:40:Infinity":9,"s:41:8:41:Infinity":10,"f:44:10:44:28":4,"s:45:21:45:Infinity":11,"s:46:8:46:Infinity":12,"f:49:10:49:19":5,"s:51:23:51:Infinity":13,"b:53:8:53:Infinity:undefined:undefined:undefined:undefined":0,"s:53:8:53:Infinity":14,"s:53:21:53:Infinity":15,"s:56:37:61:Infinity":16,"s:63:8:63:Infinity":17}}}
,"C:\\Users\\dmedl\\Projects\\MathFlow\\src\\test\\testHelpers.ts": {"path":"C:\\Users\\dmedl\\Projects\\MathFlow\\src\\test\\testHelpers.ts","statementMap":{"0":{"start":{"line":3,"column":31},"end":{"line":7,"column":null}},"1":{"start":{"line":3,"column":89},"end":{"line":7,"column":null}},"2":{"start":{"line":9,"column":32},"end":{"line":15,"column":null}},"3":{"start":{"line":9,"column":86},"end":{"line":15,"column":null}},"4":{"start":{"line":20,"column":28},"end":{"line":20,"column":null}},"5":{"start":{"line":20,"column":34},"end":{"line":20,"column":null}}},"fnMap":{"0":{"name":"(anonymous_0)","decl":{"start":{"line":3,"column":31},"end":{"line":3,"column":32}},"loc":{"start":{"line":3,"column":89},"end":{"line":7,"column":null}},"line":3},"1":{"name":"(anonymous_1)","decl":{"start":{"line":9,"column":32},"end":{"line":9,"column":33}},"loc":{"start":{"line":9,"column":86},"end":{"line":15,"column":null}},"line":9},"2":{"name":"(anonymous_2)","decl":{"start":{"line":20,"column":28},"end":{"line":20,"column":34}},"loc":{"start":{"line":20,"column":34},"end":{"line":20,"column":null}},"line":20}},"branchMap":{"0":{"loc":{"start":{"line":3,"column":32},"end":{"line":3,"column":89}},"type":"default-arg","locations":[{"start":{"line":3,"column":67},"end":{"line":3,"column":89}}],"line":3},"1":{"loc":{"start":{"line":9,"column":33},"end":{"line":9,"column":86}},"type":"default-arg","locations":[{"start":{"line":9,"column":66},"end":{"line":9,"column":86}}],"line":9}},"s":{"0":1,"1":11,"2":1,"3":21,"4":1,"5":1},"f":{"0":11,"1":21,"2":1},"b":{"0":[11],"1":[21]},"meta":{"lastBranch":2,"lastFunction":3,"lastStatement":6,"seen":{"s:3:31:7:Infinity":0,"f:3:31:3:32":0,"s:3:89:7:Infinity":1,"b:3:67:3:89":0,"s:9:32:15:Infinity":2,"f:9:32:9:33":1,"s:9:86:15:Infinity":3,"b:9:66:9:86":1,"s:20:28:20:Infinity":4,"f:20:28:20:34":2,"s:20:34:20:Infinity":5}}}
}
